2021-06-05 09:15:23,134:INFO:PyCaret Supervised Module
2021-06-05 09:15:23,134:INFO:ML Usecase: regression
2021-06-05 09:15:23,134:INFO:version 2.3.1
2021-06-05 09:15:23,134:INFO:Initializing setup()
2021-06-05 09:15:23,134:INFO:setup(target=5d_close_future_pct, ml_usecase=regression, available_plots={'parameter': 'Hyperparameters', 'residuals': 'Residuals', 'error': 'Prediction Error', 'cooks': 'Cooks Distance', 'rfe': 'Feature Selection', 'learning': 'Learning Curve', 'manifold': 'Manifold Learning', 'vc': 'Validation Curve', 'feature': 'Feature Importance', 'feature_all': 'Feature Importance (All)', 'tree': 'Decision Tree', 'residuals_interactive': 'Interactive Residuals'}, train_size=0.7, test_data=None, preprocess=True, imputation_type=simple, iterative_imputation_iters=5, categorical_features=None, categorical_imputation=constant, categorical_iterative_imputer=lightgbm, ordinal_features=None, high_cardinality_features=None, high_cardinality_method=frequency, numeric_features=None, numeric_imputation=mean, numeric_iterative_imputer=lightgbm, date_features=None, ignore_features=None, normalize=False, normalize_method=zscore, transformation=False, transformation_method=yeo-johnson, handle_unknown_categorical=True, unknown_categorical_method=least_frequent, pca=False, pca_method=linear, pca_components=None, ignore_low_variance=False, combine_rare_levels=False, rare_level_threshold=0.1, bin_numeric_features=None, remove_outliers=False, outliers_threshold=0.05, remove_multicollinearity=False, multicollinearity_threshold=0.9, remove_perfect_collinearity=True, create_clusters=False, cluster_iter=20, polynomial_features=False, polynomial_degree=2, trigonometry_features=False, polynomial_threshold=0.1, group_features=None, group_names=None, feature_selection=False, feature_selection_threshold=0.8, feature_selection_method=classic, feature_interaction=False, feature_ratio=False, interaction_threshold=0.01, fix_imbalance=False, fix_imbalance_method=None, transform_target=False, transform_target_method=box-cox, data_split_shuffle=True, data_split_stratify=False, fold_strategy=kfold, fold=10, fold_shuffle=False, fold_groups=None, n_jobs=-1, use_gpu=False, custom_pipeline=None, html=True, session_id=123, log_experiment=False, experiment_name=None, log_plots=False, log_profile=False, log_data=False, silent=False, verbose=True, profile=False, profile_kwargs=None, display=None)
2021-06-05 09:15:23,134:INFO:Checking environment
2021-06-05 09:15:23,134:INFO:python_version: 3.7.10
2021-06-05 09:15:23,134:INFO:python_build: ('default', 'Feb 26 2021 10:16:00')
2021-06-05 09:15:23,134:INFO:machine: x86_64
2021-06-05 09:15:23,159:INFO:platform: Darwin-20.5.0-x86_64-i386-64bit
2021-06-05 09:15:23,160:WARNING:cannot find psutil installation. memory not traceable. Install psutil using pip to enable memory logging.
2021-06-05 09:15:23,160:INFO:Checking libraries
2021-06-05 09:15:23,160:INFO:pd==1.2.4
2021-06-05 09:15:23,160:INFO:numpy==1.20.2
2021-06-05 09:15:23,160:INFO:sklearn==0.24.1
2021-06-05 09:15:23,160:INFO:lightgbm==3.2.1
2021-06-05 09:15:23,160:WARNING:catboost not found
2021-06-05 09:15:23,160:WARNING:xgboost not found
2021-06-05 09:15:23,579:INFO:mlflow==1.17.0
2021-06-05 09:15:23,580:INFO:Checking Exceptions
2021-06-05 09:15:23,580:INFO:Declaring global variables
2021-06-05 09:15:23,580:INFO:USI: 1889
2021-06-05 09:15:23,580:INFO:pycaret_globals: {'seed', 'iterative_imputation_iters_param', '_ml_usecase', 'pycaret_globals', 'master_model_container', '_all_metrics', 'fold_generator', 'target_param', 'transform_target_param', 'imputation_classifier', 'display_container', 'gpu_param', 'stratify_param', '_available_plots', 'experiment__', '_all_models', 'fold_param', 'fold_groups_param_full', 'X_test', 'X_train', 'log_plots_param', 'logging_param', 'transform_target_method_param', 'X', 'fix_imbalance_param', 'fix_imbalance_method_param', 'data_before_preprocess', 'prep_pipe', 'y_train', 'USI', 'create_model_container', '_all_models_internal', '_internal_pipeline', 'imputation_regressor', '_gpu_n_jobs_param', 'html_param', 'exp_name_log', 'fold_shuffle_param', 'n_jobs_param', 'y_test', 'fold_groups_param', 'y'}
2021-06-05 09:15:23,580:INFO:Preparing display monitor
2021-06-05 09:15:23,580:INFO:Preparing display monitor
2021-06-05 09:15:23,590:INFO:Importing libraries
2021-06-05 09:15:23,590:INFO:Copying data for preprocessing
2021-06-05 09:15:23,596:INFO:Declaring preprocessing parameters
2021-06-05 09:15:23,597:INFO:Creating preprocessing pipeline
2021-06-05 09:15:23,613:INFO:Preprocessing pipeline created successfully
2021-06-05 09:15:23,613:ERROR:(Process Exit): setup has been interupted with user command 'quit'. setup must rerun.
2021-06-05 09:15:23,613:INFO:Creating global containers
2021-06-05 09:15:23,614:INFO:Internal pipeline: Pipeline(memory=None, steps=[('empty_step', 'passthrough')], verbose=False)
2021-06-05 09:16:13,604:WARNING:Couldn't import xgboost.XGBRegressor
2021-06-05 09:16:13,604:WARNING:Couldn't import catboost.CatBoostRegressor
2021-06-05 09:16:13,691:WARNING:Couldn't import xgboost.XGBRegressor
2021-06-05 09:16:13,691:WARNING:Couldn't import catboost.CatBoostRegressor
2021-06-05 09:16:13,691:INFO:Creating grid variables
2021-06-05 09:16:13,703:INFO:create_model_container: 0
2021-06-05 09:16:13,703:INFO:master_model_container: 0
2021-06-05 09:16:13,703:INFO:display_container: 1
2021-06-05 09:16:35,602:INFO:Initializing compare_models()
2021-06-05 09:16:35,603:INFO:compare_models(include=None, fold=None, round=4, cross_validation=True, sort=R2, n_select=1, budget_time=None, turbo=True, errors=ignore, fit_kwargs=None, groups=None, verbose=True, display=None, exclude=None)
2021-06-05 09:16:35,603:INFO:Checking exceptions
2021-06-05 09:16:35,604:INFO:Preparing display monitor
2021-06-05 09:16:35,604:INFO:Preparing display monitor
2021-06-05 09:16:35,643:INFO:Initializing Linear Regression
2021-06-05 09:16:35,643:INFO:Total runtime is 3.846486409505208e-06 minutes
2021-06-05 09:16:35,651:INFO:SubProcess create_model() called ==================================
2021-06-05 09:16:35,651:INFO:Initializing create_model()
2021-06-05 09:16:35,651:INFO:create_model(estimator=lr, fold=KFold(n_splits=10, random_state=None, shuffle=False), round=4, cross_validation=True, predict=True, fit_kwargs={}, groups=None, refit=False, verbose=False, system=False, metrics=None, display=<pycaret.internal.Display.Display object at 0x7fc439a56890>, kwargs={})
2021-06-05 09:16:35,652:INFO:Checking exceptions
2021-06-05 09:16:35,652:INFO:Importing libraries
2021-06-05 09:16:35,652:INFO:Copying training dataset
2021-06-05 09:16:35,652:INFO:Defining folds
2021-06-05 09:16:35,653:INFO:Declaring metric variables
2021-06-05 09:16:35,660:INFO:Importing untrained model
2021-06-05 09:16:35,668:INFO:Linear Regression Imported succesfully
2021-06-05 09:16:35,679:INFO:Starting cross validation
2021-06-05 09:16:35,683:INFO:Cross validating with KFold(n_splits=10, random_state=None, shuffle=False), n_jobs=-1
2021-06-05 09:16:43,170:WARNING:create_model() for lr raised an exception or returned all 0.0, trying without fit_kwargs:
2021-06-05 09:16:43,175:WARNING:joblib.externals.loky.process_executor._RemoteTraceback: 
"""
Traceback (most recent call last):
  File "/Users/lavi/opt/anaconda3/envs/stock02/lib/python3.7/site-packages/joblib/externals/loky/process_executor.py", line 404, in _process_worker
    call_item = call_queue.get(block=True, timeout=timeout)
  File "/Users/lavi/opt/anaconda3/envs/stock02/lib/python3.7/multiprocessing/queues.py", line 113, in get
    return _ForkingPickler.loads(res)
AttributeError: Can't get attribute '_FuncWrapper' on <module 'sklearn.utils.fixes' from '/Users/lavi/opt/anaconda3/envs/stock02/lib/python3.7/site-packages/sklearn/utils/fixes.py'>
"""

The above exception was the direct cause of the following exception:

Traceback (most recent call last):
  File "/Users/lavi/opt/anaconda3/envs/stock02/lib/python3.7/site-packages/pycaret/internal/tabular.py", line 2176, in compare_models
    refit=False,
  File "/Users/lavi/opt/anaconda3/envs/stock02/lib/python3.7/site-packages/pycaret/internal/tabular.py", line 3125, in create_model_supervised
    error_score=0,
  File "/Users/lavi/opt/anaconda3/envs/stock02/lib/python3.7/site-packages/sklearn/utils/validation.py", line 63, in inner_f
    # ignore first 'self' argument for instance methods
  File "/Users/lavi/opt/anaconda3/envs/stock02/lib/python3.7/site-packages/sklearn/model_selection/_validation.py", line 252, in cross_validate
    train_scores = zipped_scores.pop(0)
  File "/Users/lavi/opt/anaconda3/envs/stock02/lib/python3.7/site-packages/joblib/parallel.py", line 1054, in __call__
    self.retrieve()
  File "/Users/lavi/opt/anaconda3/envs/stock02/lib/python3.7/site-packages/joblib/parallel.py", line 933, in retrieve
    self._output.extend(job.get(timeout=self.timeout))
  File "/Users/lavi/opt/anaconda3/envs/stock02/lib/python3.7/site-packages/joblib/_parallel_backends.py", line 542, in wrap_future_result
    return future.result(timeout=timeout)
  File "/Users/lavi/opt/anaconda3/envs/stock02/lib/python3.7/concurrent/futures/_base.py", line 435, in result
    return self.__get_result()
  File "/Users/lavi/opt/anaconda3/envs/stock02/lib/python3.7/concurrent/futures/_base.py", line 384, in __get_result
    raise self._exception
joblib.externals.loky.process_executor.BrokenProcessPool: A task has failed to un-serialize. Please ensure that the arguments of the function are all picklable.

2021-06-05 09:16:43,175:INFO:Initializing create_model()
2021-06-05 09:16:43,175:INFO:create_model(estimator=lr, fold=KFold(n_splits=10, random_state=None, shuffle=False), round=4, cross_validation=True, predict=True, fit_kwargs=None, groups=None, refit=False, verbose=False, system=False, metrics=None, display=<pycaret.internal.Display.Display object at 0x7fc439a56890>, kwargs={})
2021-06-05 09:16:43,175:INFO:Checking exceptions
2021-06-05 09:16:43,175:INFO:Importing libraries
2021-06-05 09:16:43,175:INFO:Copying training dataset
2021-06-05 09:16:43,177:INFO:Defining folds
2021-06-05 09:16:43,177:INFO:Declaring metric variables
2021-06-05 09:16:43,183:INFO:Importing untrained model
2021-06-05 09:16:43,188:INFO:Linear Regression Imported succesfully
2021-06-05 09:16:43,198:INFO:Starting cross validation
2021-06-05 09:16:43,198:INFO:Cross validating with KFold(n_splits=10, random_state=None, shuffle=False), n_jobs=-1
2021-06-05 09:16:44,265:ERROR:create_model() for lr raised an exception:
2021-06-05 09:16:44,266:ERROR:joblib.externals.loky.process_executor._RemoteTraceback: 
"""
Traceback (most recent call last):
  File "/Users/lavi/opt/anaconda3/envs/stock02/lib/python3.7/site-packages/joblib/externals/loky/process_executor.py", line 404, in _process_worker
    call_item = call_queue.get(block=True, timeout=timeout)
  File "/Users/lavi/opt/anaconda3/envs/stock02/lib/python3.7/multiprocessing/queues.py", line 113, in get
    return _ForkingPickler.loads(res)
AttributeError: Can't get attribute '_FuncWrapper' on <module 'sklearn.utils.fixes' from '/Users/lavi/opt/anaconda3/envs/stock02/lib/python3.7/site-packages/sklearn/utils/fixes.py'>
"""

The above exception was the direct cause of the following exception:

Traceback (most recent call last):
  File "/Users/lavi/opt/anaconda3/envs/stock02/lib/python3.7/site-packages/pycaret/internal/tabular.py", line 2195, in compare_models
    refit=False,
  File "/Users/lavi/opt/anaconda3/envs/stock02/lib/python3.7/site-packages/pycaret/internal/tabular.py", line 3125, in create_model_supervised
    error_score=0,
  File "/Users/lavi/opt/anaconda3/envs/stock02/lib/python3.7/site-packages/sklearn/utils/validation.py", line 63, in inner_f
    # ignore first 'self' argument for instance methods
  File "/Users/lavi/opt/anaconda3/envs/stock02/lib/python3.7/site-packages/sklearn/model_selection/_validation.py", line 252, in cross_validate
    train_scores = zipped_scores.pop(0)
  File "/Users/lavi/opt/anaconda3/envs/stock02/lib/python3.7/site-packages/joblib/parallel.py", line 1054, in __call__
    self.retrieve()
  File "/Users/lavi/opt/anaconda3/envs/stock02/lib/python3.7/site-packages/joblib/parallel.py", line 933, in retrieve
    self._output.extend(job.get(timeout=self.timeout))
  File "/Users/lavi/opt/anaconda3/envs/stock02/lib/python3.7/site-packages/joblib/_parallel_backends.py", line 542, in wrap_future_result
    return future.result(timeout=timeout)
  File "/Users/lavi/opt/anaconda3/envs/stock02/lib/python3.7/concurrent/futures/_base.py", line 435, in result
    return self.__get_result()
  File "/Users/lavi/opt/anaconda3/envs/stock02/lib/python3.7/concurrent/futures/_base.py", line 384, in __get_result
    raise self._exception
joblib.externals.loky.process_executor.BrokenProcessPool: A task has failed to un-serialize. Please ensure that the arguments of the function are all picklable.

2021-06-05 09:16:44,266:INFO:Initializing Lasso Regression
2021-06-05 09:16:44,266:INFO:Total runtime is 0.14371201594670613 minutes
2021-06-05 09:16:44,273:INFO:SubProcess create_model() called ==================================
2021-06-05 09:16:44,274:INFO:Initializing create_model()
2021-06-05 09:16:44,274:INFO:create_model(estimator=lasso, fold=KFold(n_splits=10, random_state=None, shuffle=False), round=4, cross_validation=True, predict=True, fit_kwargs={}, groups=None, refit=False, verbose=False, system=False, metrics=None, display=<pycaret.internal.Display.Display object at 0x7fc439a56890>, kwargs={})
2021-06-05 09:16:44,274:INFO:Checking exceptions
2021-06-05 09:16:44,274:INFO:Importing libraries
2021-06-05 09:16:44,274:INFO:Copying training dataset
2021-06-05 09:16:44,275:INFO:Defining folds
2021-06-05 09:16:44,275:INFO:Declaring metric variables
2021-06-05 09:16:44,280:INFO:Importing untrained model
2021-06-05 09:16:44,285:INFO:Lasso Regression Imported succesfully
2021-06-05 09:16:44,295:INFO:Starting cross validation
2021-06-05 09:16:44,296:INFO:Cross validating with KFold(n_splits=10, random_state=None, shuffle=False), n_jobs=-1
2021-06-05 09:16:45,358:WARNING:create_model() for lasso raised an exception or returned all 0.0, trying without fit_kwargs:
2021-06-05 09:16:45,359:WARNING:joblib.externals.loky.process_executor._RemoteTraceback: 
"""
Traceback (most recent call last):
  File "/Users/lavi/opt/anaconda3/envs/stock02/lib/python3.7/site-packages/joblib/externals/loky/process_executor.py", line 404, in _process_worker
    call_item = call_queue.get(block=True, timeout=timeout)
  File "/Users/lavi/opt/anaconda3/envs/stock02/lib/python3.7/multiprocessing/queues.py", line 113, in get
    return _ForkingPickler.loads(res)
AttributeError: Can't get attribute '_FuncWrapper' on <module 'sklearn.utils.fixes' from '/Users/lavi/opt/anaconda3/envs/stock02/lib/python3.7/site-packages/sklearn/utils/fixes.py'>
"""

The above exception was the direct cause of the following exception:

Traceback (most recent call last):
  File "/Users/lavi/opt/anaconda3/envs/stock02/lib/python3.7/site-packages/pycaret/internal/tabular.py", line 2176, in compare_models
    refit=False,
  File "/Users/lavi/opt/anaconda3/envs/stock02/lib/python3.7/site-packages/pycaret/internal/tabular.py", line 3125, in create_model_supervised
    error_score=0,
  File "/Users/lavi/opt/anaconda3/envs/stock02/lib/python3.7/site-packages/sklearn/utils/validation.py", line 63, in inner_f
    # ignore first 'self' argument for instance methods
  File "/Users/lavi/opt/anaconda3/envs/stock02/lib/python3.7/site-packages/sklearn/model_selection/_validation.py", line 252, in cross_validate
    train_scores = zipped_scores.pop(0)
  File "/Users/lavi/opt/anaconda3/envs/stock02/lib/python3.7/site-packages/joblib/parallel.py", line 1054, in __call__
    self.retrieve()
  File "/Users/lavi/opt/anaconda3/envs/stock02/lib/python3.7/site-packages/joblib/parallel.py", line 933, in retrieve
    self._output.extend(job.get(timeout=self.timeout))
  File "/Users/lavi/opt/anaconda3/envs/stock02/lib/python3.7/site-packages/joblib/_parallel_backends.py", line 542, in wrap_future_result
    return future.result(timeout=timeout)
  File "/Users/lavi/opt/anaconda3/envs/stock02/lib/python3.7/concurrent/futures/_base.py", line 435, in result
    return self.__get_result()
  File "/Users/lavi/opt/anaconda3/envs/stock02/lib/python3.7/concurrent/futures/_base.py", line 384, in __get_result
    raise self._exception
joblib.externals.loky.process_executor.BrokenProcessPool: A task has failed to un-serialize. Please ensure that the arguments of the function are all picklable.

2021-06-05 09:16:45,359:INFO:Initializing create_model()
2021-06-05 09:16:45,359:INFO:create_model(estimator=lasso, fold=KFold(n_splits=10, random_state=None, shuffle=False), round=4, cross_validation=True, predict=True, fit_kwargs=None, groups=None, refit=False, verbose=False, system=False, metrics=None, display=<pycaret.internal.Display.Display object at 0x7fc439a56890>, kwargs={})
2021-06-05 09:16:45,359:INFO:Checking exceptions
2021-06-05 09:16:45,360:INFO:Importing libraries
2021-06-05 09:16:45,360:INFO:Copying training dataset
2021-06-05 09:16:45,361:INFO:Defining folds
2021-06-05 09:16:45,361:INFO:Declaring metric variables
2021-06-05 09:16:45,367:INFO:Importing untrained model
2021-06-05 09:16:45,372:INFO:Lasso Regression Imported succesfully
2021-06-05 09:16:45,382:INFO:Starting cross validation
2021-06-05 09:16:45,383:INFO:Cross validating with KFold(n_splits=10, random_state=None, shuffle=False), n_jobs=-1
2021-06-05 09:16:46,424:ERROR:create_model() for lasso raised an exception:
2021-06-05 09:16:46,424:ERROR:joblib.externals.loky.process_executor._RemoteTraceback: 
"""
Traceback (most recent call last):
  File "/Users/lavi/opt/anaconda3/envs/stock02/lib/python3.7/site-packages/joblib/externals/loky/process_executor.py", line 404, in _process_worker
    call_item = call_queue.get(block=True, timeout=timeout)
  File "/Users/lavi/opt/anaconda3/envs/stock02/lib/python3.7/multiprocessing/queues.py", line 113, in get
    return _ForkingPickler.loads(res)
AttributeError: Can't get attribute '_FuncWrapper' on <module 'sklearn.utils.fixes' from '/Users/lavi/opt/anaconda3/envs/stock02/lib/python3.7/site-packages/sklearn/utils/fixes.py'>
"""

The above exception was the direct cause of the following exception:

Traceback (most recent call last):
  File "/Users/lavi/opt/anaconda3/envs/stock02/lib/python3.7/site-packages/pycaret/internal/tabular.py", line 2195, in compare_models
    refit=False,
  File "/Users/lavi/opt/anaconda3/envs/stock02/lib/python3.7/site-packages/pycaret/internal/tabular.py", line 3125, in create_model_supervised
    error_score=0,
  File "/Users/lavi/opt/anaconda3/envs/stock02/lib/python3.7/site-packages/sklearn/utils/validation.py", line 63, in inner_f
    # ignore first 'self' argument for instance methods
  File "/Users/lavi/opt/anaconda3/envs/stock02/lib/python3.7/site-packages/sklearn/model_selection/_validation.py", line 252, in cross_validate
    train_scores = zipped_scores.pop(0)
  File "/Users/lavi/opt/anaconda3/envs/stock02/lib/python3.7/site-packages/joblib/parallel.py", line 1054, in __call__
    self.retrieve()
  File "/Users/lavi/opt/anaconda3/envs/stock02/lib/python3.7/site-packages/joblib/parallel.py", line 933, in retrieve
    self._output.extend(job.get(timeout=self.timeout))
  File "/Users/lavi/opt/anaconda3/envs/stock02/lib/python3.7/site-packages/joblib/_parallel_backends.py", line 542, in wrap_future_result
    return future.result(timeout=timeout)
  File "/Users/lavi/opt/anaconda3/envs/stock02/lib/python3.7/concurrent/futures/_base.py", line 435, in result
    return self.__get_result()
  File "/Users/lavi/opt/anaconda3/envs/stock02/lib/python3.7/concurrent/futures/_base.py", line 384, in __get_result
    raise self._exception
joblib.externals.loky.process_executor.BrokenProcessPool: A task has failed to un-serialize. Please ensure that the arguments of the function are all picklable.

2021-06-05 09:16:46,424:INFO:Initializing Ridge Regression
2021-06-05 09:16:46,425:INFO:Total runtime is 0.17969144582748411 minutes
2021-06-05 09:16:46,433:INFO:SubProcess create_model() called ==================================
2021-06-05 09:16:46,433:INFO:Initializing create_model()
2021-06-05 09:16:46,433:INFO:create_model(estimator=ridge, fold=KFold(n_splits=10, random_state=None, shuffle=False), round=4, cross_validation=True, predict=True, fit_kwargs={}, groups=None, refit=False, verbose=False, system=False, metrics=None, display=<pycaret.internal.Display.Display object at 0x7fc439a56890>, kwargs={})
2021-06-05 09:16:46,433:INFO:Checking exceptions
2021-06-05 09:16:46,433:INFO:Importing libraries
2021-06-05 09:16:46,434:INFO:Copying training dataset
2021-06-05 09:16:46,434:INFO:Defining folds
2021-06-05 09:16:46,434:INFO:Declaring metric variables
2021-06-05 09:16:46,439:INFO:Importing untrained model
2021-06-05 09:16:46,443:INFO:Ridge Regression Imported succesfully
2021-06-05 09:16:46,453:INFO:Starting cross validation
2021-06-05 09:16:46,453:INFO:Cross validating with KFold(n_splits=10, random_state=None, shuffle=False), n_jobs=-1
2021-06-05 09:16:47,494:WARNING:create_model() for ridge raised an exception or returned all 0.0, trying without fit_kwargs:
2021-06-05 09:16:47,494:WARNING:joblib.externals.loky.process_executor._RemoteTraceback: 
"""
Traceback (most recent call last):
  File "/Users/lavi/opt/anaconda3/envs/stock02/lib/python3.7/site-packages/joblib/externals/loky/process_executor.py", line 404, in _process_worker
    call_item = call_queue.get(block=True, timeout=timeout)
  File "/Users/lavi/opt/anaconda3/envs/stock02/lib/python3.7/multiprocessing/queues.py", line 113, in get
    return _ForkingPickler.loads(res)
AttributeError: Can't get attribute '_FuncWrapper' on <module 'sklearn.utils.fixes' from '/Users/lavi/opt/anaconda3/envs/stock02/lib/python3.7/site-packages/sklearn/utils/fixes.py'>
"""

The above exception was the direct cause of the following exception:

Traceback (most recent call last):
  File "/Users/lavi/opt/anaconda3/envs/stock02/lib/python3.7/site-packages/pycaret/internal/tabular.py", line 2176, in compare_models
    refit=False,
  File "/Users/lavi/opt/anaconda3/envs/stock02/lib/python3.7/site-packages/pycaret/internal/tabular.py", line 3125, in create_model_supervised
    error_score=0,
  File "/Users/lavi/opt/anaconda3/envs/stock02/lib/python3.7/site-packages/sklearn/utils/validation.py", line 63, in inner_f
    # ignore first 'self' argument for instance methods
  File "/Users/lavi/opt/anaconda3/envs/stock02/lib/python3.7/site-packages/sklearn/model_selection/_validation.py", line 252, in cross_validate
    train_scores = zipped_scores.pop(0)
  File "/Users/lavi/opt/anaconda3/envs/stock02/lib/python3.7/site-packages/joblib/parallel.py", line 1054, in __call__
    self.retrieve()
  File "/Users/lavi/opt/anaconda3/envs/stock02/lib/python3.7/site-packages/joblib/parallel.py", line 933, in retrieve
    self._output.extend(job.get(timeout=self.timeout))
  File "/Users/lavi/opt/anaconda3/envs/stock02/lib/python3.7/site-packages/joblib/_parallel_backends.py", line 542, in wrap_future_result
    return future.result(timeout=timeout)
  File "/Users/lavi/opt/anaconda3/envs/stock02/lib/python3.7/concurrent/futures/_base.py", line 435, in result
    return self.__get_result()
  File "/Users/lavi/opt/anaconda3/envs/stock02/lib/python3.7/concurrent/futures/_base.py", line 384, in __get_result
    raise self._exception
joblib.externals.loky.process_executor.BrokenProcessPool: A task has failed to un-serialize. Please ensure that the arguments of the function are all picklable.

2021-06-05 09:16:47,495:INFO:Initializing create_model()
2021-06-05 09:16:47,495:INFO:create_model(estimator=ridge, fold=KFold(n_splits=10, random_state=None, shuffle=False), round=4, cross_validation=True, predict=True, fit_kwargs=None, groups=None, refit=False, verbose=False, system=False, metrics=None, display=<pycaret.internal.Display.Display object at 0x7fc439a56890>, kwargs={})
2021-06-05 09:16:47,495:INFO:Checking exceptions
2021-06-05 09:16:47,495:INFO:Importing libraries
2021-06-05 09:16:47,495:INFO:Copying training dataset
2021-06-05 09:16:47,497:INFO:Defining folds
2021-06-05 09:16:47,497:INFO:Declaring metric variables
2021-06-05 09:16:47,505:INFO:Importing untrained model
2021-06-05 09:16:47,510:INFO:Ridge Regression Imported succesfully
2021-06-05 09:16:47,522:INFO:Starting cross validation
2021-06-05 09:16:47,522:INFO:Cross validating with KFold(n_splits=10, random_state=None, shuffle=False), n_jobs=-1
2021-06-05 09:16:48,678:ERROR:create_model() for ridge raised an exception:
2021-06-05 09:16:48,679:ERROR:joblib.externals.loky.process_executor._RemoteTraceback: 
"""
Traceback (most recent call last):
  File "/Users/lavi/opt/anaconda3/envs/stock02/lib/python3.7/site-packages/joblib/externals/loky/process_executor.py", line 404, in _process_worker
    call_item = call_queue.get(block=True, timeout=timeout)
  File "/Users/lavi/opt/anaconda3/envs/stock02/lib/python3.7/multiprocessing/queues.py", line 113, in get
    return _ForkingPickler.loads(res)
AttributeError: Can't get attribute '_FuncWrapper' on <module 'sklearn.utils.fixes' from '/Users/lavi/opt/anaconda3/envs/stock02/lib/python3.7/site-packages/sklearn/utils/fixes.py'>
"""

The above exception was the direct cause of the following exception:

Traceback (most recent call last):
  File "/Users/lavi/opt/anaconda3/envs/stock02/lib/python3.7/site-packages/pycaret/internal/tabular.py", line 2195, in compare_models
    refit=False,
  File "/Users/lavi/opt/anaconda3/envs/stock02/lib/python3.7/site-packages/pycaret/internal/tabular.py", line 3125, in create_model_supervised
    error_score=0,
  File "/Users/lavi/opt/anaconda3/envs/stock02/lib/python3.7/site-packages/sklearn/utils/validation.py", line 63, in inner_f
    # ignore first 'self' argument for instance methods
  File "/Users/lavi/opt/anaconda3/envs/stock02/lib/python3.7/site-packages/sklearn/model_selection/_validation.py", line 252, in cross_validate
    train_scores = zipped_scores.pop(0)
  File "/Users/lavi/opt/anaconda3/envs/stock02/lib/python3.7/site-packages/joblib/parallel.py", line 1054, in __call__
    self.retrieve()
  File "/Users/lavi/opt/anaconda3/envs/stock02/lib/python3.7/site-packages/joblib/parallel.py", line 933, in retrieve
    self._output.extend(job.get(timeout=self.timeout))
  File "/Users/lavi/opt/anaconda3/envs/stock02/lib/python3.7/site-packages/joblib/_parallel_backends.py", line 542, in wrap_future_result
    return future.result(timeout=timeout)
  File "/Users/lavi/opt/anaconda3/envs/stock02/lib/python3.7/concurrent/futures/_base.py", line 435, in result
    return self.__get_result()
  File "/Users/lavi/opt/anaconda3/envs/stock02/lib/python3.7/concurrent/futures/_base.py", line 384, in __get_result
    raise self._exception
joblib.externals.loky.process_executor.BrokenProcessPool: A task has failed to un-serialize. Please ensure that the arguments of the function are all picklable.

2021-06-05 09:16:48,679:INFO:Initializing Elastic Net
2021-06-05 09:16:48,679:INFO:Total runtime is 0.2172692815462748 minutes
2021-06-05 09:16:48,686:INFO:SubProcess create_model() called ==================================
2021-06-05 09:16:48,687:INFO:Initializing create_model()
2021-06-05 09:16:48,687:INFO:create_model(estimator=en, fold=KFold(n_splits=10, random_state=None, shuffle=False), round=4, cross_validation=True, predict=True, fit_kwargs={}, groups=None, refit=False, verbose=False, system=False, metrics=None, display=<pycaret.internal.Display.Display object at 0x7fc439a56890>, kwargs={})
2021-06-05 09:16:48,687:INFO:Checking exceptions
2021-06-05 09:16:48,687:INFO:Importing libraries
2021-06-05 09:16:48,687:INFO:Copying training dataset
2021-06-05 09:16:48,687:INFO:Defining folds
2021-06-05 09:16:48,688:INFO:Declaring metric variables
2021-06-05 09:16:48,692:INFO:Importing untrained model
2021-06-05 09:16:48,697:INFO:Elastic Net Imported succesfully
2021-06-05 09:16:48,707:INFO:Starting cross validation
2021-06-05 09:16:48,708:INFO:Cross validating with KFold(n_splits=10, random_state=None, shuffle=False), n_jobs=-1
2021-06-05 09:16:49,760:WARNING:create_model() for en raised an exception or returned all 0.0, trying without fit_kwargs:
2021-06-05 09:16:49,761:WARNING:joblib.externals.loky.process_executor._RemoteTraceback: 
"""
Traceback (most recent call last):
  File "/Users/lavi/opt/anaconda3/envs/stock02/lib/python3.7/site-packages/joblib/externals/loky/process_executor.py", line 404, in _process_worker
    call_item = call_queue.get(block=True, timeout=timeout)
  File "/Users/lavi/opt/anaconda3/envs/stock02/lib/python3.7/multiprocessing/queues.py", line 113, in get
    return _ForkingPickler.loads(res)
AttributeError: Can't get attribute '_FuncWrapper' on <module 'sklearn.utils.fixes' from '/Users/lavi/opt/anaconda3/envs/stock02/lib/python3.7/site-packages/sklearn/utils/fixes.py'>
"""

The above exception was the direct cause of the following exception:

Traceback (most recent call last):
  File "/Users/lavi/opt/anaconda3/envs/stock02/lib/python3.7/site-packages/pycaret/internal/tabular.py", line 2176, in compare_models
    refit=False,
  File "/Users/lavi/opt/anaconda3/envs/stock02/lib/python3.7/site-packages/pycaret/internal/tabular.py", line 3125, in create_model_supervised
    error_score=0,
  File "/Users/lavi/opt/anaconda3/envs/stock02/lib/python3.7/site-packages/sklearn/utils/validation.py", line 63, in inner_f
    # ignore first 'self' argument for instance methods
  File "/Users/lavi/opt/anaconda3/envs/stock02/lib/python3.7/site-packages/sklearn/model_selection/_validation.py", line 252, in cross_validate
    train_scores = zipped_scores.pop(0)
  File "/Users/lavi/opt/anaconda3/envs/stock02/lib/python3.7/site-packages/joblib/parallel.py", line 1054, in __call__
    self.retrieve()
  File "/Users/lavi/opt/anaconda3/envs/stock02/lib/python3.7/site-packages/joblib/parallel.py", line 933, in retrieve
    self._output.extend(job.get(timeout=self.timeout))
  File "/Users/lavi/opt/anaconda3/envs/stock02/lib/python3.7/site-packages/joblib/_parallel_backends.py", line 542, in wrap_future_result
    return future.result(timeout=timeout)
  File "/Users/lavi/opt/anaconda3/envs/stock02/lib/python3.7/concurrent/futures/_base.py", line 435, in result
    return self.__get_result()
  File "/Users/lavi/opt/anaconda3/envs/stock02/lib/python3.7/concurrent/futures/_base.py", line 384, in __get_result
    raise self._exception
joblib.externals.loky.process_executor.BrokenProcessPool: A task has failed to un-serialize. Please ensure that the arguments of the function are all picklable.

2021-06-05 09:16:49,761:INFO:Initializing create_model()
2021-06-05 09:16:49,761:INFO:create_model(estimator=en, fold=KFold(n_splits=10, random_state=None, shuffle=False), round=4, cross_validation=True, predict=True, fit_kwargs=None, groups=None, refit=False, verbose=False, system=False, metrics=None, display=<pycaret.internal.Display.Display object at 0x7fc439a56890>, kwargs={})
2021-06-05 09:16:49,761:INFO:Checking exceptions
2021-06-05 09:16:49,761:INFO:Importing libraries
2021-06-05 09:16:49,762:INFO:Copying training dataset
2021-06-05 09:16:49,763:INFO:Defining folds
2021-06-05 09:16:49,763:INFO:Declaring metric variables
2021-06-05 09:16:49,769:INFO:Importing untrained model
2021-06-05 09:16:49,773:INFO:Elastic Net Imported succesfully
2021-06-05 09:16:49,783:INFO:Starting cross validation
2021-06-05 09:16:49,784:INFO:Cross validating with KFold(n_splits=10, random_state=None, shuffle=False), n_jobs=-1
2021-06-05 09:16:50,846:ERROR:create_model() for en raised an exception:
2021-06-05 09:16:50,846:ERROR:joblib.externals.loky.process_executor._RemoteTraceback: 
"""
Traceback (most recent call last):
  File "/Users/lavi/opt/anaconda3/envs/stock02/lib/python3.7/site-packages/joblib/externals/loky/process_executor.py", line 404, in _process_worker
    call_item = call_queue.get(block=True, timeout=timeout)
  File "/Users/lavi/opt/anaconda3/envs/stock02/lib/python3.7/multiprocessing/queues.py", line 113, in get
    return _ForkingPickler.loads(res)
AttributeError: Can't get attribute '_FuncWrapper' on <module 'sklearn.utils.fixes' from '/Users/lavi/opt/anaconda3/envs/stock02/lib/python3.7/site-packages/sklearn/utils/fixes.py'>
"""

The above exception was the direct cause of the following exception:

Traceback (most recent call last):
  File "/Users/lavi/opt/anaconda3/envs/stock02/lib/python3.7/site-packages/pycaret/internal/tabular.py", line 2195, in compare_models
    refit=False,
  File "/Users/lavi/opt/anaconda3/envs/stock02/lib/python3.7/site-packages/pycaret/internal/tabular.py", line 3125, in create_model_supervised
    error_score=0,
  File "/Users/lavi/opt/anaconda3/envs/stock02/lib/python3.7/site-packages/sklearn/utils/validation.py", line 63, in inner_f
    # ignore first 'self' argument for instance methods
  File "/Users/lavi/opt/anaconda3/envs/stock02/lib/python3.7/site-packages/sklearn/model_selection/_validation.py", line 252, in cross_validate
    train_scores = zipped_scores.pop(0)
  File "/Users/lavi/opt/anaconda3/envs/stock02/lib/python3.7/site-packages/joblib/parallel.py", line 1054, in __call__
    self.retrieve()
  File "/Users/lavi/opt/anaconda3/envs/stock02/lib/python3.7/site-packages/joblib/parallel.py", line 933, in retrieve
    self._output.extend(job.get(timeout=self.timeout))
  File "/Users/lavi/opt/anaconda3/envs/stock02/lib/python3.7/site-packages/joblib/_parallel_backends.py", line 542, in wrap_future_result
    return future.result(timeout=timeout)
  File "/Users/lavi/opt/anaconda3/envs/stock02/lib/python3.7/concurrent/futures/_base.py", line 435, in result
    return self.__get_result()
  File "/Users/lavi/opt/anaconda3/envs/stock02/lib/python3.7/concurrent/futures/_base.py", line 384, in __get_result
    raise self._exception
joblib.externals.loky.process_executor.BrokenProcessPool: A task has failed to un-serialize. Please ensure that the arguments of the function are all picklable.

2021-06-05 09:16:50,847:INFO:Initializing Least Angle Regression
2021-06-05 09:16:50,847:INFO:Total runtime is 0.25339271624883014 minutes
2021-06-05 09:16:50,854:INFO:SubProcess create_model() called ==================================
2021-06-05 09:16:50,855:INFO:Initializing create_model()
2021-06-05 09:16:50,855:INFO:create_model(estimator=lar, fold=KFold(n_splits=10, random_state=None, shuffle=False), round=4, cross_validation=True, predict=True, fit_kwargs={}, groups=None, refit=False, verbose=False, system=False, metrics=None, display=<pycaret.internal.Display.Display object at 0x7fc439a56890>, kwargs={})
2021-06-05 09:16:50,855:INFO:Checking exceptions
2021-06-05 09:16:50,855:INFO:Importing libraries
2021-06-05 09:16:50,855:INFO:Copying training dataset
2021-06-05 09:16:50,855:INFO:Defining folds
2021-06-05 09:16:50,856:INFO:Declaring metric variables
2021-06-05 09:16:50,861:INFO:Importing untrained model
2021-06-05 09:16:50,865:INFO:Least Angle Regression Imported succesfully
2021-06-05 09:16:50,875:INFO:Starting cross validation
2021-06-05 09:16:50,876:INFO:Cross validating with KFold(n_splits=10, random_state=None, shuffle=False), n_jobs=-1
2021-06-05 09:16:51,920:WARNING:create_model() for lar raised an exception or returned all 0.0, trying without fit_kwargs:
2021-06-05 09:16:51,921:WARNING:joblib.externals.loky.process_executor._RemoteTraceback: 
"""
Traceback (most recent call last):
  File "/Users/lavi/opt/anaconda3/envs/stock02/lib/python3.7/site-packages/joblib/externals/loky/process_executor.py", line 404, in _process_worker
    call_item = call_queue.get(block=True, timeout=timeout)
  File "/Users/lavi/opt/anaconda3/envs/stock02/lib/python3.7/multiprocessing/queues.py", line 113, in get
    return _ForkingPickler.loads(res)
AttributeError: Can't get attribute '_FuncWrapper' on <module 'sklearn.utils.fixes' from '/Users/lavi/opt/anaconda3/envs/stock02/lib/python3.7/site-packages/sklearn/utils/fixes.py'>
"""

The above exception was the direct cause of the following exception:

Traceback (most recent call last):
  File "/Users/lavi/opt/anaconda3/envs/stock02/lib/python3.7/site-packages/pycaret/internal/tabular.py", line 2176, in compare_models
    refit=False,
  File "/Users/lavi/opt/anaconda3/envs/stock02/lib/python3.7/site-packages/pycaret/internal/tabular.py", line 3125, in create_model_supervised
    error_score=0,
  File "/Users/lavi/opt/anaconda3/envs/stock02/lib/python3.7/site-packages/sklearn/utils/validation.py", line 63, in inner_f
    # ignore first 'self' argument for instance methods
  File "/Users/lavi/opt/anaconda3/envs/stock02/lib/python3.7/site-packages/sklearn/model_selection/_validation.py", line 252, in cross_validate
    train_scores = zipped_scores.pop(0)
  File "/Users/lavi/opt/anaconda3/envs/stock02/lib/python3.7/site-packages/joblib/parallel.py", line 1054, in __call__
    self.retrieve()
  File "/Users/lavi/opt/anaconda3/envs/stock02/lib/python3.7/site-packages/joblib/parallel.py", line 933, in retrieve
    self._output.extend(job.get(timeout=self.timeout))
  File "/Users/lavi/opt/anaconda3/envs/stock02/lib/python3.7/site-packages/joblib/_parallel_backends.py", line 542, in wrap_future_result
    return future.result(timeout=timeout)
  File "/Users/lavi/opt/anaconda3/envs/stock02/lib/python3.7/concurrent/futures/_base.py", line 435, in result
    return self.__get_result()
  File "/Users/lavi/opt/anaconda3/envs/stock02/lib/python3.7/concurrent/futures/_base.py", line 384, in __get_result
    raise self._exception
joblib.externals.loky.process_executor.BrokenProcessPool: A task has failed to un-serialize. Please ensure that the arguments of the function are all picklable.

2021-06-05 09:16:51,921:INFO:Initializing create_model()
2021-06-05 09:16:51,921:INFO:create_model(estimator=lar, fold=KFold(n_splits=10, random_state=None, shuffle=False), round=4, cross_validation=True, predict=True, fit_kwargs=None, groups=None, refit=False, verbose=False, system=False, metrics=None, display=<pycaret.internal.Display.Display object at 0x7fc439a56890>, kwargs={})
2021-06-05 09:16:51,921:INFO:Checking exceptions
2021-06-05 09:16:51,921:INFO:Importing libraries
2021-06-05 09:16:51,922:INFO:Copying training dataset
2021-06-05 09:16:51,923:INFO:Defining folds
2021-06-05 09:16:51,923:INFO:Declaring metric variables
2021-06-05 09:16:51,929:INFO:Importing untrained model
2021-06-05 09:16:51,934:INFO:Least Angle Regression Imported succesfully
2021-06-05 09:16:51,944:INFO:Starting cross validation
2021-06-05 09:16:51,944:INFO:Cross validating with KFold(n_splits=10, random_state=None, shuffle=False), n_jobs=-1
2021-06-05 09:16:52,979:ERROR:create_model() for lar raised an exception:
2021-06-05 09:16:52,980:ERROR:joblib.externals.loky.process_executor._RemoteTraceback: 
"""
Traceback (most recent call last):
  File "/Users/lavi/opt/anaconda3/envs/stock02/lib/python3.7/site-packages/joblib/externals/loky/process_executor.py", line 404, in _process_worker
    call_item = call_queue.get(block=True, timeout=timeout)
  File "/Users/lavi/opt/anaconda3/envs/stock02/lib/python3.7/multiprocessing/queues.py", line 113, in get
    return _ForkingPickler.loads(res)
AttributeError: Can't get attribute '_FuncWrapper' on <module 'sklearn.utils.fixes' from '/Users/lavi/opt/anaconda3/envs/stock02/lib/python3.7/site-packages/sklearn/utils/fixes.py'>
"""

The above exception was the direct cause of the following exception:

Traceback (most recent call last):
  File "/Users/lavi/opt/anaconda3/envs/stock02/lib/python3.7/site-packages/pycaret/internal/tabular.py", line 2195, in compare_models
    refit=False,
  File "/Users/lavi/opt/anaconda3/envs/stock02/lib/python3.7/site-packages/pycaret/internal/tabular.py", line 3125, in create_model_supervised
    error_score=0,
  File "/Users/lavi/opt/anaconda3/envs/stock02/lib/python3.7/site-packages/sklearn/utils/validation.py", line 63, in inner_f
    # ignore first 'self' argument for instance methods
  File "/Users/lavi/opt/anaconda3/envs/stock02/lib/python3.7/site-packages/sklearn/model_selection/_validation.py", line 252, in cross_validate
    train_scores = zipped_scores.pop(0)
  File "/Users/lavi/opt/anaconda3/envs/stock02/lib/python3.7/site-packages/joblib/parallel.py", line 1054, in __call__
    self.retrieve()
  File "/Users/lavi/opt/anaconda3/envs/stock02/lib/python3.7/site-packages/joblib/parallel.py", line 933, in retrieve
    self._output.extend(job.get(timeout=self.timeout))
  File "/Users/lavi/opt/anaconda3/envs/stock02/lib/python3.7/site-packages/joblib/_parallel_backends.py", line 542, in wrap_future_result
    return future.result(timeout=timeout)
  File "/Users/lavi/opt/anaconda3/envs/stock02/lib/python3.7/concurrent/futures/_base.py", line 435, in result
    return self.__get_result()
  File "/Users/lavi/opt/anaconda3/envs/stock02/lib/python3.7/concurrent/futures/_base.py", line 384, in __get_result
    raise self._exception
joblib.externals.loky.process_executor.BrokenProcessPool: A task has failed to un-serialize. Please ensure that the arguments of the function are all picklable.

2021-06-05 09:16:52,980:INFO:Initializing Lasso Least Angle Regression
2021-06-05 09:16:52,981:INFO:Total runtime is 0.28895763158798216 minutes
2021-06-05 09:16:52,988:INFO:SubProcess create_model() called ==================================
2021-06-05 09:16:52,988:INFO:Initializing create_model()
2021-06-05 09:16:52,988:INFO:create_model(estimator=llar, fold=KFold(n_splits=10, random_state=None, shuffle=False), round=4, cross_validation=True, predict=True, fit_kwargs={}, groups=None, refit=False, verbose=False, system=False, metrics=None, display=<pycaret.internal.Display.Display object at 0x7fc439a56890>, kwargs={})
2021-06-05 09:16:52,988:INFO:Checking exceptions
2021-06-05 09:16:52,988:INFO:Importing libraries
2021-06-05 09:16:52,988:INFO:Copying training dataset
2021-06-05 09:16:52,989:INFO:Defining folds
2021-06-05 09:16:52,989:INFO:Declaring metric variables
2021-06-05 09:16:52,994:INFO:Importing untrained model
2021-06-05 09:16:52,999:INFO:Lasso Least Angle Regression Imported succesfully
2021-06-05 09:16:53,008:INFO:Starting cross validation
2021-06-05 09:16:53,009:INFO:Cross validating with KFold(n_splits=10, random_state=None, shuffle=False), n_jobs=-1
2021-06-05 09:16:54,066:WARNING:create_model() for llar raised an exception or returned all 0.0, trying without fit_kwargs:
2021-06-05 09:16:54,067:WARNING:joblib.externals.loky.process_executor._RemoteTraceback: 
"""
Traceback (most recent call last):
  File "/Users/lavi/opt/anaconda3/envs/stock02/lib/python3.7/site-packages/joblib/externals/loky/process_executor.py", line 404, in _process_worker
    call_item = call_queue.get(block=True, timeout=timeout)
  File "/Users/lavi/opt/anaconda3/envs/stock02/lib/python3.7/multiprocessing/queues.py", line 113, in get
    return _ForkingPickler.loads(res)
AttributeError: Can't get attribute '_FuncWrapper' on <module 'sklearn.utils.fixes' from '/Users/lavi/opt/anaconda3/envs/stock02/lib/python3.7/site-packages/sklearn/utils/fixes.py'>
"""

The above exception was the direct cause of the following exception:

Traceback (most recent call last):
  File "/Users/lavi/opt/anaconda3/envs/stock02/lib/python3.7/site-packages/pycaret/internal/tabular.py", line 2176, in compare_models
    refit=False,
  File "/Users/lavi/opt/anaconda3/envs/stock02/lib/python3.7/site-packages/pycaret/internal/tabular.py", line 3125, in create_model_supervised
    error_score=0,
  File "/Users/lavi/opt/anaconda3/envs/stock02/lib/python3.7/site-packages/sklearn/utils/validation.py", line 63, in inner_f
    # ignore first 'self' argument for instance methods
  File "/Users/lavi/opt/anaconda3/envs/stock02/lib/python3.7/site-packages/sklearn/model_selection/_validation.py", line 252, in cross_validate
    train_scores = zipped_scores.pop(0)
  File "/Users/lavi/opt/anaconda3/envs/stock02/lib/python3.7/site-packages/joblib/parallel.py", line 1054, in __call__
    self.retrieve()
  File "/Users/lavi/opt/anaconda3/envs/stock02/lib/python3.7/site-packages/joblib/parallel.py", line 933, in retrieve
    self._output.extend(job.get(timeout=self.timeout))
  File "/Users/lavi/opt/anaconda3/envs/stock02/lib/python3.7/site-packages/joblib/_parallel_backends.py", line 542, in wrap_future_result
    return future.result(timeout=timeout)
  File "/Users/lavi/opt/anaconda3/envs/stock02/lib/python3.7/concurrent/futures/_base.py", line 435, in result
    return self.__get_result()
  File "/Users/lavi/opt/anaconda3/envs/stock02/lib/python3.7/concurrent/futures/_base.py", line 384, in __get_result
    raise self._exception
joblib.externals.loky.process_executor.BrokenProcessPool: A task has failed to un-serialize. Please ensure that the arguments of the function are all picklable.

2021-06-05 09:16:54,067:INFO:Initializing create_model()
2021-06-05 09:16:54,067:INFO:create_model(estimator=llar, fold=KFold(n_splits=10, random_state=None, shuffle=False), round=4, cross_validation=True, predict=True, fit_kwargs=None, groups=None, refit=False, verbose=False, system=False, metrics=None, display=<pycaret.internal.Display.Display object at 0x7fc439a56890>, kwargs={})
2021-06-05 09:16:54,067:INFO:Checking exceptions
2021-06-05 09:16:54,067:INFO:Importing libraries
2021-06-05 09:16:54,067:INFO:Copying training dataset
2021-06-05 09:16:54,069:INFO:Defining folds
2021-06-05 09:16:54,069:INFO:Declaring metric variables
2021-06-05 09:16:54,075:INFO:Importing untrained model
2021-06-05 09:16:54,080:INFO:Lasso Least Angle Regression Imported succesfully
2021-06-05 09:16:54,090:INFO:Starting cross validation
2021-06-05 09:16:54,090:INFO:Cross validating with KFold(n_splits=10, random_state=None, shuffle=False), n_jobs=-1
2021-06-05 09:16:55,162:ERROR:create_model() for llar raised an exception:
2021-06-05 09:16:55,163:ERROR:joblib.externals.loky.process_executor._RemoteTraceback: 
"""
Traceback (most recent call last):
  File "/Users/lavi/opt/anaconda3/envs/stock02/lib/python3.7/site-packages/joblib/externals/loky/process_executor.py", line 404, in _process_worker
    call_item = call_queue.get(block=True, timeout=timeout)
  File "/Users/lavi/opt/anaconda3/envs/stock02/lib/python3.7/multiprocessing/queues.py", line 113, in get
    return _ForkingPickler.loads(res)
AttributeError: Can't get attribute '_FuncWrapper' on <module 'sklearn.utils.fixes' from '/Users/lavi/opt/anaconda3/envs/stock02/lib/python3.7/site-packages/sklearn/utils/fixes.py'>
"""

The above exception was the direct cause of the following exception:

Traceback (most recent call last):
  File "/Users/lavi/opt/anaconda3/envs/stock02/lib/python3.7/site-packages/pycaret/internal/tabular.py", line 2195, in compare_models
    refit=False,
  File "/Users/lavi/opt/anaconda3/envs/stock02/lib/python3.7/site-packages/pycaret/internal/tabular.py", line 3125, in create_model_supervised
    error_score=0,
  File "/Users/lavi/opt/anaconda3/envs/stock02/lib/python3.7/site-packages/sklearn/utils/validation.py", line 63, in inner_f
    # ignore first 'self' argument for instance methods
  File "/Users/lavi/opt/anaconda3/envs/stock02/lib/python3.7/site-packages/sklearn/model_selection/_validation.py", line 252, in cross_validate
    train_scores = zipped_scores.pop(0)
  File "/Users/lavi/opt/anaconda3/envs/stock02/lib/python3.7/site-packages/joblib/parallel.py", line 1054, in __call__
    self.retrieve()
  File "/Users/lavi/opt/anaconda3/envs/stock02/lib/python3.7/site-packages/joblib/parallel.py", line 933, in retrieve
    self._output.extend(job.get(timeout=self.timeout))
  File "/Users/lavi/opt/anaconda3/envs/stock02/lib/python3.7/site-packages/joblib/_parallel_backends.py", line 542, in wrap_future_result
    return future.result(timeout=timeout)
  File "/Users/lavi/opt/anaconda3/envs/stock02/lib/python3.7/concurrent/futures/_base.py", line 435, in result
    return self.__get_result()
  File "/Users/lavi/opt/anaconda3/envs/stock02/lib/python3.7/concurrent/futures/_base.py", line 384, in __get_result
    raise self._exception
joblib.externals.loky.process_executor.BrokenProcessPool: A task has failed to un-serialize. Please ensure that the arguments of the function are all picklable.

2021-06-05 09:16:55,163:INFO:Initializing Orthogonal Matching Pursuit
2021-06-05 09:16:55,163:INFO:Total runtime is 0.32533177932103474 minutes
2021-06-05 09:16:55,170:INFO:SubProcess create_model() called ==================================
2021-06-05 09:16:55,170:INFO:Initializing create_model()
2021-06-05 09:16:55,171:INFO:create_model(estimator=omp, fold=KFold(n_splits=10, random_state=None, shuffle=False), round=4, cross_validation=True, predict=True, fit_kwargs={}, groups=None, refit=False, verbose=False, system=False, metrics=None, display=<pycaret.internal.Display.Display object at 0x7fc439a56890>, kwargs={})
2021-06-05 09:16:55,171:INFO:Checking exceptions
2021-06-05 09:16:55,171:INFO:Importing libraries
2021-06-05 09:16:55,171:INFO:Copying training dataset
2021-06-05 09:16:55,171:INFO:Defining folds
2021-06-05 09:16:55,171:INFO:Declaring metric variables
2021-06-05 09:16:55,176:INFO:Importing untrained model
2021-06-05 09:16:55,181:INFO:Orthogonal Matching Pursuit Imported succesfully
2021-06-05 09:16:55,191:INFO:Starting cross validation
2021-06-05 09:16:55,191:INFO:Cross validating with KFold(n_splits=10, random_state=None, shuffle=False), n_jobs=-1
2021-06-05 09:16:56,217:WARNING:create_model() for omp raised an exception or returned all 0.0, trying without fit_kwargs:
2021-06-05 09:16:56,218:WARNING:joblib.externals.loky.process_executor._RemoteTraceback: 
"""
Traceback (most recent call last):
  File "/Users/lavi/opt/anaconda3/envs/stock02/lib/python3.7/site-packages/joblib/externals/loky/process_executor.py", line 404, in _process_worker
    call_item = call_queue.get(block=True, timeout=timeout)
  File "/Users/lavi/opt/anaconda3/envs/stock02/lib/python3.7/multiprocessing/queues.py", line 113, in get
    return _ForkingPickler.loads(res)
AttributeError: Can't get attribute '_FuncWrapper' on <module 'sklearn.utils.fixes' from '/Users/lavi/opt/anaconda3/envs/stock02/lib/python3.7/site-packages/sklearn/utils/fixes.py'>
"""

The above exception was the direct cause of the following exception:

Traceback (most recent call last):
  File "/Users/lavi/opt/anaconda3/envs/stock02/lib/python3.7/site-packages/pycaret/internal/tabular.py", line 2176, in compare_models
    refit=False,
  File "/Users/lavi/opt/anaconda3/envs/stock02/lib/python3.7/site-packages/pycaret/internal/tabular.py", line 3125, in create_model_supervised
    error_score=0,
  File "/Users/lavi/opt/anaconda3/envs/stock02/lib/python3.7/site-packages/sklearn/utils/validation.py", line 63, in inner_f
    # ignore first 'self' argument for instance methods
  File "/Users/lavi/opt/anaconda3/envs/stock02/lib/python3.7/site-packages/sklearn/model_selection/_validation.py", line 252, in cross_validate
    train_scores = zipped_scores.pop(0)
  File "/Users/lavi/opt/anaconda3/envs/stock02/lib/python3.7/site-packages/joblib/parallel.py", line 1054, in __call__
    self.retrieve()
  File "/Users/lavi/opt/anaconda3/envs/stock02/lib/python3.7/site-packages/joblib/parallel.py", line 933, in retrieve
    self._output.extend(job.get(timeout=self.timeout))
  File "/Users/lavi/opt/anaconda3/envs/stock02/lib/python3.7/site-packages/joblib/_parallel_backends.py", line 542, in wrap_future_result
    return future.result(timeout=timeout)
  File "/Users/lavi/opt/anaconda3/envs/stock02/lib/python3.7/concurrent/futures/_base.py", line 435, in result
    return self.__get_result()
  File "/Users/lavi/opt/anaconda3/envs/stock02/lib/python3.7/concurrent/futures/_base.py", line 384, in __get_result
    raise self._exception
joblib.externals.loky.process_executor.BrokenProcessPool: A task has failed to un-serialize. Please ensure that the arguments of the function are all picklable.

2021-06-05 09:16:56,218:INFO:Initializing create_model()
2021-06-05 09:16:56,219:INFO:create_model(estimator=omp, fold=KFold(n_splits=10, random_state=None, shuffle=False), round=4, cross_validation=True, predict=True, fit_kwargs=None, groups=None, refit=False, verbose=False, system=False, metrics=None, display=<pycaret.internal.Display.Display object at 0x7fc439a56890>, kwargs={})
2021-06-05 09:16:56,219:INFO:Checking exceptions
2021-06-05 09:16:56,219:INFO:Importing libraries
2021-06-05 09:16:56,219:INFO:Copying training dataset
2021-06-05 09:16:56,220:INFO:Defining folds
2021-06-05 09:16:56,220:INFO:Declaring metric variables
2021-06-05 09:16:56,226:INFO:Importing untrained model
2021-06-05 09:16:56,231:INFO:Orthogonal Matching Pursuit Imported succesfully
2021-06-05 09:16:56,241:INFO:Starting cross validation
2021-06-05 09:16:56,241:INFO:Cross validating with KFold(n_splits=10, random_state=None, shuffle=False), n_jobs=-1
2021-06-05 09:16:57,283:ERROR:create_model() for omp raised an exception:
2021-06-05 09:16:57,284:ERROR:joblib.externals.loky.process_executor._RemoteTraceback: 
"""
Traceback (most recent call last):
  File "/Users/lavi/opt/anaconda3/envs/stock02/lib/python3.7/site-packages/joblib/externals/loky/process_executor.py", line 404, in _process_worker
    call_item = call_queue.get(block=True, timeout=timeout)
  File "/Users/lavi/opt/anaconda3/envs/stock02/lib/python3.7/multiprocessing/queues.py", line 113, in get
    return _ForkingPickler.loads(res)
AttributeError: Can't get attribute '_FuncWrapper' on <module 'sklearn.utils.fixes' from '/Users/lavi/opt/anaconda3/envs/stock02/lib/python3.7/site-packages/sklearn/utils/fixes.py'>
"""

The above exception was the direct cause of the following exception:

Traceback (most recent call last):
  File "/Users/lavi/opt/anaconda3/envs/stock02/lib/python3.7/site-packages/pycaret/internal/tabular.py", line 2195, in compare_models
    refit=False,
  File "/Users/lavi/opt/anaconda3/envs/stock02/lib/python3.7/site-packages/pycaret/internal/tabular.py", line 3125, in create_model_supervised
    error_score=0,
  File "/Users/lavi/opt/anaconda3/envs/stock02/lib/python3.7/site-packages/sklearn/utils/validation.py", line 63, in inner_f
    # ignore first 'self' argument for instance methods
  File "/Users/lavi/opt/anaconda3/envs/stock02/lib/python3.7/site-packages/sklearn/model_selection/_validation.py", line 252, in cross_validate
    train_scores = zipped_scores.pop(0)
  File "/Users/lavi/opt/anaconda3/envs/stock02/lib/python3.7/site-packages/joblib/parallel.py", line 1054, in __call__
    self.retrieve()
  File "/Users/lavi/opt/anaconda3/envs/stock02/lib/python3.7/site-packages/joblib/parallel.py", line 933, in retrieve
    self._output.extend(job.get(timeout=self.timeout))
  File "/Users/lavi/opt/anaconda3/envs/stock02/lib/python3.7/site-packages/joblib/_parallel_backends.py", line 542, in wrap_future_result
    return future.result(timeout=timeout)
  File "/Users/lavi/opt/anaconda3/envs/stock02/lib/python3.7/concurrent/futures/_base.py", line 435, in result
    return self.__get_result()
  File "/Users/lavi/opt/anaconda3/envs/stock02/lib/python3.7/concurrent/futures/_base.py", line 384, in __get_result
    raise self._exception
joblib.externals.loky.process_executor.BrokenProcessPool: A task has failed to un-serialize. Please ensure that the arguments of the function are all picklable.

2021-06-05 09:16:57,284:INFO:Initializing Bayesian Ridge
2021-06-05 09:16:57,284:INFO:Total runtime is 0.36068816582361857 minutes
2021-06-05 09:16:57,292:INFO:SubProcess create_model() called ==================================
2021-06-05 09:16:57,292:INFO:Initializing create_model()
2021-06-05 09:16:57,292:INFO:create_model(estimator=br, fold=KFold(n_splits=10, random_state=None, shuffle=False), round=4, cross_validation=True, predict=True, fit_kwargs={}, groups=None, refit=False, verbose=False, system=False, metrics=None, display=<pycaret.internal.Display.Display object at 0x7fc439a56890>, kwargs={})
2021-06-05 09:16:57,292:INFO:Checking exceptions
2021-06-05 09:16:57,293:INFO:Importing libraries
2021-06-05 09:16:57,293:INFO:Copying training dataset
2021-06-05 09:16:57,293:INFO:Defining folds
2021-06-05 09:16:57,293:INFO:Declaring metric variables
2021-06-05 09:16:57,298:INFO:Importing untrained model
2021-06-05 09:16:57,303:INFO:Bayesian Ridge Imported succesfully
2021-06-05 09:16:57,313:INFO:Starting cross validation
2021-06-05 09:16:57,313:INFO:Cross validating with KFold(n_splits=10, random_state=None, shuffle=False), n_jobs=-1
2021-06-05 09:16:58,350:WARNING:create_model() for br raised an exception or returned all 0.0, trying without fit_kwargs:
2021-06-05 09:16:58,351:WARNING:joblib.externals.loky.process_executor._RemoteTraceback: 
"""
Traceback (most recent call last):
  File "/Users/lavi/opt/anaconda3/envs/stock02/lib/python3.7/site-packages/joblib/externals/loky/process_executor.py", line 404, in _process_worker
    call_item = call_queue.get(block=True, timeout=timeout)
  File "/Users/lavi/opt/anaconda3/envs/stock02/lib/python3.7/multiprocessing/queues.py", line 113, in get
    return _ForkingPickler.loads(res)
AttributeError: Can't get attribute '_FuncWrapper' on <module 'sklearn.utils.fixes' from '/Users/lavi/opt/anaconda3/envs/stock02/lib/python3.7/site-packages/sklearn/utils/fixes.py'>
"""

The above exception was the direct cause of the following exception:

Traceback (most recent call last):
  File "/Users/lavi/opt/anaconda3/envs/stock02/lib/python3.7/site-packages/pycaret/internal/tabular.py", line 2176, in compare_models
    refit=False,
  File "/Users/lavi/opt/anaconda3/envs/stock02/lib/python3.7/site-packages/pycaret/internal/tabular.py", line 3125, in create_model_supervised
    error_score=0,
  File "/Users/lavi/opt/anaconda3/envs/stock02/lib/python3.7/site-packages/sklearn/utils/validation.py", line 63, in inner_f
    # ignore first 'self' argument for instance methods
  File "/Users/lavi/opt/anaconda3/envs/stock02/lib/python3.7/site-packages/sklearn/model_selection/_validation.py", line 252, in cross_validate
    train_scores = zipped_scores.pop(0)
  File "/Users/lavi/opt/anaconda3/envs/stock02/lib/python3.7/site-packages/joblib/parallel.py", line 1054, in __call__
    self.retrieve()
  File "/Users/lavi/opt/anaconda3/envs/stock02/lib/python3.7/site-packages/joblib/parallel.py", line 933, in retrieve
    self._output.extend(job.get(timeout=self.timeout))
  File "/Users/lavi/opt/anaconda3/envs/stock02/lib/python3.7/site-packages/joblib/_parallel_backends.py", line 542, in wrap_future_result
    return future.result(timeout=timeout)
  File "/Users/lavi/opt/anaconda3/envs/stock02/lib/python3.7/concurrent/futures/_base.py", line 435, in result
    return self.__get_result()
  File "/Users/lavi/opt/anaconda3/envs/stock02/lib/python3.7/concurrent/futures/_base.py", line 384, in __get_result
    raise self._exception
joblib.externals.loky.process_executor.BrokenProcessPool: A task has failed to un-serialize. Please ensure that the arguments of the function are all picklable.

2021-06-05 09:16:58,352:INFO:Initializing create_model()
2021-06-05 09:16:58,352:INFO:create_model(estimator=br, fold=KFold(n_splits=10, random_state=None, shuffle=False), round=4, cross_validation=True, predict=True, fit_kwargs=None, groups=None, refit=False, verbose=False, system=False, metrics=None, display=<pycaret.internal.Display.Display object at 0x7fc439a56890>, kwargs={})
2021-06-05 09:16:58,352:INFO:Checking exceptions
2021-06-05 09:16:58,352:INFO:Importing libraries
2021-06-05 09:16:58,352:INFO:Copying training dataset
2021-06-05 09:16:58,353:INFO:Defining folds
2021-06-05 09:16:58,353:INFO:Declaring metric variables
2021-06-05 09:16:58,359:INFO:Importing untrained model
2021-06-05 09:16:58,364:INFO:Bayesian Ridge Imported succesfully
2021-06-05 09:16:58,374:INFO:Starting cross validation
2021-06-05 09:16:58,375:INFO:Cross validating with KFold(n_splits=10, random_state=None, shuffle=False), n_jobs=-1
2021-06-05 09:16:59,440:ERROR:create_model() for br raised an exception:
2021-06-05 09:16:59,440:ERROR:joblib.externals.loky.process_executor._RemoteTraceback: 
"""
Traceback (most recent call last):
  File "/Users/lavi/opt/anaconda3/envs/stock02/lib/python3.7/site-packages/joblib/externals/loky/process_executor.py", line 404, in _process_worker
    call_item = call_queue.get(block=True, timeout=timeout)
  File "/Users/lavi/opt/anaconda3/envs/stock02/lib/python3.7/multiprocessing/queues.py", line 113, in get
    return _ForkingPickler.loads(res)
AttributeError: Can't get attribute '_FuncWrapper' on <module 'sklearn.utils.fixes' from '/Users/lavi/opt/anaconda3/envs/stock02/lib/python3.7/site-packages/sklearn/utils/fixes.py'>
"""

The above exception was the direct cause of the following exception:

Traceback (most recent call last):
  File "/Users/lavi/opt/anaconda3/envs/stock02/lib/python3.7/site-packages/pycaret/internal/tabular.py", line 2195, in compare_models
    refit=False,
  File "/Users/lavi/opt/anaconda3/envs/stock02/lib/python3.7/site-packages/pycaret/internal/tabular.py", line 3125, in create_model_supervised
    error_score=0,
  File "/Users/lavi/opt/anaconda3/envs/stock02/lib/python3.7/site-packages/sklearn/utils/validation.py", line 63, in inner_f
    # ignore first 'self' argument for instance methods
  File "/Users/lavi/opt/anaconda3/envs/stock02/lib/python3.7/site-packages/sklearn/model_selection/_validation.py", line 252, in cross_validate
    train_scores = zipped_scores.pop(0)
  File "/Users/lavi/opt/anaconda3/envs/stock02/lib/python3.7/site-packages/joblib/parallel.py", line 1054, in __call__
    self.retrieve()
  File "/Users/lavi/opt/anaconda3/envs/stock02/lib/python3.7/site-packages/joblib/parallel.py", line 933, in retrieve
    self._output.extend(job.get(timeout=self.timeout))
  File "/Users/lavi/opt/anaconda3/envs/stock02/lib/python3.7/site-packages/joblib/_parallel_backends.py", line 542, in wrap_future_result
    return future.result(timeout=timeout)
  File "/Users/lavi/opt/anaconda3/envs/stock02/lib/python3.7/concurrent/futures/_base.py", line 435, in result
    return self.__get_result()
  File "/Users/lavi/opt/anaconda3/envs/stock02/lib/python3.7/concurrent/futures/_base.py", line 384, in __get_result
    raise self._exception
joblib.externals.loky.process_executor.BrokenProcessPool: A task has failed to un-serialize. Please ensure that the arguments of the function are all picklable.

2021-06-05 09:16:59,440:INFO:Initializing Passive Aggressive Regressor
2021-06-05 09:16:59,440:INFO:Total runtime is 0.39662264585494994 minutes
2021-06-05 09:16:59,447:INFO:SubProcess create_model() called ==================================
2021-06-05 09:16:59,448:INFO:Initializing create_model()
2021-06-05 09:16:59,448:INFO:create_model(estimator=par, fold=KFold(n_splits=10, random_state=None, shuffle=False), round=4, cross_validation=True, predict=True, fit_kwargs={}, groups=None, refit=False, verbose=False, system=False, metrics=None, display=<pycaret.internal.Display.Display object at 0x7fc439a56890>, kwargs={})
2021-06-05 09:16:59,448:INFO:Checking exceptions
2021-06-05 09:16:59,448:INFO:Importing libraries
2021-06-05 09:16:59,448:INFO:Copying training dataset
2021-06-05 09:16:59,449:INFO:Defining folds
2021-06-05 09:16:59,449:INFO:Declaring metric variables
2021-06-05 09:16:59,453:INFO:Importing untrained model
2021-06-05 09:16:59,458:INFO:Passive Aggressive Regressor Imported succesfully
2021-06-05 09:16:59,468:INFO:Starting cross validation
2021-06-05 09:16:59,469:INFO:Cross validating with KFold(n_splits=10, random_state=None, shuffle=False), n_jobs=-1
2021-06-05 09:17:00,511:WARNING:create_model() for par raised an exception or returned all 0.0, trying without fit_kwargs:
2021-06-05 09:17:00,512:WARNING:joblib.externals.loky.process_executor._RemoteTraceback: 
"""
Traceback (most recent call last):
  File "/Users/lavi/opt/anaconda3/envs/stock02/lib/python3.7/site-packages/joblib/externals/loky/process_executor.py", line 404, in _process_worker
    call_item = call_queue.get(block=True, timeout=timeout)
  File "/Users/lavi/opt/anaconda3/envs/stock02/lib/python3.7/multiprocessing/queues.py", line 113, in get
    return _ForkingPickler.loads(res)
AttributeError: Can't get attribute '_FuncWrapper' on <module 'sklearn.utils.fixes' from '/Users/lavi/opt/anaconda3/envs/stock02/lib/python3.7/site-packages/sklearn/utils/fixes.py'>
"""

The above exception was the direct cause of the following exception:

Traceback (most recent call last):
  File "/Users/lavi/opt/anaconda3/envs/stock02/lib/python3.7/site-packages/pycaret/internal/tabular.py", line 2176, in compare_models
    refit=False,
  File "/Users/lavi/opt/anaconda3/envs/stock02/lib/python3.7/site-packages/pycaret/internal/tabular.py", line 3125, in create_model_supervised
    error_score=0,
  File "/Users/lavi/opt/anaconda3/envs/stock02/lib/python3.7/site-packages/sklearn/utils/validation.py", line 63, in inner_f
    # ignore first 'self' argument for instance methods
  File "/Users/lavi/opt/anaconda3/envs/stock02/lib/python3.7/site-packages/sklearn/model_selection/_validation.py", line 252, in cross_validate
    train_scores = zipped_scores.pop(0)
  File "/Users/lavi/opt/anaconda3/envs/stock02/lib/python3.7/site-packages/joblib/parallel.py", line 1054, in __call__
    self.retrieve()
  File "/Users/lavi/opt/anaconda3/envs/stock02/lib/python3.7/site-packages/joblib/parallel.py", line 933, in retrieve
    self._output.extend(job.get(timeout=self.timeout))
  File "/Users/lavi/opt/anaconda3/envs/stock02/lib/python3.7/site-packages/joblib/_parallel_backends.py", line 542, in wrap_future_result
    return future.result(timeout=timeout)
  File "/Users/lavi/opt/anaconda3/envs/stock02/lib/python3.7/concurrent/futures/_base.py", line 435, in result
    return self.__get_result()
  File "/Users/lavi/opt/anaconda3/envs/stock02/lib/python3.7/concurrent/futures/_base.py", line 384, in __get_result
    raise self._exception
joblib.externals.loky.process_executor.BrokenProcessPool: A task has failed to un-serialize. Please ensure that the arguments of the function are all picklable.

2021-06-05 09:17:00,513:INFO:Initializing create_model()
2021-06-05 09:17:00,513:INFO:create_model(estimator=par, fold=KFold(n_splits=10, random_state=None, shuffle=False), round=4, cross_validation=True, predict=True, fit_kwargs=None, groups=None, refit=False, verbose=False, system=False, metrics=None, display=<pycaret.internal.Display.Display object at 0x7fc439a56890>, kwargs={})
2021-06-05 09:17:00,513:INFO:Checking exceptions
2021-06-05 09:17:00,513:INFO:Importing libraries
2021-06-05 09:17:00,513:INFO:Copying training dataset
2021-06-05 09:17:00,514:INFO:Defining folds
2021-06-05 09:17:00,514:INFO:Declaring metric variables
2021-06-05 09:17:00,520:INFO:Importing untrained model
2021-06-05 09:17:00,526:INFO:Passive Aggressive Regressor Imported succesfully
2021-06-05 09:17:00,536:INFO:Starting cross validation
2021-06-05 09:17:00,536:INFO:Cross validating with KFold(n_splits=10, random_state=None, shuffle=False), n_jobs=-1
2021-06-05 09:17:01,589:ERROR:create_model() for par raised an exception:
2021-06-05 09:17:01,590:ERROR:joblib.externals.loky.process_executor._RemoteTraceback: 
"""
Traceback (most recent call last):
  File "/Users/lavi/opt/anaconda3/envs/stock02/lib/python3.7/site-packages/joblib/externals/loky/process_executor.py", line 404, in _process_worker
    call_item = call_queue.get(block=True, timeout=timeout)
  File "/Users/lavi/opt/anaconda3/envs/stock02/lib/python3.7/multiprocessing/queues.py", line 113, in get
    return _ForkingPickler.loads(res)
AttributeError: Can't get attribute '_FuncWrapper' on <module 'sklearn.utils.fixes' from '/Users/lavi/opt/anaconda3/envs/stock02/lib/python3.7/site-packages/sklearn/utils/fixes.py'>
"""

The above exception was the direct cause of the following exception:

Traceback (most recent call last):
  File "/Users/lavi/opt/anaconda3/envs/stock02/lib/python3.7/site-packages/pycaret/internal/tabular.py", line 2195, in compare_models
    refit=False,
  File "/Users/lavi/opt/anaconda3/envs/stock02/lib/python3.7/site-packages/pycaret/internal/tabular.py", line 3125, in create_model_supervised
    error_score=0,
  File "/Users/lavi/opt/anaconda3/envs/stock02/lib/python3.7/site-packages/sklearn/utils/validation.py", line 63, in inner_f
    # ignore first 'self' argument for instance methods
  File "/Users/lavi/opt/anaconda3/envs/stock02/lib/python3.7/site-packages/sklearn/model_selection/_validation.py", line 252, in cross_validate
    train_scores = zipped_scores.pop(0)
  File "/Users/lavi/opt/anaconda3/envs/stock02/lib/python3.7/site-packages/joblib/parallel.py", line 1054, in __call__
    self.retrieve()
  File "/Users/lavi/opt/anaconda3/envs/stock02/lib/python3.7/site-packages/joblib/parallel.py", line 933, in retrieve
    self._output.extend(job.get(timeout=self.timeout))
  File "/Users/lavi/opt/anaconda3/envs/stock02/lib/python3.7/site-packages/joblib/_parallel_backends.py", line 542, in wrap_future_result
    return future.result(timeout=timeout)
  File "/Users/lavi/opt/anaconda3/envs/stock02/lib/python3.7/concurrent/futures/_base.py", line 435, in result
    return self.__get_result()
  File "/Users/lavi/opt/anaconda3/envs/stock02/lib/python3.7/concurrent/futures/_base.py", line 384, in __get_result
    raise self._exception
joblib.externals.loky.process_executor.BrokenProcessPool: A task has failed to un-serialize. Please ensure that the arguments of the function are all picklable.

2021-06-05 09:17:01,590:INFO:Initializing Huber Regressor
2021-06-05 09:17:01,590:INFO:Total runtime is 0.4324469963709513 minutes
2021-06-05 09:17:01,597:INFO:SubProcess create_model() called ==================================
2021-06-05 09:17:01,597:INFO:Initializing create_model()
2021-06-05 09:17:01,597:INFO:create_model(estimator=huber, fold=KFold(n_splits=10, random_state=None, shuffle=False), round=4, cross_validation=True, predict=True, fit_kwargs={}, groups=None, refit=False, verbose=False, system=False, metrics=None, display=<pycaret.internal.Display.Display object at 0x7fc439a56890>, kwargs={})
2021-06-05 09:17:01,597:INFO:Checking exceptions
2021-06-05 09:17:01,597:INFO:Importing libraries
2021-06-05 09:17:01,597:INFO:Copying training dataset
2021-06-05 09:17:01,598:INFO:Defining folds
2021-06-05 09:17:01,598:INFO:Declaring metric variables
2021-06-05 09:17:01,603:INFO:Importing untrained model
2021-06-05 09:17:01,608:INFO:Huber Regressor Imported succesfully
2021-06-05 09:17:01,617:INFO:Starting cross validation
2021-06-05 09:17:01,618:INFO:Cross validating with KFold(n_splits=10, random_state=None, shuffle=False), n_jobs=-1
2021-06-05 09:17:02,660:WARNING:create_model() for huber raised an exception or returned all 0.0, trying without fit_kwargs:
2021-06-05 09:17:02,661:WARNING:joblib.externals.loky.process_executor._RemoteTraceback: 
"""
Traceback (most recent call last):
  File "/Users/lavi/opt/anaconda3/envs/stock02/lib/python3.7/site-packages/joblib/externals/loky/process_executor.py", line 404, in _process_worker
    call_item = call_queue.get(block=True, timeout=timeout)
  File "/Users/lavi/opt/anaconda3/envs/stock02/lib/python3.7/multiprocessing/queues.py", line 113, in get
    return _ForkingPickler.loads(res)
AttributeError: Can't get attribute '_FuncWrapper' on <module 'sklearn.utils.fixes' from '/Users/lavi/opt/anaconda3/envs/stock02/lib/python3.7/site-packages/sklearn/utils/fixes.py'>
"""

The above exception was the direct cause of the following exception:

Traceback (most recent call last):
  File "/Users/lavi/opt/anaconda3/envs/stock02/lib/python3.7/site-packages/pycaret/internal/tabular.py", line 2176, in compare_models
    refit=False,
  File "/Users/lavi/opt/anaconda3/envs/stock02/lib/python3.7/site-packages/pycaret/internal/tabular.py", line 3125, in create_model_supervised
    error_score=0,
  File "/Users/lavi/opt/anaconda3/envs/stock02/lib/python3.7/site-packages/sklearn/utils/validation.py", line 63, in inner_f
    # ignore first 'self' argument for instance methods
  File "/Users/lavi/opt/anaconda3/envs/stock02/lib/python3.7/site-packages/sklearn/model_selection/_validation.py", line 252, in cross_validate
    train_scores = zipped_scores.pop(0)
  File "/Users/lavi/opt/anaconda3/envs/stock02/lib/python3.7/site-packages/joblib/parallel.py", line 1054, in __call__
    self.retrieve()
  File "/Users/lavi/opt/anaconda3/envs/stock02/lib/python3.7/site-packages/joblib/parallel.py", line 933, in retrieve
    self._output.extend(job.get(timeout=self.timeout))
  File "/Users/lavi/opt/anaconda3/envs/stock02/lib/python3.7/site-packages/joblib/_parallel_backends.py", line 542, in wrap_future_result
    return future.result(timeout=timeout)
  File "/Users/lavi/opt/anaconda3/envs/stock02/lib/python3.7/concurrent/futures/_base.py", line 435, in result
    return self.__get_result()
  File "/Users/lavi/opt/anaconda3/envs/stock02/lib/python3.7/concurrent/futures/_base.py", line 384, in __get_result
    raise self._exception
joblib.externals.loky.process_executor.BrokenProcessPool: A task has failed to un-serialize. Please ensure that the arguments of the function are all picklable.

2021-06-05 09:17:02,662:INFO:Initializing create_model()
2021-06-05 09:17:02,662:INFO:create_model(estimator=huber, fold=KFold(n_splits=10, random_state=None, shuffle=False), round=4, cross_validation=True, predict=True, fit_kwargs=None, groups=None, refit=False, verbose=False, system=False, metrics=None, display=<pycaret.internal.Display.Display object at 0x7fc439a56890>, kwargs={})
2021-06-05 09:17:02,662:INFO:Checking exceptions
2021-06-05 09:17:02,662:INFO:Importing libraries
2021-06-05 09:17:02,662:INFO:Copying training dataset
2021-06-05 09:17:02,663:INFO:Defining folds
2021-06-05 09:17:02,663:INFO:Declaring metric variables
2021-06-05 09:17:02,669:INFO:Importing untrained model
2021-06-05 09:17:02,674:INFO:Huber Regressor Imported succesfully
2021-06-05 09:17:02,685:INFO:Starting cross validation
2021-06-05 09:17:02,685:INFO:Cross validating with KFold(n_splits=10, random_state=None, shuffle=False), n_jobs=-1
2021-06-05 09:17:03,739:ERROR:create_model() for huber raised an exception:
2021-06-05 09:17:03,740:ERROR:joblib.externals.loky.process_executor._RemoteTraceback: 
"""
Traceback (most recent call last):
  File "/Users/lavi/opt/anaconda3/envs/stock02/lib/python3.7/site-packages/joblib/externals/loky/process_executor.py", line 404, in _process_worker
    call_item = call_queue.get(block=True, timeout=timeout)
  File "/Users/lavi/opt/anaconda3/envs/stock02/lib/python3.7/multiprocessing/queues.py", line 113, in get
    return _ForkingPickler.loads(res)
AttributeError: Can't get attribute '_FuncWrapper' on <module 'sklearn.utils.fixes' from '/Users/lavi/opt/anaconda3/envs/stock02/lib/python3.7/site-packages/sklearn/utils/fixes.py'>
"""

The above exception was the direct cause of the following exception:

Traceback (most recent call last):
  File "/Users/lavi/opt/anaconda3/envs/stock02/lib/python3.7/site-packages/pycaret/internal/tabular.py", line 2195, in compare_models
    refit=False,
  File "/Users/lavi/opt/anaconda3/envs/stock02/lib/python3.7/site-packages/pycaret/internal/tabular.py", line 3125, in create_model_supervised
    error_score=0,
  File "/Users/lavi/opt/anaconda3/envs/stock02/lib/python3.7/site-packages/sklearn/utils/validation.py", line 63, in inner_f
    # ignore first 'self' argument for instance methods
  File "/Users/lavi/opt/anaconda3/envs/stock02/lib/python3.7/site-packages/sklearn/model_selection/_validation.py", line 252, in cross_validate
    train_scores = zipped_scores.pop(0)
  File "/Users/lavi/opt/anaconda3/envs/stock02/lib/python3.7/site-packages/joblib/parallel.py", line 1054, in __call__
    self.retrieve()
  File "/Users/lavi/opt/anaconda3/envs/stock02/lib/python3.7/site-packages/joblib/parallel.py", line 933, in retrieve
    self._output.extend(job.get(timeout=self.timeout))
  File "/Users/lavi/opt/anaconda3/envs/stock02/lib/python3.7/site-packages/joblib/_parallel_backends.py", line 542, in wrap_future_result
    return future.result(timeout=timeout)
  File "/Users/lavi/opt/anaconda3/envs/stock02/lib/python3.7/concurrent/futures/_base.py", line 435, in result
    return self.__get_result()
  File "/Users/lavi/opt/anaconda3/envs/stock02/lib/python3.7/concurrent/futures/_base.py", line 384, in __get_result
    raise self._exception
joblib.externals.loky.process_executor.BrokenProcessPool: A task has failed to un-serialize. Please ensure that the arguments of the function are all picklable.

2021-06-05 09:17:03,740:INFO:Initializing K Neighbors Regressor
2021-06-05 09:17:03,740:INFO:Total runtime is 0.46828038295110064 minutes
2021-06-05 09:17:03,747:INFO:SubProcess create_model() called ==================================
2021-06-05 09:17:03,748:INFO:Initializing create_model()
2021-06-05 09:17:03,748:INFO:create_model(estimator=knn, fold=KFold(n_splits=10, random_state=None, shuffle=False), round=4, cross_validation=True, predict=True, fit_kwargs={}, groups=None, refit=False, verbose=False, system=False, metrics=None, display=<pycaret.internal.Display.Display object at 0x7fc439a56890>, kwargs={})
2021-06-05 09:17:03,748:INFO:Checking exceptions
2021-06-05 09:17:03,748:INFO:Importing libraries
2021-06-05 09:17:03,748:INFO:Copying training dataset
2021-06-05 09:17:03,749:INFO:Defining folds
2021-06-05 09:17:03,749:INFO:Declaring metric variables
2021-06-05 09:17:03,754:INFO:Importing untrained model
2021-06-05 09:17:03,759:INFO:K Neighbors Regressor Imported succesfully
2021-06-05 09:17:03,768:INFO:Starting cross validation
2021-06-05 09:17:03,769:INFO:Cross validating with KFold(n_splits=10, random_state=None, shuffle=False), n_jobs=-1
2021-06-05 09:17:04,884:WARNING:create_model() for knn raised an exception or returned all 0.0, trying without fit_kwargs:
2021-06-05 09:17:04,885:WARNING:joblib.externals.loky.process_executor._RemoteTraceback: 
"""
Traceback (most recent call last):
  File "/Users/lavi/opt/anaconda3/envs/stock02/lib/python3.7/site-packages/joblib/externals/loky/process_executor.py", line 404, in _process_worker
    call_item = call_queue.get(block=True, timeout=timeout)
  File "/Users/lavi/opt/anaconda3/envs/stock02/lib/python3.7/multiprocessing/queues.py", line 113, in get
    return _ForkingPickler.loads(res)
AttributeError: Can't get attribute '_FuncWrapper' on <module 'sklearn.utils.fixes' from '/Users/lavi/opt/anaconda3/envs/stock02/lib/python3.7/site-packages/sklearn/utils/fixes.py'>
"""

The above exception was the direct cause of the following exception:

Traceback (most recent call last):
  File "/Users/lavi/opt/anaconda3/envs/stock02/lib/python3.7/site-packages/pycaret/internal/tabular.py", line 2176, in compare_models
    refit=False,
  File "/Users/lavi/opt/anaconda3/envs/stock02/lib/python3.7/site-packages/pycaret/internal/tabular.py", line 3125, in create_model_supervised
    error_score=0,
  File "/Users/lavi/opt/anaconda3/envs/stock02/lib/python3.7/site-packages/sklearn/utils/validation.py", line 63, in inner_f
    # ignore first 'self' argument for instance methods
  File "/Users/lavi/opt/anaconda3/envs/stock02/lib/python3.7/site-packages/sklearn/model_selection/_validation.py", line 252, in cross_validate
    train_scores = zipped_scores.pop(0)
  File "/Users/lavi/opt/anaconda3/envs/stock02/lib/python3.7/site-packages/joblib/parallel.py", line 1054, in __call__
    self.retrieve()
  File "/Users/lavi/opt/anaconda3/envs/stock02/lib/python3.7/site-packages/joblib/parallel.py", line 933, in retrieve
    self._output.extend(job.get(timeout=self.timeout))
  File "/Users/lavi/opt/anaconda3/envs/stock02/lib/python3.7/site-packages/joblib/_parallel_backends.py", line 542, in wrap_future_result
    return future.result(timeout=timeout)
  File "/Users/lavi/opt/anaconda3/envs/stock02/lib/python3.7/concurrent/futures/_base.py", line 435, in result
    return self.__get_result()
  File "/Users/lavi/opt/anaconda3/envs/stock02/lib/python3.7/concurrent/futures/_base.py", line 384, in __get_result
    raise self._exception
joblib.externals.loky.process_executor.BrokenProcessPool: A task has failed to un-serialize. Please ensure that the arguments of the function are all picklable.

2021-06-05 09:17:04,885:INFO:Initializing create_model()
2021-06-05 09:17:04,885:INFO:create_model(estimator=knn, fold=KFold(n_splits=10, random_state=None, shuffle=False), round=4, cross_validation=True, predict=True, fit_kwargs=None, groups=None, refit=False, verbose=False, system=False, metrics=None, display=<pycaret.internal.Display.Display object at 0x7fc439a56890>, kwargs={})
2021-06-05 09:17:04,885:INFO:Checking exceptions
2021-06-05 09:17:04,885:INFO:Importing libraries
2021-06-05 09:17:04,886:INFO:Copying training dataset
2021-06-05 09:17:04,887:INFO:Defining folds
2021-06-05 09:17:04,887:INFO:Declaring metric variables
2021-06-05 09:17:04,893:INFO:Importing untrained model
2021-06-05 09:17:04,899:INFO:K Neighbors Regressor Imported succesfully
2021-06-05 09:17:04,909:INFO:Starting cross validation
2021-06-05 09:17:04,909:INFO:Cross validating with KFold(n_splits=10, random_state=None, shuffle=False), n_jobs=-1
2021-06-05 09:17:06,110:ERROR:create_model() for knn raised an exception:
2021-06-05 09:17:06,110:ERROR:joblib.externals.loky.process_executor._RemoteTraceback: 
"""
Traceback (most recent call last):
  File "/Users/lavi/opt/anaconda3/envs/stock02/lib/python3.7/site-packages/joblib/externals/loky/process_executor.py", line 404, in _process_worker
    call_item = call_queue.get(block=True, timeout=timeout)
  File "/Users/lavi/opt/anaconda3/envs/stock02/lib/python3.7/multiprocessing/queues.py", line 113, in get
    return _ForkingPickler.loads(res)
AttributeError: Can't get attribute '_FuncWrapper' on <module 'sklearn.utils.fixes' from '/Users/lavi/opt/anaconda3/envs/stock02/lib/python3.7/site-packages/sklearn/utils/fixes.py'>
"""

The above exception was the direct cause of the following exception:

Traceback (most recent call last):
  File "/Users/lavi/opt/anaconda3/envs/stock02/lib/python3.7/site-packages/pycaret/internal/tabular.py", line 2195, in compare_models
    refit=False,
  File "/Users/lavi/opt/anaconda3/envs/stock02/lib/python3.7/site-packages/pycaret/internal/tabular.py", line 3125, in create_model_supervised
    error_score=0,
  File "/Users/lavi/opt/anaconda3/envs/stock02/lib/python3.7/site-packages/sklearn/utils/validation.py", line 63, in inner_f
    # ignore first 'self' argument for instance methods
  File "/Users/lavi/opt/anaconda3/envs/stock02/lib/python3.7/site-packages/sklearn/model_selection/_validation.py", line 252, in cross_validate
    train_scores = zipped_scores.pop(0)
  File "/Users/lavi/opt/anaconda3/envs/stock02/lib/python3.7/site-packages/joblib/parallel.py", line 1054, in __call__
    self.retrieve()
  File "/Users/lavi/opt/anaconda3/envs/stock02/lib/python3.7/site-packages/joblib/parallel.py", line 933, in retrieve
    self._output.extend(job.get(timeout=self.timeout))
  File "/Users/lavi/opt/anaconda3/envs/stock02/lib/python3.7/site-packages/joblib/_parallel_backends.py", line 542, in wrap_future_result
    return future.result(timeout=timeout)
  File "/Users/lavi/opt/anaconda3/envs/stock02/lib/python3.7/concurrent/futures/_base.py", line 435, in result
    return self.__get_result()
  File "/Users/lavi/opt/anaconda3/envs/stock02/lib/python3.7/concurrent/futures/_base.py", line 384, in __get_result
    raise self._exception
joblib.externals.loky.process_executor.BrokenProcessPool: A task has failed to un-serialize. Please ensure that the arguments of the function are all picklable.

2021-06-05 09:17:06,111:INFO:Initializing Decision Tree Regressor
2021-06-05 09:17:06,111:INFO:Total runtime is 0.5077925324440002 minutes
2021-06-05 09:17:06,119:INFO:SubProcess create_model() called ==================================
2021-06-05 09:17:06,119:INFO:Initializing create_model()
2021-06-05 09:17:06,120:INFO:create_model(estimator=dt, fold=KFold(n_splits=10, random_state=None, shuffle=False), round=4, cross_validation=True, predict=True, fit_kwargs={}, groups=None, refit=False, verbose=False, system=False, metrics=None, display=<pycaret.internal.Display.Display object at 0x7fc439a56890>, kwargs={})
2021-06-05 09:17:06,120:INFO:Checking exceptions
2021-06-05 09:17:06,120:INFO:Importing libraries
2021-06-05 09:17:06,120:INFO:Copying training dataset
2021-06-05 09:17:06,121:INFO:Defining folds
2021-06-05 09:17:06,121:INFO:Declaring metric variables
2021-06-05 09:17:06,126:INFO:Importing untrained model
2021-06-05 09:17:06,131:INFO:Decision Tree Regressor Imported succesfully
2021-06-05 09:17:06,142:INFO:Starting cross validation
2021-06-05 09:17:06,143:INFO:Cross validating with KFold(n_splits=10, random_state=None, shuffle=False), n_jobs=-1
2021-06-05 09:17:07,386:WARNING:create_model() for dt raised an exception or returned all 0.0, trying without fit_kwargs:
2021-06-05 09:17:07,387:WARNING:joblib.externals.loky.process_executor._RemoteTraceback: 
"""
Traceback (most recent call last):
  File "/Users/lavi/opt/anaconda3/envs/stock02/lib/python3.7/site-packages/joblib/externals/loky/process_executor.py", line 404, in _process_worker
    call_item = call_queue.get(block=True, timeout=timeout)
  File "/Users/lavi/opt/anaconda3/envs/stock02/lib/python3.7/multiprocessing/queues.py", line 113, in get
    return _ForkingPickler.loads(res)
AttributeError: Can't get attribute '_FuncWrapper' on <module 'sklearn.utils.fixes' from '/Users/lavi/opt/anaconda3/envs/stock02/lib/python3.7/site-packages/sklearn/utils/fixes.py'>
"""

The above exception was the direct cause of the following exception:

Traceback (most recent call last):
  File "/Users/lavi/opt/anaconda3/envs/stock02/lib/python3.7/site-packages/pycaret/internal/tabular.py", line 2176, in compare_models
    refit=False,
  File "/Users/lavi/opt/anaconda3/envs/stock02/lib/python3.7/site-packages/pycaret/internal/tabular.py", line 3125, in create_model_supervised
    error_score=0,
  File "/Users/lavi/opt/anaconda3/envs/stock02/lib/python3.7/site-packages/sklearn/utils/validation.py", line 63, in inner_f
    # ignore first 'self' argument for instance methods
  File "/Users/lavi/opt/anaconda3/envs/stock02/lib/python3.7/site-packages/sklearn/model_selection/_validation.py", line 252, in cross_validate
    train_scores = zipped_scores.pop(0)
  File "/Users/lavi/opt/anaconda3/envs/stock02/lib/python3.7/site-packages/joblib/parallel.py", line 1054, in __call__
    self.retrieve()
  File "/Users/lavi/opt/anaconda3/envs/stock02/lib/python3.7/site-packages/joblib/parallel.py", line 933, in retrieve
    self._output.extend(job.get(timeout=self.timeout))
  File "/Users/lavi/opt/anaconda3/envs/stock02/lib/python3.7/site-packages/joblib/_parallel_backends.py", line 542, in wrap_future_result
    return future.result(timeout=timeout)
  File "/Users/lavi/opt/anaconda3/envs/stock02/lib/python3.7/concurrent/futures/_base.py", line 435, in result
    return self.__get_result()
  File "/Users/lavi/opt/anaconda3/envs/stock02/lib/python3.7/concurrent/futures/_base.py", line 384, in __get_result
    raise self._exception
joblib.externals.loky.process_executor.BrokenProcessPool: A task has failed to un-serialize. Please ensure that the arguments of the function are all picklable.

2021-06-05 09:17:07,387:INFO:Initializing create_model()
2021-06-05 09:17:07,387:INFO:create_model(estimator=dt, fold=KFold(n_splits=10, random_state=None, shuffle=False), round=4, cross_validation=True, predict=True, fit_kwargs=None, groups=None, refit=False, verbose=False, system=False, metrics=None, display=<pycaret.internal.Display.Display object at 0x7fc439a56890>, kwargs={})
2021-06-05 09:17:07,387:INFO:Checking exceptions
2021-06-05 09:17:07,387:INFO:Importing libraries
2021-06-05 09:17:07,388:INFO:Copying training dataset
2021-06-05 09:17:07,389:INFO:Defining folds
2021-06-05 09:17:07,389:INFO:Declaring metric variables
2021-06-05 09:17:07,395:INFO:Importing untrained model
2021-06-05 09:17:07,400:INFO:Decision Tree Regressor Imported succesfully
2021-06-05 09:17:07,410:INFO:Starting cross validation
2021-06-05 09:17:07,410:INFO:Cross validating with KFold(n_splits=10, random_state=None, shuffle=False), n_jobs=-1
2021-06-05 09:17:08,499:ERROR:create_model() for dt raised an exception:
2021-06-05 09:17:08,499:ERROR:joblib.externals.loky.process_executor._RemoteTraceback: 
"""
Traceback (most recent call last):
  File "/Users/lavi/opt/anaconda3/envs/stock02/lib/python3.7/site-packages/joblib/externals/loky/process_executor.py", line 404, in _process_worker
    call_item = call_queue.get(block=True, timeout=timeout)
  File "/Users/lavi/opt/anaconda3/envs/stock02/lib/python3.7/multiprocessing/queues.py", line 113, in get
    return _ForkingPickler.loads(res)
AttributeError: Can't get attribute '_FuncWrapper' on <module 'sklearn.utils.fixes' from '/Users/lavi/opt/anaconda3/envs/stock02/lib/python3.7/site-packages/sklearn/utils/fixes.py'>
"""

The above exception was the direct cause of the following exception:

Traceback (most recent call last):
  File "/Users/lavi/opt/anaconda3/envs/stock02/lib/python3.7/site-packages/pycaret/internal/tabular.py", line 2195, in compare_models
    refit=False,
  File "/Users/lavi/opt/anaconda3/envs/stock02/lib/python3.7/site-packages/pycaret/internal/tabular.py", line 3125, in create_model_supervised
    error_score=0,
  File "/Users/lavi/opt/anaconda3/envs/stock02/lib/python3.7/site-packages/sklearn/utils/validation.py", line 63, in inner_f
    # ignore first 'self' argument for instance methods
  File "/Users/lavi/opt/anaconda3/envs/stock02/lib/python3.7/site-packages/sklearn/model_selection/_validation.py", line 252, in cross_validate
    train_scores = zipped_scores.pop(0)
  File "/Users/lavi/opt/anaconda3/envs/stock02/lib/python3.7/site-packages/joblib/parallel.py", line 1054, in __call__
    self.retrieve()
  File "/Users/lavi/opt/anaconda3/envs/stock02/lib/python3.7/site-packages/joblib/parallel.py", line 933, in retrieve
    self._output.extend(job.get(timeout=self.timeout))
  File "/Users/lavi/opt/anaconda3/envs/stock02/lib/python3.7/site-packages/joblib/_parallel_backends.py", line 542, in wrap_future_result
    return future.result(timeout=timeout)
  File "/Users/lavi/opt/anaconda3/envs/stock02/lib/python3.7/concurrent/futures/_base.py", line 435, in result
    return self.__get_result()
  File "/Users/lavi/opt/anaconda3/envs/stock02/lib/python3.7/concurrent/futures/_base.py", line 384, in __get_result
    raise self._exception
joblib.externals.loky.process_executor.BrokenProcessPool: A task has failed to un-serialize. Please ensure that the arguments of the function are all picklable.

2021-06-05 09:17:08,499:INFO:Initializing Random Forest Regressor
2021-06-05 09:17:08,499:INFO:Total runtime is 0.5476059118906657 minutes
2021-06-05 09:17:08,507:INFO:SubProcess create_model() called ==================================
2021-06-05 09:17:08,507:INFO:Initializing create_model()
2021-06-05 09:17:08,507:INFO:create_model(estimator=rf, fold=KFold(n_splits=10, random_state=None, shuffle=False), round=4, cross_validation=True, predict=True, fit_kwargs={}, groups=None, refit=False, verbose=False, system=False, metrics=None, display=<pycaret.internal.Display.Display object at 0x7fc439a56890>, kwargs={})
2021-06-05 09:17:08,507:INFO:Checking exceptions
2021-06-05 09:17:08,507:INFO:Importing libraries
2021-06-05 09:17:08,507:INFO:Copying training dataset
2021-06-05 09:17:08,508:INFO:Defining folds
2021-06-05 09:17:08,508:INFO:Declaring metric variables
2021-06-05 09:17:08,513:INFO:Importing untrained model
2021-06-05 09:17:08,518:INFO:Random Forest Regressor Imported succesfully
2021-06-05 09:17:08,528:INFO:Starting cross validation
2021-06-05 09:17:08,529:INFO:Cross validating with KFold(n_splits=10, random_state=None, shuffle=False), n_jobs=-1
2021-06-05 09:17:09,771:WARNING:create_model() for rf raised an exception or returned all 0.0, trying without fit_kwargs:
2021-06-05 09:17:09,772:WARNING:joblib.externals.loky.process_executor._RemoteTraceback: 
"""
Traceback (most recent call last):
  File "/Users/lavi/opt/anaconda3/envs/stock02/lib/python3.7/site-packages/joblib/externals/loky/process_executor.py", line 404, in _process_worker
    call_item = call_queue.get(block=True, timeout=timeout)
  File "/Users/lavi/opt/anaconda3/envs/stock02/lib/python3.7/multiprocessing/queues.py", line 113, in get
    return _ForkingPickler.loads(res)
AttributeError: Can't get attribute '_FuncWrapper' on <module 'sklearn.utils.fixes' from '/Users/lavi/opt/anaconda3/envs/stock02/lib/python3.7/site-packages/sklearn/utils/fixes.py'>
"""

The above exception was the direct cause of the following exception:

Traceback (most recent call last):
  File "/Users/lavi/opt/anaconda3/envs/stock02/lib/python3.7/site-packages/pycaret/internal/tabular.py", line 2176, in compare_models
    refit=False,
  File "/Users/lavi/opt/anaconda3/envs/stock02/lib/python3.7/site-packages/pycaret/internal/tabular.py", line 3125, in create_model_supervised
    error_score=0,
  File "/Users/lavi/opt/anaconda3/envs/stock02/lib/python3.7/site-packages/sklearn/utils/validation.py", line 63, in inner_f
    # ignore first 'self' argument for instance methods
  File "/Users/lavi/opt/anaconda3/envs/stock02/lib/python3.7/site-packages/sklearn/model_selection/_validation.py", line 252, in cross_validate
    train_scores = zipped_scores.pop(0)
  File "/Users/lavi/opt/anaconda3/envs/stock02/lib/python3.7/site-packages/joblib/parallel.py", line 1054, in __call__
    self.retrieve()
  File "/Users/lavi/opt/anaconda3/envs/stock02/lib/python3.7/site-packages/joblib/parallel.py", line 933, in retrieve
    self._output.extend(job.get(timeout=self.timeout))
  File "/Users/lavi/opt/anaconda3/envs/stock02/lib/python3.7/site-packages/joblib/_parallel_backends.py", line 542, in wrap_future_result
    return future.result(timeout=timeout)
  File "/Users/lavi/opt/anaconda3/envs/stock02/lib/python3.7/concurrent/futures/_base.py", line 435, in result
    return self.__get_result()
  File "/Users/lavi/opt/anaconda3/envs/stock02/lib/python3.7/concurrent/futures/_base.py", line 384, in __get_result
    raise self._exception
joblib.externals.loky.process_executor.BrokenProcessPool: A task has failed to un-serialize. Please ensure that the arguments of the function are all picklable.

2021-06-05 09:17:09,772:INFO:Initializing create_model()
2021-06-05 09:17:09,772:INFO:create_model(estimator=rf, fold=KFold(n_splits=10, random_state=None, shuffle=False), round=4, cross_validation=True, predict=True, fit_kwargs=None, groups=None, refit=False, verbose=False, system=False, metrics=None, display=<pycaret.internal.Display.Display object at 0x7fc439a56890>, kwargs={})
2021-06-05 09:17:09,772:INFO:Checking exceptions
2021-06-05 09:17:09,772:INFO:Importing libraries
2021-06-05 09:17:09,772:INFO:Copying training dataset
2021-06-05 09:17:09,774:INFO:Defining folds
2021-06-05 09:17:09,774:INFO:Declaring metric variables
2021-06-05 09:17:09,782:INFO:Importing untrained model
2021-06-05 09:17:09,788:INFO:Random Forest Regressor Imported succesfully
2021-06-05 09:17:09,800:INFO:Starting cross validation
2021-06-05 09:17:09,801:INFO:Cross validating with KFold(n_splits=10, random_state=None, shuffle=False), n_jobs=-1
2021-06-05 09:17:11,018:ERROR:create_model() for rf raised an exception:
2021-06-05 09:17:11,018:ERROR:joblib.externals.loky.process_executor._RemoteTraceback: 
"""
Traceback (most recent call last):
  File "/Users/lavi/opt/anaconda3/envs/stock02/lib/python3.7/site-packages/joblib/externals/loky/process_executor.py", line 404, in _process_worker
    call_item = call_queue.get(block=True, timeout=timeout)
  File "/Users/lavi/opt/anaconda3/envs/stock02/lib/python3.7/multiprocessing/queues.py", line 113, in get
    return _ForkingPickler.loads(res)
AttributeError: Can't get attribute '_FuncWrapper' on <module 'sklearn.utils.fixes' from '/Users/lavi/opt/anaconda3/envs/stock02/lib/python3.7/site-packages/sklearn/utils/fixes.py'>
"""

The above exception was the direct cause of the following exception:

Traceback (most recent call last):
  File "/Users/lavi/opt/anaconda3/envs/stock02/lib/python3.7/site-packages/pycaret/internal/tabular.py", line 2195, in compare_models
    refit=False,
  File "/Users/lavi/opt/anaconda3/envs/stock02/lib/python3.7/site-packages/pycaret/internal/tabular.py", line 3125, in create_model_supervised
    error_score=0,
  File "/Users/lavi/opt/anaconda3/envs/stock02/lib/python3.7/site-packages/sklearn/utils/validation.py", line 63, in inner_f
    # ignore first 'self' argument for instance methods
  File "/Users/lavi/opt/anaconda3/envs/stock02/lib/python3.7/site-packages/sklearn/model_selection/_validation.py", line 252, in cross_validate
    train_scores = zipped_scores.pop(0)
  File "/Users/lavi/opt/anaconda3/envs/stock02/lib/python3.7/site-packages/joblib/parallel.py", line 1054, in __call__
    self.retrieve()
  File "/Users/lavi/opt/anaconda3/envs/stock02/lib/python3.7/site-packages/joblib/parallel.py", line 933, in retrieve
    self._output.extend(job.get(timeout=self.timeout))
  File "/Users/lavi/opt/anaconda3/envs/stock02/lib/python3.7/site-packages/joblib/_parallel_backends.py", line 542, in wrap_future_result
    return future.result(timeout=timeout)
  File "/Users/lavi/opt/anaconda3/envs/stock02/lib/python3.7/concurrent/futures/_base.py", line 435, in result
    return self.__get_result()
  File "/Users/lavi/opt/anaconda3/envs/stock02/lib/python3.7/concurrent/futures/_base.py", line 384, in __get_result
    raise self._exception
joblib.externals.loky.process_executor.BrokenProcessPool: A task has failed to un-serialize. Please ensure that the arguments of the function are all picklable.

2021-06-05 09:17:11,019:INFO:Initializing Extra Trees Regressor
2021-06-05 09:17:11,019:INFO:Total runtime is 0.5895941654841105 minutes
2021-06-05 09:17:11,027:INFO:SubProcess create_model() called ==================================
2021-06-05 09:17:11,028:INFO:Initializing create_model()
2021-06-05 09:17:11,028:INFO:create_model(estimator=et, fold=KFold(n_splits=10, random_state=None, shuffle=False), round=4, cross_validation=True, predict=True, fit_kwargs={}, groups=None, refit=False, verbose=False, system=False, metrics=None, display=<pycaret.internal.Display.Display object at 0x7fc439a56890>, kwargs={})
2021-06-05 09:17:11,028:INFO:Checking exceptions
2021-06-05 09:17:11,028:INFO:Importing libraries
2021-06-05 09:17:11,028:INFO:Copying training dataset
2021-06-05 09:17:11,030:INFO:Defining folds
2021-06-05 09:17:11,030:INFO:Declaring metric variables
2021-06-05 09:17:11,035:INFO:Importing untrained model
2021-06-05 09:17:11,041:INFO:Extra Trees Regressor Imported succesfully
2021-06-05 09:17:11,052:INFO:Starting cross validation
2021-06-05 09:17:11,053:INFO:Cross validating with KFold(n_splits=10, random_state=None, shuffle=False), n_jobs=-1
2021-06-05 09:17:12,250:WARNING:create_model() for et raised an exception or returned all 0.0, trying without fit_kwargs:
2021-06-05 09:17:12,251:WARNING:joblib.externals.loky.process_executor._RemoteTraceback: 
"""
Traceback (most recent call last):
  File "/Users/lavi/opt/anaconda3/envs/stock02/lib/python3.7/site-packages/joblib/externals/loky/process_executor.py", line 404, in _process_worker
    call_item = call_queue.get(block=True, timeout=timeout)
  File "/Users/lavi/opt/anaconda3/envs/stock02/lib/python3.7/multiprocessing/queues.py", line 113, in get
    return _ForkingPickler.loads(res)
AttributeError: Can't get attribute '_FuncWrapper' on <module 'sklearn.utils.fixes' from '/Users/lavi/opt/anaconda3/envs/stock02/lib/python3.7/site-packages/sklearn/utils/fixes.py'>
"""

The above exception was the direct cause of the following exception:

Traceback (most recent call last):
  File "/Users/lavi/opt/anaconda3/envs/stock02/lib/python3.7/site-packages/pycaret/internal/tabular.py", line 2176, in compare_models
    refit=False,
  File "/Users/lavi/opt/anaconda3/envs/stock02/lib/python3.7/site-packages/pycaret/internal/tabular.py", line 3125, in create_model_supervised
    error_score=0,
  File "/Users/lavi/opt/anaconda3/envs/stock02/lib/python3.7/site-packages/sklearn/utils/validation.py", line 63, in inner_f
    # ignore first 'self' argument for instance methods
  File "/Users/lavi/opt/anaconda3/envs/stock02/lib/python3.7/site-packages/sklearn/model_selection/_validation.py", line 252, in cross_validate
    train_scores = zipped_scores.pop(0)
  File "/Users/lavi/opt/anaconda3/envs/stock02/lib/python3.7/site-packages/joblib/parallel.py", line 1054, in __call__
    self.retrieve()
  File "/Users/lavi/opt/anaconda3/envs/stock02/lib/python3.7/site-packages/joblib/parallel.py", line 933, in retrieve
    self._output.extend(job.get(timeout=self.timeout))
  File "/Users/lavi/opt/anaconda3/envs/stock02/lib/python3.7/site-packages/joblib/_parallel_backends.py", line 542, in wrap_future_result
    return future.result(timeout=timeout)
  File "/Users/lavi/opt/anaconda3/envs/stock02/lib/python3.7/concurrent/futures/_base.py", line 435, in result
    return self.__get_result()
  File "/Users/lavi/opt/anaconda3/envs/stock02/lib/python3.7/concurrent/futures/_base.py", line 384, in __get_result
    raise self._exception
joblib.externals.loky.process_executor.BrokenProcessPool: A task has failed to un-serialize. Please ensure that the arguments of the function are all picklable.

2021-06-05 09:17:12,252:INFO:Initializing create_model()
2021-06-05 09:17:12,252:INFO:create_model(estimator=et, fold=KFold(n_splits=10, random_state=None, shuffle=False), round=4, cross_validation=True, predict=True, fit_kwargs=None, groups=None, refit=False, verbose=False, system=False, metrics=None, display=<pycaret.internal.Display.Display object at 0x7fc439a56890>, kwargs={})
2021-06-05 09:17:12,252:INFO:Checking exceptions
2021-06-05 09:17:12,252:INFO:Importing libraries
2021-06-05 09:17:12,252:INFO:Copying training dataset
2021-06-05 09:17:12,254:INFO:Defining folds
2021-06-05 09:17:12,254:INFO:Declaring metric variables
2021-06-05 09:17:12,260:INFO:Importing untrained model
2021-06-05 09:17:12,266:INFO:Extra Trees Regressor Imported succesfully
2021-06-05 09:17:12,276:INFO:Starting cross validation
2021-06-05 09:17:12,277:INFO:Cross validating with KFold(n_splits=10, random_state=None, shuffle=False), n_jobs=-1
2021-06-05 09:17:13,502:ERROR:create_model() for et raised an exception:
2021-06-05 09:17:13,502:ERROR:joblib.externals.loky.process_executor._RemoteTraceback: 
"""
Traceback (most recent call last):
  File "/Users/lavi/opt/anaconda3/envs/stock02/lib/python3.7/site-packages/joblib/externals/loky/process_executor.py", line 404, in _process_worker
    call_item = call_queue.get(block=True, timeout=timeout)
  File "/Users/lavi/opt/anaconda3/envs/stock02/lib/python3.7/multiprocessing/queues.py", line 113, in get
    return _ForkingPickler.loads(res)
AttributeError: Can't get attribute '_FuncWrapper' on <module 'sklearn.utils.fixes' from '/Users/lavi/opt/anaconda3/envs/stock02/lib/python3.7/site-packages/sklearn/utils/fixes.py'>
"""

The above exception was the direct cause of the following exception:

Traceback (most recent call last):
  File "/Users/lavi/opt/anaconda3/envs/stock02/lib/python3.7/site-packages/pycaret/internal/tabular.py", line 2195, in compare_models
    refit=False,
  File "/Users/lavi/opt/anaconda3/envs/stock02/lib/python3.7/site-packages/pycaret/internal/tabular.py", line 3125, in create_model_supervised
    error_score=0,
  File "/Users/lavi/opt/anaconda3/envs/stock02/lib/python3.7/site-packages/sklearn/utils/validation.py", line 63, in inner_f
    # ignore first 'self' argument for instance methods
  File "/Users/lavi/opt/anaconda3/envs/stock02/lib/python3.7/site-packages/sklearn/model_selection/_validation.py", line 252, in cross_validate
    train_scores = zipped_scores.pop(0)
  File "/Users/lavi/opt/anaconda3/envs/stock02/lib/python3.7/site-packages/joblib/parallel.py", line 1054, in __call__
    self.retrieve()
  File "/Users/lavi/opt/anaconda3/envs/stock02/lib/python3.7/site-packages/joblib/parallel.py", line 933, in retrieve
    self._output.extend(job.get(timeout=self.timeout))
  File "/Users/lavi/opt/anaconda3/envs/stock02/lib/python3.7/site-packages/joblib/_parallel_backends.py", line 542, in wrap_future_result
    return future.result(timeout=timeout)
  File "/Users/lavi/opt/anaconda3/envs/stock02/lib/python3.7/concurrent/futures/_base.py", line 435, in result
    return self.__get_result()
  File "/Users/lavi/opt/anaconda3/envs/stock02/lib/python3.7/concurrent/futures/_base.py", line 384, in __get_result
    raise self._exception
joblib.externals.loky.process_executor.BrokenProcessPool: A task has failed to un-serialize. Please ensure that the arguments of the function are all picklable.

2021-06-05 09:17:13,502:INFO:Initializing AdaBoost Regressor
2021-06-05 09:17:13,502:INFO:Total runtime is 0.6309906959533691 minutes
2021-06-05 09:17:13,510:INFO:SubProcess create_model() called ==================================
2021-06-05 09:17:13,511:INFO:Initializing create_model()
2021-06-05 09:17:13,511:INFO:create_model(estimator=ada, fold=KFold(n_splits=10, random_state=None, shuffle=False), round=4, cross_validation=True, predict=True, fit_kwargs={}, groups=None, refit=False, verbose=False, system=False, metrics=None, display=<pycaret.internal.Display.Display object at 0x7fc439a56890>, kwargs={})
2021-06-05 09:17:13,511:INFO:Checking exceptions
2021-06-05 09:17:13,511:INFO:Importing libraries
2021-06-05 09:17:13,511:INFO:Copying training dataset
2021-06-05 09:17:13,512:INFO:Defining folds
2021-06-05 09:17:13,512:INFO:Declaring metric variables
2021-06-05 09:17:13,517:INFO:Importing untrained model
2021-06-05 09:17:13,522:INFO:AdaBoost Regressor Imported succesfully
2021-06-05 09:17:13,532:INFO:Starting cross validation
2021-06-05 09:17:13,533:INFO:Cross validating with KFold(n_splits=10, random_state=None, shuffle=False), n_jobs=-1
2021-06-05 09:17:14,626:WARNING:create_model() for ada raised an exception or returned all 0.0, trying without fit_kwargs:
2021-06-05 09:17:14,627:WARNING:joblib.externals.loky.process_executor._RemoteTraceback: 
"""
Traceback (most recent call last):
  File "/Users/lavi/opt/anaconda3/envs/stock02/lib/python3.7/site-packages/joblib/externals/loky/process_executor.py", line 404, in _process_worker
    call_item = call_queue.get(block=True, timeout=timeout)
  File "/Users/lavi/opt/anaconda3/envs/stock02/lib/python3.7/multiprocessing/queues.py", line 113, in get
    return _ForkingPickler.loads(res)
AttributeError: Can't get attribute '_FuncWrapper' on <module 'sklearn.utils.fixes' from '/Users/lavi/opt/anaconda3/envs/stock02/lib/python3.7/site-packages/sklearn/utils/fixes.py'>
"""

The above exception was the direct cause of the following exception:

Traceback (most recent call last):
  File "/Users/lavi/opt/anaconda3/envs/stock02/lib/python3.7/site-packages/pycaret/internal/tabular.py", line 2176, in compare_models
    refit=False,
  File "/Users/lavi/opt/anaconda3/envs/stock02/lib/python3.7/site-packages/pycaret/internal/tabular.py", line 3125, in create_model_supervised
    error_score=0,
  File "/Users/lavi/opt/anaconda3/envs/stock02/lib/python3.7/site-packages/sklearn/utils/validation.py", line 63, in inner_f
    # ignore first 'self' argument for instance methods
  File "/Users/lavi/opt/anaconda3/envs/stock02/lib/python3.7/site-packages/sklearn/model_selection/_validation.py", line 252, in cross_validate
    train_scores = zipped_scores.pop(0)
  File "/Users/lavi/opt/anaconda3/envs/stock02/lib/python3.7/site-packages/joblib/parallel.py", line 1054, in __call__
    self.retrieve()
  File "/Users/lavi/opt/anaconda3/envs/stock02/lib/python3.7/site-packages/joblib/parallel.py", line 933, in retrieve
    self._output.extend(job.get(timeout=self.timeout))
  File "/Users/lavi/opt/anaconda3/envs/stock02/lib/python3.7/site-packages/joblib/_parallel_backends.py", line 542, in wrap_future_result
    return future.result(timeout=timeout)
  File "/Users/lavi/opt/anaconda3/envs/stock02/lib/python3.7/concurrent/futures/_base.py", line 435, in result
    return self.__get_result()
  File "/Users/lavi/opt/anaconda3/envs/stock02/lib/python3.7/concurrent/futures/_base.py", line 384, in __get_result
    raise self._exception
joblib.externals.loky.process_executor.BrokenProcessPool: A task has failed to un-serialize. Please ensure that the arguments of the function are all picklable.

2021-06-05 09:17:14,627:INFO:Initializing create_model()
2021-06-05 09:17:14,627:INFO:create_model(estimator=ada, fold=KFold(n_splits=10, random_state=None, shuffle=False), round=4, cross_validation=True, predict=True, fit_kwargs=None, groups=None, refit=False, verbose=False, system=False, metrics=None, display=<pycaret.internal.Display.Display object at 0x7fc439a56890>, kwargs={})
2021-06-05 09:17:14,627:INFO:Checking exceptions
2021-06-05 09:17:14,627:INFO:Importing libraries
2021-06-05 09:17:14,627:INFO:Copying training dataset
2021-06-05 09:17:14,629:INFO:Defining folds
2021-06-05 09:17:14,629:INFO:Declaring metric variables
2021-06-05 09:17:14,634:INFO:Importing untrained model
2021-06-05 09:17:14,639:INFO:AdaBoost Regressor Imported succesfully
2021-06-05 09:17:14,649:INFO:Starting cross validation
2021-06-05 09:17:14,650:INFO:Cross validating with KFold(n_splits=10, random_state=None, shuffle=False), n_jobs=-1
2021-06-05 09:17:15,696:ERROR:create_model() for ada raised an exception:
2021-06-05 09:17:15,697:ERROR:joblib.externals.loky.process_executor._RemoteTraceback: 
"""
Traceback (most recent call last):
  File "/Users/lavi/opt/anaconda3/envs/stock02/lib/python3.7/site-packages/joblib/externals/loky/process_executor.py", line 404, in _process_worker
    call_item = call_queue.get(block=True, timeout=timeout)
  File "/Users/lavi/opt/anaconda3/envs/stock02/lib/python3.7/multiprocessing/queues.py", line 113, in get
    return _ForkingPickler.loads(res)
AttributeError: Can't get attribute '_FuncWrapper' on <module 'sklearn.utils.fixes' from '/Users/lavi/opt/anaconda3/envs/stock02/lib/python3.7/site-packages/sklearn/utils/fixes.py'>
"""

The above exception was the direct cause of the following exception:

Traceback (most recent call last):
  File "/Users/lavi/opt/anaconda3/envs/stock02/lib/python3.7/site-packages/pycaret/internal/tabular.py", line 2195, in compare_models
    refit=False,
  File "/Users/lavi/opt/anaconda3/envs/stock02/lib/python3.7/site-packages/pycaret/internal/tabular.py", line 3125, in create_model_supervised
    error_score=0,
  File "/Users/lavi/opt/anaconda3/envs/stock02/lib/python3.7/site-packages/sklearn/utils/validation.py", line 63, in inner_f
    # ignore first 'self' argument for instance methods
  File "/Users/lavi/opt/anaconda3/envs/stock02/lib/python3.7/site-packages/sklearn/model_selection/_validation.py", line 252, in cross_validate
    train_scores = zipped_scores.pop(0)
  File "/Users/lavi/opt/anaconda3/envs/stock02/lib/python3.7/site-packages/joblib/parallel.py", line 1054, in __call__
    self.retrieve()
  File "/Users/lavi/opt/anaconda3/envs/stock02/lib/python3.7/site-packages/joblib/parallel.py", line 933, in retrieve
    self._output.extend(job.get(timeout=self.timeout))
  File "/Users/lavi/opt/anaconda3/envs/stock02/lib/python3.7/site-packages/joblib/_parallel_backends.py", line 542, in wrap_future_result
    return future.result(timeout=timeout)
  File "/Users/lavi/opt/anaconda3/envs/stock02/lib/python3.7/concurrent/futures/_base.py", line 435, in result
    return self.__get_result()
  File "/Users/lavi/opt/anaconda3/envs/stock02/lib/python3.7/concurrent/futures/_base.py", line 384, in __get_result
    raise self._exception
joblib.externals.loky.process_executor.BrokenProcessPool: A task has failed to un-serialize. Please ensure that the arguments of the function are all picklable.

2021-06-05 09:17:15,697:INFO:Initializing Gradient Boosting Regressor
2021-06-05 09:17:15,697:INFO:Total runtime is 0.6675604979197184 minutes
2021-06-05 09:17:15,704:INFO:SubProcess create_model() called ==================================
2021-06-05 09:17:15,705:INFO:Initializing create_model()
2021-06-05 09:17:15,705:INFO:create_model(estimator=gbr, fold=KFold(n_splits=10, random_state=None, shuffle=False), round=4, cross_validation=True, predict=True, fit_kwargs={}, groups=None, refit=False, verbose=False, system=False, metrics=None, display=<pycaret.internal.Display.Display object at 0x7fc439a56890>, kwargs={})
2021-06-05 09:17:15,705:INFO:Checking exceptions
2021-06-05 09:17:15,705:INFO:Importing libraries
2021-06-05 09:17:15,705:INFO:Copying training dataset
2021-06-05 09:17:15,706:INFO:Defining folds
2021-06-05 09:17:15,706:INFO:Declaring metric variables
2021-06-05 09:17:15,711:INFO:Importing untrained model
2021-06-05 09:17:15,715:INFO:Gradient Boosting Regressor Imported succesfully
2021-06-05 09:17:15,725:INFO:Starting cross validation
2021-06-05 09:17:15,726:INFO:Cross validating with KFold(n_splits=10, random_state=None, shuffle=False), n_jobs=-1
2021-06-05 09:17:16,881:WARNING:create_model() for gbr raised an exception or returned all 0.0, trying without fit_kwargs:
2021-06-05 09:17:16,883:WARNING:joblib.externals.loky.process_executor._RemoteTraceback: 
"""
Traceback (most recent call last):
  File "/Users/lavi/opt/anaconda3/envs/stock02/lib/python3.7/site-packages/joblib/externals/loky/process_executor.py", line 404, in _process_worker
    call_item = call_queue.get(block=True, timeout=timeout)
  File "/Users/lavi/opt/anaconda3/envs/stock02/lib/python3.7/multiprocessing/queues.py", line 113, in get
    return _ForkingPickler.loads(res)
AttributeError: Can't get attribute '_FuncWrapper' on <module 'sklearn.utils.fixes' from '/Users/lavi/opt/anaconda3/envs/stock02/lib/python3.7/site-packages/sklearn/utils/fixes.py'>
"""

The above exception was the direct cause of the following exception:

Traceback (most recent call last):
  File "/Users/lavi/opt/anaconda3/envs/stock02/lib/python3.7/site-packages/pycaret/internal/tabular.py", line 2176, in compare_models
    refit=False,
  File "/Users/lavi/opt/anaconda3/envs/stock02/lib/python3.7/site-packages/pycaret/internal/tabular.py", line 3125, in create_model_supervised
    error_score=0,
  File "/Users/lavi/opt/anaconda3/envs/stock02/lib/python3.7/site-packages/sklearn/utils/validation.py", line 63, in inner_f
    # ignore first 'self' argument for instance methods
  File "/Users/lavi/opt/anaconda3/envs/stock02/lib/python3.7/site-packages/sklearn/model_selection/_validation.py", line 252, in cross_validate
    train_scores = zipped_scores.pop(0)
  File "/Users/lavi/opt/anaconda3/envs/stock02/lib/python3.7/site-packages/joblib/parallel.py", line 1054, in __call__
    self.retrieve()
  File "/Users/lavi/opt/anaconda3/envs/stock02/lib/python3.7/site-packages/joblib/parallel.py", line 933, in retrieve
    self._output.extend(job.get(timeout=self.timeout))
  File "/Users/lavi/opt/anaconda3/envs/stock02/lib/python3.7/site-packages/joblib/_parallel_backends.py", line 542, in wrap_future_result
    return future.result(timeout=timeout)
  File "/Users/lavi/opt/anaconda3/envs/stock02/lib/python3.7/concurrent/futures/_base.py", line 435, in result
    return self.__get_result()
  File "/Users/lavi/opt/anaconda3/envs/stock02/lib/python3.7/concurrent/futures/_base.py", line 384, in __get_result
    raise self._exception
joblib.externals.loky.process_executor.BrokenProcessPool: A task has failed to un-serialize. Please ensure that the arguments of the function are all picklable.

2021-06-05 09:17:16,883:INFO:Initializing create_model()
2021-06-05 09:17:16,883:INFO:create_model(estimator=gbr, fold=KFold(n_splits=10, random_state=None, shuffle=False), round=4, cross_validation=True, predict=True, fit_kwargs=None, groups=None, refit=False, verbose=False, system=False, metrics=None, display=<pycaret.internal.Display.Display object at 0x7fc439a56890>, kwargs={})
2021-06-05 09:17:16,883:INFO:Checking exceptions
2021-06-05 09:17:16,883:INFO:Importing libraries
2021-06-05 09:17:16,883:INFO:Copying training dataset
2021-06-05 09:17:16,885:INFO:Defining folds
2021-06-05 09:17:16,885:INFO:Declaring metric variables
2021-06-05 09:17:16,891:INFO:Importing untrained model
2021-06-05 09:17:16,897:INFO:Gradient Boosting Regressor Imported succesfully
2021-06-05 09:17:16,908:INFO:Starting cross validation
2021-06-05 09:17:16,909:INFO:Cross validating with KFold(n_splits=10, random_state=None, shuffle=False), n_jobs=-1
2021-06-05 09:17:18,133:ERROR:create_model() for gbr raised an exception:
2021-06-05 09:17:18,134:ERROR:joblib.externals.loky.process_executor._RemoteTraceback: 
"""
Traceback (most recent call last):
  File "/Users/lavi/opt/anaconda3/envs/stock02/lib/python3.7/site-packages/joblib/externals/loky/process_executor.py", line 404, in _process_worker
    call_item = call_queue.get(block=True, timeout=timeout)
  File "/Users/lavi/opt/anaconda3/envs/stock02/lib/python3.7/multiprocessing/queues.py", line 113, in get
    return _ForkingPickler.loads(res)
AttributeError: Can't get attribute '_FuncWrapper' on <module 'sklearn.utils.fixes' from '/Users/lavi/opt/anaconda3/envs/stock02/lib/python3.7/site-packages/sklearn/utils/fixes.py'>
"""

The above exception was the direct cause of the following exception:

Traceback (most recent call last):
  File "/Users/lavi/opt/anaconda3/envs/stock02/lib/python3.7/site-packages/pycaret/internal/tabular.py", line 2195, in compare_models
    refit=False,
  File "/Users/lavi/opt/anaconda3/envs/stock02/lib/python3.7/site-packages/pycaret/internal/tabular.py", line 3125, in create_model_supervised
    error_score=0,
  File "/Users/lavi/opt/anaconda3/envs/stock02/lib/python3.7/site-packages/sklearn/utils/validation.py", line 63, in inner_f
    # ignore first 'self' argument for instance methods
  File "/Users/lavi/opt/anaconda3/envs/stock02/lib/python3.7/site-packages/sklearn/model_selection/_validation.py", line 252, in cross_validate
    train_scores = zipped_scores.pop(0)
  File "/Users/lavi/opt/anaconda3/envs/stock02/lib/python3.7/site-packages/joblib/parallel.py", line 1054, in __call__
    self.retrieve()
  File "/Users/lavi/opt/anaconda3/envs/stock02/lib/python3.7/site-packages/joblib/parallel.py", line 933, in retrieve
    self._output.extend(job.get(timeout=self.timeout))
  File "/Users/lavi/opt/anaconda3/envs/stock02/lib/python3.7/site-packages/joblib/_parallel_backends.py", line 542, in wrap_future_result
    return future.result(timeout=timeout)
  File "/Users/lavi/opt/anaconda3/envs/stock02/lib/python3.7/concurrent/futures/_base.py", line 435, in result
    return self.__get_result()
  File "/Users/lavi/opt/anaconda3/envs/stock02/lib/python3.7/concurrent/futures/_base.py", line 384, in __get_result
    raise self._exception
joblib.externals.loky.process_executor.BrokenProcessPool: A task has failed to un-serialize. Please ensure that the arguments of the function are all picklable.

2021-06-05 09:17:18,134:INFO:Initializing Light Gradient Boosting Machine
2021-06-05 09:17:18,134:INFO:Total runtime is 0.7081878145535787 minutes
2021-06-05 09:17:18,143:INFO:SubProcess create_model() called ==================================
2021-06-05 09:17:18,143:INFO:Initializing create_model()
2021-06-05 09:17:18,143:INFO:create_model(estimator=lightgbm, fold=KFold(n_splits=10, random_state=None, shuffle=False), round=4, cross_validation=True, predict=True, fit_kwargs={}, groups=None, refit=False, verbose=False, system=False, metrics=None, display=<pycaret.internal.Display.Display object at 0x7fc439a56890>, kwargs={})
2021-06-05 09:17:18,143:INFO:Checking exceptions
2021-06-05 09:17:18,143:INFO:Importing libraries
2021-06-05 09:17:18,143:INFO:Copying training dataset
2021-06-05 09:17:18,144:INFO:Defining folds
2021-06-05 09:17:18,145:INFO:Declaring metric variables
2021-06-05 09:17:18,150:INFO:Importing untrained model
2021-06-05 09:17:18,156:INFO:Light Gradient Boosting Machine Imported succesfully
2021-06-05 09:17:18,168:INFO:Starting cross validation
2021-06-05 09:17:18,169:INFO:Cross validating with KFold(n_splits=10, random_state=None, shuffle=False), n_jobs=-1
2021-06-05 09:17:19,497:WARNING:create_model() for lightgbm raised an exception or returned all 0.0, trying without fit_kwargs:
2021-06-05 09:17:19,498:WARNING:joblib.externals.loky.process_executor._RemoteTraceback: 
"""
Traceback (most recent call last):
  File "/Users/lavi/opt/anaconda3/envs/stock02/lib/python3.7/site-packages/joblib/externals/loky/process_executor.py", line 404, in _process_worker
    call_item = call_queue.get(block=True, timeout=timeout)
  File "/Users/lavi/opt/anaconda3/envs/stock02/lib/python3.7/multiprocessing/queues.py", line 113, in get
    return _ForkingPickler.loads(res)
AttributeError: Can't get attribute '_FuncWrapper' on <module 'sklearn.utils.fixes' from '/Users/lavi/opt/anaconda3/envs/stock02/lib/python3.7/site-packages/sklearn/utils/fixes.py'>
"""

The above exception was the direct cause of the following exception:

Traceback (most recent call last):
  File "/Users/lavi/opt/anaconda3/envs/stock02/lib/python3.7/site-packages/pycaret/internal/tabular.py", line 2176, in compare_models
    refit=False,
  File "/Users/lavi/opt/anaconda3/envs/stock02/lib/python3.7/site-packages/pycaret/internal/tabular.py", line 3125, in create_model_supervised
    error_score=0,
  File "/Users/lavi/opt/anaconda3/envs/stock02/lib/python3.7/site-packages/sklearn/utils/validation.py", line 63, in inner_f
    # ignore first 'self' argument for instance methods
  File "/Users/lavi/opt/anaconda3/envs/stock02/lib/python3.7/site-packages/sklearn/model_selection/_validation.py", line 252, in cross_validate
    train_scores = zipped_scores.pop(0)
  File "/Users/lavi/opt/anaconda3/envs/stock02/lib/python3.7/site-packages/joblib/parallel.py", line 1054, in __call__
    self.retrieve()
  File "/Users/lavi/opt/anaconda3/envs/stock02/lib/python3.7/site-packages/joblib/parallel.py", line 933, in retrieve
    self._output.extend(job.get(timeout=self.timeout))
  File "/Users/lavi/opt/anaconda3/envs/stock02/lib/python3.7/site-packages/joblib/_parallel_backends.py", line 542, in wrap_future_result
    return future.result(timeout=timeout)
  File "/Users/lavi/opt/anaconda3/envs/stock02/lib/python3.7/concurrent/futures/_base.py", line 435, in result
    return self.__get_result()
  File "/Users/lavi/opt/anaconda3/envs/stock02/lib/python3.7/concurrent/futures/_base.py", line 384, in __get_result
    raise self._exception
joblib.externals.loky.process_executor.BrokenProcessPool: A task has failed to un-serialize. Please ensure that the arguments of the function are all picklable.

2021-06-05 09:17:19,498:INFO:Initializing create_model()
2021-06-05 09:17:19,498:INFO:create_model(estimator=lightgbm, fold=KFold(n_splits=10, random_state=None, shuffle=False), round=4, cross_validation=True, predict=True, fit_kwargs=None, groups=None, refit=False, verbose=False, system=False, metrics=None, display=<pycaret.internal.Display.Display object at 0x7fc439a56890>, kwargs={})
2021-06-05 09:17:19,498:INFO:Checking exceptions
2021-06-05 09:17:19,499:INFO:Importing libraries
2021-06-05 09:17:19,499:INFO:Copying training dataset
2021-06-05 09:17:19,500:INFO:Defining folds
2021-06-05 09:17:19,500:INFO:Declaring metric variables
2021-06-05 09:17:19,508:INFO:Importing untrained model
2021-06-05 09:17:19,515:INFO:Light Gradient Boosting Machine Imported succesfully
2021-06-05 09:17:19,527:INFO:Starting cross validation
2021-06-05 09:17:19,528:INFO:Cross validating with KFold(n_splits=10, random_state=None, shuffle=False), n_jobs=-1
2021-06-05 09:17:20,654:ERROR:create_model() for lightgbm raised an exception:
2021-06-05 09:17:20,655:ERROR:joblib.externals.loky.process_executor._RemoteTraceback: 
"""
Traceback (most recent call last):
  File "/Users/lavi/opt/anaconda3/envs/stock02/lib/python3.7/site-packages/joblib/externals/loky/process_executor.py", line 404, in _process_worker
    call_item = call_queue.get(block=True, timeout=timeout)
  File "/Users/lavi/opt/anaconda3/envs/stock02/lib/python3.7/multiprocessing/queues.py", line 113, in get
    return _ForkingPickler.loads(res)
AttributeError: Can't get attribute '_FuncWrapper' on <module 'sklearn.utils.fixes' from '/Users/lavi/opt/anaconda3/envs/stock02/lib/python3.7/site-packages/sklearn/utils/fixes.py'>
"""

The above exception was the direct cause of the following exception:

Traceback (most recent call last):
  File "/Users/lavi/opt/anaconda3/envs/stock02/lib/python3.7/site-packages/pycaret/internal/tabular.py", line 2195, in compare_models
    refit=False,
  File "/Users/lavi/opt/anaconda3/envs/stock02/lib/python3.7/site-packages/pycaret/internal/tabular.py", line 3125, in create_model_supervised
    error_score=0,
  File "/Users/lavi/opt/anaconda3/envs/stock02/lib/python3.7/site-packages/sklearn/utils/validation.py", line 63, in inner_f
    # ignore first 'self' argument for instance methods
  File "/Users/lavi/opt/anaconda3/envs/stock02/lib/python3.7/site-packages/sklearn/model_selection/_validation.py", line 252, in cross_validate
    train_scores = zipped_scores.pop(0)
  File "/Users/lavi/opt/anaconda3/envs/stock02/lib/python3.7/site-packages/joblib/parallel.py", line 1054, in __call__
    self.retrieve()
  File "/Users/lavi/opt/anaconda3/envs/stock02/lib/python3.7/site-packages/joblib/parallel.py", line 933, in retrieve
    self._output.extend(job.get(timeout=self.timeout))
  File "/Users/lavi/opt/anaconda3/envs/stock02/lib/python3.7/site-packages/joblib/_parallel_backends.py", line 542, in wrap_future_result
    return future.result(timeout=timeout)
  File "/Users/lavi/opt/anaconda3/envs/stock02/lib/python3.7/concurrent/futures/_base.py", line 435, in result
    return self.__get_result()
  File "/Users/lavi/opt/anaconda3/envs/stock02/lib/python3.7/concurrent/futures/_base.py", line 384, in __get_result
    raise self._exception
joblib.externals.loky.process_executor.BrokenProcessPool: A task has failed to un-serialize. Please ensure that the arguments of the function are all picklable.

2021-06-05 09:17:20,664:INFO:create_model_container: 0
2021-06-05 09:17:20,664:INFO:master_model_container: 0
2021-06-05 09:17:20,664:INFO:display_container: 2
2021-06-05 09:17:20,664:INFO:[]
2021-06-05 09:17:20,665:INFO:compare_models() succesfully completed......................................
2021-06-05 09:17:43,104:INFO:PyCaret Supervised Module
2021-06-05 09:17:43,105:INFO:ML Usecase: regression
2021-06-05 09:17:43,105:INFO:version 2.3.1
2021-06-05 09:17:43,106:INFO:Initializing setup()
2021-06-05 09:17:43,106:INFO:setup(target=5d_close_future_pct, ml_usecase=regression, available_plots={'parameter': 'Hyperparameters', 'residuals': 'Residuals', 'error': 'Prediction Error', 'cooks': 'Cooks Distance', 'rfe': 'Feature Selection', 'learning': 'Learning Curve', 'manifold': 'Manifold Learning', 'vc': 'Validation Curve', 'feature': 'Feature Importance', 'feature_all': 'Feature Importance (All)', 'tree': 'Decision Tree', 'residuals_interactive': 'Interactive Residuals'}, train_size=0.7, test_data=None, preprocess=True, imputation_type=simple, iterative_imputation_iters=5, categorical_features=None, categorical_imputation=constant, categorical_iterative_imputer=lightgbm, ordinal_features=None, high_cardinality_features=None, high_cardinality_method=frequency, numeric_features=None, numeric_imputation=mean, numeric_iterative_imputer=lightgbm, date_features=None, ignore_features=None, normalize=False, normalize_method=zscore, transformation=False, transformation_method=yeo-johnson, handle_unknown_categorical=True, unknown_categorical_method=least_frequent, pca=False, pca_method=linear, pca_components=None, ignore_low_variance=False, combine_rare_levels=False, rare_level_threshold=0.1, bin_numeric_features=None, remove_outliers=False, outliers_threshold=0.05, remove_multicollinearity=False, multicollinearity_threshold=0.9, remove_perfect_collinearity=True, create_clusters=False, cluster_iter=20, polynomial_features=False, polynomial_degree=2, trigonometry_features=False, polynomial_threshold=0.1, group_features=None, group_names=None, feature_selection=False, feature_selection_threshold=0.8, feature_selection_method=classic, feature_interaction=False, feature_ratio=False, interaction_threshold=0.01, fix_imbalance=False, fix_imbalance_method=None, transform_target=False, transform_target_method=box-cox, data_split_shuffle=True, data_split_stratify=False, fold_strategy=kfold, fold=10, fold_shuffle=False, fold_groups=None, n_jobs=-1, use_gpu=False, custom_pipeline=None, html=True, session_id=123, log_experiment=False, experiment_name=None, log_plots=False, log_profile=False, log_data=False, silent=False, verbose=True, profile=False, profile_kwargs=None, display=None)
2021-06-05 09:17:43,106:INFO:Checking environment
2021-06-05 09:17:43,106:INFO:python_version: 3.7.10
2021-06-05 09:17:43,107:INFO:python_build: ('default', 'Feb 26 2021 10:16:00')
2021-06-05 09:17:43,107:INFO:machine: x86_64
2021-06-05 09:17:43,107:INFO:platform: Darwin-20.5.0-x86_64-i386-64bit
2021-06-05 09:17:43,109:WARNING:cannot find psutil installation. memory not traceable. Install psutil using pip to enable memory logging.
2021-06-05 09:17:43,109:INFO:Checking libraries
2021-06-05 09:17:43,109:INFO:pd==1.2.4
2021-06-05 09:17:43,109:INFO:numpy==1.20.2
2021-06-05 09:17:43,109:INFO:sklearn==0.24.1
2021-06-05 09:17:43,109:INFO:lightgbm==3.2.1
2021-06-05 09:17:43,110:WARNING:catboost not found
2021-06-05 09:17:43,110:WARNING:xgboost not found
2021-06-05 09:17:43,110:INFO:mlflow==1.17.0
2021-06-05 09:17:43,110:INFO:Checking Exceptions
2021-06-05 09:17:43,111:INFO:Declaring global variables
2021-06-05 09:17:43,111:INFO:USI: e17a
2021-06-05 09:17:43,111:INFO:pycaret_globals: {'seed', 'iterative_imputation_iters_param', '_ml_usecase', 'pycaret_globals', 'master_model_container', '_all_metrics', 'fold_generator', 'target_param', 'transform_target_param', 'imputation_classifier', 'display_container', 'gpu_param', 'stratify_param', '_available_plots', 'experiment__', '_all_models', 'fold_param', 'fold_groups_param_full', 'X_test', 'X_train', 'log_plots_param', 'logging_param', 'transform_target_method_param', 'X', 'fix_imbalance_param', 'fix_imbalance_method_param', 'data_before_preprocess', 'prep_pipe', 'y_train', 'USI', 'create_model_container', '_all_models_internal', '_internal_pipeline', 'imputation_regressor', '_gpu_n_jobs_param', 'html_param', 'exp_name_log', 'fold_shuffle_param', 'n_jobs_param', 'y_test', 'fold_groups_param', 'y'}
2021-06-05 09:17:43,111:INFO:Preparing display monitor
2021-06-05 09:17:43,112:INFO:Preparing display monitor
2021-06-05 09:17:43,128:INFO:Importing libraries
2021-06-05 09:17:43,128:INFO:Copying data for preprocessing
2021-06-05 09:17:43,138:INFO:Declaring preprocessing parameters
2021-06-05 09:17:43,140:INFO:Creating preprocessing pipeline
2021-06-05 09:17:43,159:INFO:Preprocessing pipeline created successfully
2021-06-05 09:17:43,160:ERROR:(Process Exit): setup has been interupted with user command 'quit'. setup must rerun.
2021-06-05 09:17:43,160:INFO:Creating global containers
2021-06-05 09:17:43,160:INFO:Internal pipeline: Pipeline(memory=None, steps=[('empty_step', 'passthrough')], verbose=False)
2021-06-05 09:17:52,038:WARNING:Couldn't import xgboost.XGBRegressor
2021-06-05 09:17:52,039:WARNING:Couldn't import catboost.CatBoostRegressor
2021-06-05 09:17:52,124:WARNING:Couldn't import xgboost.XGBRegressor
2021-06-05 09:17:52,124:WARNING:Couldn't import catboost.CatBoostRegressor
2021-06-05 09:17:52,124:INFO:Creating grid variables
2021-06-05 09:17:52,134:INFO:create_model_container: 0
2021-06-05 09:17:52,135:INFO:master_model_container: 0
2021-06-05 09:17:52,135:INFO:display_container: 1
2021-06-05 09:18:28,300:INFO:PyCaret Supervised Module
2021-06-05 09:18:28,302:INFO:ML Usecase: regression
2021-06-05 09:18:28,302:INFO:version 2.3.1
2021-06-05 09:18:28,302:INFO:Initializing setup()
2021-06-05 09:18:28,302:INFO:setup(target=5d_close_future_pct, ml_usecase=regression, available_plots={'parameter': 'Hyperparameters', 'residuals': 'Residuals', 'error': 'Prediction Error', 'cooks': 'Cooks Distance', 'rfe': 'Feature Selection', 'learning': 'Learning Curve', 'manifold': 'Manifold Learning', 'vc': 'Validation Curve', 'feature': 'Feature Importance', 'feature_all': 'Feature Importance (All)', 'tree': 'Decision Tree', 'residuals_interactive': 'Interactive Residuals'}, train_size=0.7, test_data=None, preprocess=True, imputation_type=iterative, iterative_imputation_iters=5, categorical_features=None, categorical_imputation=constant, categorical_iterative_imputer=lightgbm, ordinal_features=None, high_cardinality_features=None, high_cardinality_method=frequency, numeric_features=None, numeric_imputation=mean, numeric_iterative_imputer=lightgbm, date_features=None, ignore_features=None, normalize=False, normalize_method=zscore, transformation=False, transformation_method=yeo-johnson, handle_unknown_categorical=True, unknown_categorical_method=least_frequent, pca=False, pca_method=linear, pca_components=None, ignore_low_variance=False, combine_rare_levels=False, rare_level_threshold=0.1, bin_numeric_features=None, remove_outliers=False, outliers_threshold=0.05, remove_multicollinearity=False, multicollinearity_threshold=0.9, remove_perfect_collinearity=True, create_clusters=False, cluster_iter=20, polynomial_features=False, polynomial_degree=2, trigonometry_features=False, polynomial_threshold=0.1, group_features=None, group_names=None, feature_selection=False, feature_selection_threshold=0.8, feature_selection_method=classic, feature_interaction=False, feature_ratio=False, interaction_threshold=0.01, fix_imbalance=False, fix_imbalance_method=None, transform_target=False, transform_target_method=box-cox, data_split_shuffle=True, data_split_stratify=False, fold_strategy=kfold, fold=10, fold_shuffle=False, fold_groups=None, n_jobs=-1, use_gpu=False, custom_pipeline=None, html=True, session_id=123, log_experiment=False, experiment_name=None, log_plots=False, log_profile=False, log_data=False, silent=False, verbose=True, profile=False, profile_kwargs=None, display=None)
2021-06-05 09:18:28,302:INFO:Checking environment
2021-06-05 09:18:28,302:INFO:python_version: 3.7.10
2021-06-05 09:18:28,302:INFO:python_build: ('default', 'Feb 26 2021 10:16:00')
2021-06-05 09:18:28,303:INFO:machine: x86_64
2021-06-05 09:18:28,303:INFO:platform: Darwin-20.5.0-x86_64-i386-64bit
2021-06-05 09:18:28,304:WARNING:cannot find psutil installation. memory not traceable. Install psutil using pip to enable memory logging.
2021-06-05 09:18:28,304:INFO:Checking libraries
2021-06-05 09:18:28,304:INFO:pd==1.2.4
2021-06-05 09:18:28,304:INFO:numpy==1.20.2
2021-06-05 09:18:28,304:INFO:sklearn==0.24.1
2021-06-05 09:18:28,304:INFO:lightgbm==3.2.1
2021-06-05 09:18:28,305:WARNING:catboost not found
2021-06-05 09:18:28,305:WARNING:xgboost not found
2021-06-05 09:18:28,305:INFO:mlflow==1.17.0
2021-06-05 09:18:28,305:INFO:Checking Exceptions
2021-06-05 09:18:28,305:INFO:Declaring global variables
2021-06-05 09:18:28,305:INFO:USI: de23
2021-06-05 09:18:28,306:INFO:pycaret_globals: {'seed', 'iterative_imputation_iters_param', '_ml_usecase', 'pycaret_globals', 'master_model_container', '_all_metrics', 'fold_generator', 'target_param', 'transform_target_param', 'imputation_classifier', 'display_container', 'gpu_param', 'stratify_param', '_available_plots', 'experiment__', '_all_models', 'fold_param', 'fold_groups_param_full', 'X_test', 'X_train', 'log_plots_param', 'logging_param', 'transform_target_method_param', 'X', 'fix_imbalance_param', 'fix_imbalance_method_param', 'data_before_preprocess', 'prep_pipe', 'y_train', 'USI', 'create_model_container', '_all_models_internal', '_internal_pipeline', 'imputation_regressor', '_gpu_n_jobs_param', 'html_param', 'exp_name_log', 'fold_shuffle_param', 'n_jobs_param', 'y_test', 'fold_groups_param', 'y'}
2021-06-05 09:18:28,306:INFO:Preparing display monitor
2021-06-05 09:18:28,306:INFO:Preparing display monitor
2021-06-05 09:18:28,324:INFO:Importing libraries
2021-06-05 09:18:28,324:INFO:Copying data for preprocessing
2021-06-05 09:18:28,331:INFO:Declaring preprocessing parameters
2021-06-05 09:18:28,333:INFO:Setting up iterative imputation
2021-06-05 09:18:28,404:WARNING:Couldn't import xgboost.XGBClassifier
2021-06-05 09:18:28,405:WARNING:Couldn't import catboost.CatBoostClassifier
2021-06-05 09:18:28,490:WARNING:Couldn't import xgboost.XGBRegressor
2021-06-05 09:18:28,491:WARNING:Couldn't import catboost.CatBoostRegressor
2021-06-05 09:18:28,491:INFO:Creating preprocessing pipeline
2021-06-05 09:18:28,503:INFO:Preprocessing pipeline created successfully
2021-06-05 09:18:28,503:ERROR:(Process Exit): setup has been interupted with user command 'quit'. setup must rerun.
2021-06-05 09:18:28,503:INFO:Creating global containers
2021-06-05 09:18:28,504:INFO:Internal pipeline: Pipeline(memory=None, steps=[('empty_step', 'passthrough')], verbose=False)
2021-06-05 09:18:30,742:WARNING:Couldn't import xgboost.XGBRegressor
2021-06-05 09:18:30,742:WARNING:Couldn't import catboost.CatBoostRegressor
2021-06-05 09:18:30,826:WARNING:Couldn't import xgboost.XGBRegressor
2021-06-05 09:18:30,826:WARNING:Couldn't import catboost.CatBoostRegressor
2021-06-05 09:18:30,826:INFO:Creating grid variables
2021-06-05 09:18:30,836:INFO:create_model_container: 0
2021-06-05 09:18:30,836:INFO:master_model_container: 0
2021-06-05 09:18:30,836:INFO:display_container: 1
2021-06-05 09:23:16,847:INFO:PyCaret Supervised Module
2021-06-05 09:23:16,849:INFO:ML Usecase: regression
2021-06-05 09:23:16,849:INFO:version 2.3.1
2021-06-05 09:23:16,849:INFO:Initializing setup()
2021-06-05 09:23:16,849:INFO:setup(target=5d_close_future_pct, ml_usecase=regression, available_plots={'parameter': 'Hyperparameters', 'residuals': 'Residuals', 'error': 'Prediction Error', 'cooks': 'Cooks Distance', 'rfe': 'Feature Selection', 'learning': 'Learning Curve', 'manifold': 'Manifold Learning', 'vc': 'Validation Curve', 'feature': 'Feature Importance', 'feature_all': 'Feature Importance (All)', 'tree': 'Decision Tree', 'residuals_interactive': 'Interactive Residuals'}, train_size=0.7, test_data=None, preprocess=True, imputation_type=iterative, iterative_imputation_iters=5, categorical_features=None, categorical_imputation=constant, categorical_iterative_imputer=lightgbm, ordinal_features=None, high_cardinality_features=None, high_cardinality_method=frequency, numeric_features=None, numeric_imputation=mean, numeric_iterative_imputer=lightgbm, date_features=None, ignore_features=None, normalize=False, normalize_method=zscore, transformation=False, transformation_method=yeo-johnson, handle_unknown_categorical=True, unknown_categorical_method=least_frequent, pca=False, pca_method=linear, pca_components=None, ignore_low_variance=False, combine_rare_levels=False, rare_level_threshold=0.1, bin_numeric_features=None, remove_outliers=False, outliers_threshold=0.05, remove_multicollinearity=False, multicollinearity_threshold=0.9, remove_perfect_collinearity=True, create_clusters=False, cluster_iter=20, polynomial_features=False, polynomial_degree=2, trigonometry_features=False, polynomial_threshold=0.1, group_features=None, group_names=None, feature_selection=False, feature_selection_threshold=0.8, feature_selection_method=classic, feature_interaction=False, feature_ratio=False, interaction_threshold=0.01, fix_imbalance=False, fix_imbalance_method=None, transform_target=False, transform_target_method=box-cox, data_split_shuffle=True, data_split_stratify=False, fold_strategy=kfold, fold=10, fold_shuffle=False, fold_groups=None, n_jobs=-1, use_gpu=False, custom_pipeline=None, html=True, session_id=123, log_experiment=False, experiment_name=None, log_plots=False, log_profile=False, log_data=False, silent=False, verbose=True, profile=False, profile_kwargs=None, display=None)
2021-06-05 09:23:16,849:INFO:Checking environment
2021-06-05 09:23:16,850:INFO:python_version: 3.7.10
2021-06-05 09:23:16,850:INFO:python_build: ('default', 'Feb 26 2021 10:16:00')
2021-06-05 09:23:16,850:INFO:machine: x86_64
2021-06-05 09:23:16,850:INFO:platform: Darwin-20.5.0-x86_64-i386-64bit
2021-06-05 09:23:16,852:WARNING:cannot find psutil installation. memory not traceable. Install psutil using pip to enable memory logging.
2021-06-05 09:23:16,853:INFO:Checking libraries
2021-06-05 09:23:16,853:INFO:pd==1.2.4
2021-06-05 09:23:16,853:INFO:numpy==1.20.2
2021-06-05 09:23:16,853:INFO:sklearn==0.24.1
2021-06-05 09:23:16,853:INFO:lightgbm==3.2.1
2021-06-05 09:23:16,853:WARNING:catboost not found
2021-06-05 09:23:16,854:WARNING:xgboost not found
2021-06-05 09:23:16,854:INFO:mlflow==1.17.0
2021-06-05 09:23:16,854:INFO:Checking Exceptions
2021-06-05 09:23:16,855:INFO:Declaring global variables
2021-06-05 09:23:16,855:INFO:USI: 1614
2021-06-05 09:23:16,855:INFO:pycaret_globals: {'seed', 'iterative_imputation_iters_param', '_ml_usecase', 'pycaret_globals', 'master_model_container', '_all_metrics', 'fold_generator', 'target_param', 'transform_target_param', 'imputation_classifier', 'display_container', 'gpu_param', 'stratify_param', '_available_plots', 'experiment__', '_all_models', 'fold_param', 'fold_groups_param_full', 'X_test', 'X_train', 'log_plots_param', 'logging_param', 'transform_target_method_param', 'X', 'fix_imbalance_param', 'fix_imbalance_method_param', 'data_before_preprocess', 'prep_pipe', 'y_train', 'USI', 'create_model_container', '_all_models_internal', '_internal_pipeline', 'imputation_regressor', '_gpu_n_jobs_param', 'html_param', 'exp_name_log', 'fold_shuffle_param', 'n_jobs_param', 'y_test', 'fold_groups_param', 'y'}
2021-06-05 09:23:16,855:INFO:Preparing display monitor
2021-06-05 09:23:16,855:INFO:Preparing display monitor
2021-06-05 09:23:16,875:INFO:Importing libraries
2021-06-05 09:23:16,876:INFO:Copying data for preprocessing
2021-06-05 09:23:16,885:INFO:Declaring preprocessing parameters
2021-06-05 09:23:16,887:INFO:Setting up iterative imputation
2021-06-05 09:23:16,953:WARNING:Couldn't import xgboost.XGBClassifier
2021-06-05 09:23:16,953:WARNING:Couldn't import catboost.CatBoostClassifier
2021-06-05 09:23:17,036:WARNING:Couldn't import xgboost.XGBRegressor
2021-06-05 09:23:17,037:WARNING:Couldn't import catboost.CatBoostRegressor
2021-06-05 09:23:17,037:INFO:Creating preprocessing pipeline
2021-06-05 09:23:17,050:INFO:Preprocessing pipeline created successfully
2021-06-05 09:23:17,050:ERROR:(Process Exit): setup has been interupted with user command 'quit'. setup must rerun.
2021-06-05 09:23:17,050:INFO:Creating global containers
2021-06-05 09:23:17,051:INFO:Internal pipeline: Pipeline(memory=None, steps=[('empty_step', 'passthrough')], verbose=False)
2021-06-05 09:23:18,869:WARNING:Couldn't import xgboost.XGBRegressor
2021-06-05 09:23:18,870:WARNING:Couldn't import catboost.CatBoostRegressor
2021-06-05 09:23:19,028:WARNING:Couldn't import xgboost.XGBRegressor
2021-06-05 09:23:19,028:WARNING:Couldn't import catboost.CatBoostRegressor
2021-06-05 09:23:19,028:INFO:Creating grid variables
2021-06-05 09:23:19,038:INFO:create_model_container: 0
2021-06-05 09:23:19,038:INFO:master_model_container: 0
2021-06-05 09:23:19,038:INFO:display_container: 1
2021-06-05 09:33:47,304:INFO:PyCaret Supervised Module
2021-06-05 09:33:47,305:INFO:ML Usecase: regression
2021-06-05 09:33:47,305:INFO:version 2.3.1
2021-06-05 09:33:47,305:INFO:Initializing setup()
2021-06-05 09:33:47,305:INFO:setup(target=5d_close_future_pct, ml_usecase=regression, available_plots={'parameter': 'Hyperparameters', 'residuals': 'Residuals', 'error': 'Prediction Error', 'cooks': 'Cooks Distance', 'rfe': 'Feature Selection', 'learning': 'Learning Curve', 'manifold': 'Manifold Learning', 'vc': 'Validation Curve', 'feature': 'Feature Importance', 'feature_all': 'Feature Importance (All)', 'tree': 'Decision Tree', 'residuals_interactive': 'Interactive Residuals'}, train_size=0.7, test_data=None, preprocess=True, imputation_type=simple, iterative_imputation_iters=5, categorical_features=None, categorical_imputation=constant, categorical_iterative_imputer=lightgbm, ordinal_features=None, high_cardinality_features=None, high_cardinality_method=frequency, numeric_features=None, numeric_imputation=mean, numeric_iterative_imputer=lightgbm, date_features=None, ignore_features=None, normalize=False, normalize_method=zscore, transformation=False, transformation_method=yeo-johnson, handle_unknown_categorical=True, unknown_categorical_method=least_frequent, pca=False, pca_method=linear, pca_components=None, ignore_low_variance=False, combine_rare_levels=False, rare_level_threshold=0.1, bin_numeric_features=None, remove_outliers=False, outliers_threshold=0.05, remove_multicollinearity=False, multicollinearity_threshold=0.9, remove_perfect_collinearity=True, create_clusters=False, cluster_iter=20, polynomial_features=False, polynomial_degree=2, trigonometry_features=False, polynomial_threshold=0.1, group_features=None, group_names=None, feature_selection=False, feature_selection_threshold=0.8, feature_selection_method=classic, feature_interaction=False, feature_ratio=False, interaction_threshold=0.01, fix_imbalance=False, fix_imbalance_method=None, transform_target=False, transform_target_method=box-cox, data_split_shuffle=True, data_split_stratify=False, fold_strategy=kfold, fold=10, fold_shuffle=False, fold_groups=None, n_jobs=-1, use_gpu=False, custom_pipeline=None, html=True, session_id=123, log_experiment=False, experiment_name=None, log_plots=False, log_profile=False, log_data=False, silent=False, verbose=True, profile=False, profile_kwargs=None, display=None)
2021-06-05 09:33:47,305:INFO:Checking environment
2021-06-05 09:33:47,305:INFO:python_version: 3.7.10
2021-06-05 09:33:47,305:INFO:python_build: ('default', 'Feb 26 2021 10:16:00')
2021-06-05 09:33:47,305:INFO:machine: x86_64
2021-06-05 09:33:47,323:INFO:platform: Darwin-20.5.0-x86_64-i386-64bit
2021-06-05 09:33:47,324:WARNING:cannot find psutil installation. memory not traceable. Install psutil using pip to enable memory logging.
2021-06-05 09:33:47,325:INFO:Checking libraries
2021-06-05 09:33:47,325:INFO:pd==1.2.4
2021-06-05 09:33:47,325:INFO:numpy==1.20.3
2021-06-05 09:33:47,325:INFO:sklearn==0.23.2
2021-06-05 09:33:47,325:INFO:lightgbm==3.2.1
2021-06-05 09:33:47,325:WARNING:catboost not found
2021-06-05 09:33:47,325:WARNING:xgboost not found
2021-06-05 09:33:48,335:INFO:mlflow==1.17.0
2021-06-05 09:33:48,335:INFO:Checking Exceptions
2021-06-05 09:33:48,335:INFO:Declaring global variables
2021-06-05 09:33:48,335:INFO:USI: 6ba3
2021-06-05 09:33:48,335:INFO:pycaret_globals: {'html_param', '_ml_usecase', 'experiment__', 'fix_imbalance_param', 'gpu_param', 'seed', 'X_test', 'X', 'fold_shuffle_param', 'fold_generator', 'transform_target_method_param', 'fix_imbalance_method_param', 'y', 'logging_param', 'create_model_container', 'log_plots_param', 'fold_groups_param_full', 'y_train', 'data_before_preprocess', 'iterative_imputation_iters_param', 'display_container', 'prep_pipe', '_internal_pipeline', '_available_plots', 'X_train', 'n_jobs_param', 'imputation_regressor', 'imputation_classifier', 'master_model_container', 'fold_param', '_gpu_n_jobs_param', '_all_models', 'y_test', 'transform_target_param', '_all_metrics', 'fold_groups_param', 'pycaret_globals', 'exp_name_log', '_all_models_internal', 'target_param', 'stratify_param', 'USI'}
2021-06-05 09:33:48,335:INFO:Preparing display monitor
2021-06-05 09:33:48,335:INFO:Preparing display monitor
2021-06-05 09:33:48,345:INFO:Importing libraries
2021-06-05 09:33:48,345:INFO:Copying data for preprocessing
2021-06-05 09:33:48,351:INFO:Declaring preprocessing parameters
2021-06-05 09:33:48,352:INFO:Creating preprocessing pipeline
2021-06-05 09:33:48,367:INFO:Preprocessing pipeline created successfully
2021-06-05 09:33:48,367:ERROR:(Process Exit): setup has been interupted with user command 'quit'. setup must rerun.
2021-06-05 09:33:48,367:INFO:Creating global containers
2021-06-05 09:33:48,368:INFO:Internal pipeline: Pipeline(memory=None, steps=[('empty_step', 'passthrough')], verbose=False)
2021-06-05 09:33:56,579:WARNING:Couldn't import xgboost.XGBRegressor
2021-06-05 09:33:56,579:WARNING:Couldn't import catboost.CatBoostRegressor
2021-06-05 09:33:56,666:WARNING:Couldn't import xgboost.XGBRegressor
2021-06-05 09:33:56,666:WARNING:Couldn't import catboost.CatBoostRegressor
2021-06-05 09:33:56,666:INFO:Creating grid variables
2021-06-05 09:33:56,677:INFO:create_model_container: 0
2021-06-05 09:33:56,677:INFO:master_model_container: 0
2021-06-05 09:33:56,677:INFO:display_container: 1
2021-06-05 09:33:56,680:INFO:Pipeline(memory=None,
         steps=[('dtypes',
                 DataTypes_Auto_infer(categorical_features=[],
                                      display_types=True, features_todrop=[],
                                      id_columns=[], ml_usecase='regression',
                                      numerical_features=[],
                                      target='5d_close_future_pct',
                                      time_features=[])),
                ('imputer',
                 Simple_Imputer(categorical_strategy='not_available',
                                fill_value_categorical=None,
                                fill_value_numerical=None,
                                nume...
                ('scaling', 'passthrough'), ('P_transform', 'passthrough'),
                ('binn', 'passthrough'), ('rem_outliers', 'passthrough'),
                ('cluster_all', 'passthrough'),
                ('dummy', Dummify(target='5d_close_future_pct')),
                ('fix_perfect', Remove_100(target='5d_close_future_pct')),
                ('clean_names', Clean_Colum_Names()),
                ('feature_select', 'passthrough'), ('fix_multi', 'passthrough'),
                ('dfs', 'passthrough'), ('pca', 'passthrough')],
         verbose=False)
2021-06-05 09:33:56,680:INFO:setup() succesfully completed......................................
2021-06-05 09:34:06,534:INFO:Initializing compare_models()
2021-06-05 09:34:06,534:INFO:compare_models(include=None, fold=None, round=4, cross_validation=True, sort=R2, n_select=1, budget_time=None, turbo=True, errors=ignore, fit_kwargs=None, groups=None, verbose=True, display=None, exclude=None)
2021-06-05 09:34:06,534:INFO:Checking exceptions
2021-06-05 09:34:06,535:INFO:Preparing display monitor
2021-06-05 09:34:06,535:INFO:Preparing display monitor
2021-06-05 09:34:06,574:INFO:Initializing Linear Regression
2021-06-05 09:34:06,574:INFO:Total runtime is 2.6861826578776044e-06 minutes
2021-06-05 09:34:06,582:INFO:SubProcess create_model() called ==================================
2021-06-05 09:34:06,582:INFO:Initializing create_model()
2021-06-05 09:34:06,582:INFO:create_model(estimator=lr, fold=KFold(n_splits=10, random_state=None, shuffle=False), round=4, cross_validation=True, predict=True, fit_kwargs={}, groups=None, refit=False, verbose=False, system=False, metrics=None, display=<pycaret.internal.Display.Display object at 0x7fdb20ec8050>, kwargs={})
2021-06-05 09:34:06,582:INFO:Checking exceptions
2021-06-05 09:34:06,582:INFO:Importing libraries
2021-06-05 09:34:06,582:INFO:Copying training dataset
2021-06-05 09:34:06,583:INFO:Defining folds
2021-06-05 09:34:06,583:INFO:Declaring metric variables
2021-06-05 09:34:06,590:INFO:Importing untrained model
2021-06-05 09:34:06,597:INFO:Linear Regression Imported succesfully
2021-06-05 09:34:06,609:INFO:Starting cross validation
2021-06-05 09:34:06,613:INFO:Cross validating with KFold(n_splits=10, random_state=None, shuffle=False), n_jobs=-1
2021-06-05 09:34:19,528:INFO:Calculating mean and std
2021-06-05 09:34:19,533:INFO:Creating metrics dataframe
2021-06-05 09:34:19,540:INFO:Uploading results into container
2021-06-05 09:34:19,540:INFO:Uploading model into container now
2021-06-05 09:34:19,541:INFO:create_model_container: 1
2021-06-05 09:34:19,541:INFO:master_model_container: 1
2021-06-05 09:34:19,541:INFO:display_container: 2
2021-06-05 09:34:19,541:INFO:LinearRegression(copy_X=True, fit_intercept=True, n_jobs=-1, normalize=False)
2021-06-05 09:34:19,541:INFO:create_model() succesfully completed......................................
2021-06-05 09:34:19,615:INFO:SubProcess create_model() end ==================================
2021-06-05 09:34:19,615:INFO:Creating metrics dataframe
2021-06-05 09:34:19,625:INFO:Initializing Lasso Regression
2021-06-05 09:34:19,625:INFO:Total runtime is 0.21752316554387413 minutes
2021-06-05 09:34:19,630:INFO:SubProcess create_model() called ==================================
2021-06-05 09:34:19,630:INFO:Initializing create_model()
2021-06-05 09:34:19,630:INFO:create_model(estimator=lasso, fold=KFold(n_splits=10, random_state=None, shuffle=False), round=4, cross_validation=True, predict=True, fit_kwargs={}, groups=None, refit=False, verbose=False, system=False, metrics=None, display=<pycaret.internal.Display.Display object at 0x7fdb20ec8050>, kwargs={})
2021-06-05 09:34:19,630:INFO:Checking exceptions
2021-06-05 09:34:19,630:INFO:Importing libraries
2021-06-05 09:34:19,630:INFO:Copying training dataset
2021-06-05 09:34:19,631:INFO:Defining folds
2021-06-05 09:34:19,631:INFO:Declaring metric variables
2021-06-05 09:34:19,637:INFO:Importing untrained model
2021-06-05 09:34:19,642:INFO:Lasso Regression Imported succesfully
2021-06-05 09:34:19,652:INFO:Starting cross validation
2021-06-05 09:34:19,652:INFO:Cross validating with KFold(n_splits=10, random_state=None, shuffle=False), n_jobs=-1
2021-06-05 09:34:19,712:INFO:Calculating mean and std
2021-06-05 09:34:19,713:INFO:Creating metrics dataframe
2021-06-05 09:34:19,716:INFO:Uploading results into container
2021-06-05 09:34:19,716:INFO:Uploading model into container now
2021-06-05 09:34:19,716:INFO:create_model_container: 2
2021-06-05 09:34:19,716:INFO:master_model_container: 2
2021-06-05 09:34:19,716:INFO:display_container: 2
2021-06-05 09:34:19,717:INFO:Lasso(alpha=1.0, copy_X=True, fit_intercept=True, max_iter=1000,
      normalize=False, positive=False, precompute=False, random_state=123,
      selection='cyclic', tol=0.0001, warm_start=False)
2021-06-05 09:34:19,717:INFO:create_model() succesfully completed......................................
2021-06-05 09:34:19,762:INFO:SubProcess create_model() end ==================================
2021-06-05 09:34:19,762:INFO:Creating metrics dataframe
2021-06-05 09:34:19,773:INFO:Initializing Ridge Regression
2021-06-05 09:34:19,773:INFO:Total runtime is 0.21998276710510256 minutes
2021-06-05 09:34:19,778:INFO:SubProcess create_model() called ==================================
2021-06-05 09:34:19,779:INFO:Initializing create_model()
2021-06-05 09:34:19,779:INFO:create_model(estimator=ridge, fold=KFold(n_splits=10, random_state=None, shuffle=False), round=4, cross_validation=True, predict=True, fit_kwargs={}, groups=None, refit=False, verbose=False, system=False, metrics=None, display=<pycaret.internal.Display.Display object at 0x7fdb20ec8050>, kwargs={})
2021-06-05 09:34:19,779:INFO:Checking exceptions
2021-06-05 09:34:19,779:INFO:Importing libraries
2021-06-05 09:34:19,779:INFO:Copying training dataset
2021-06-05 09:34:19,779:INFO:Defining folds
2021-06-05 09:34:19,780:INFO:Declaring metric variables
2021-06-05 09:34:19,785:INFO:Importing untrained model
2021-06-05 09:34:19,790:INFO:Ridge Regression Imported succesfully
2021-06-05 09:34:19,801:INFO:Starting cross validation
2021-06-05 09:34:19,801:INFO:Cross validating with KFold(n_splits=10, random_state=None, shuffle=False), n_jobs=-1
2021-06-05 09:34:19,862:INFO:Calculating mean and std
2021-06-05 09:34:19,863:INFO:Creating metrics dataframe
2021-06-05 09:34:19,866:INFO:Uploading results into container
2021-06-05 09:34:19,866:INFO:Uploading model into container now
2021-06-05 09:34:19,866:INFO:create_model_container: 3
2021-06-05 09:34:19,866:INFO:master_model_container: 3
2021-06-05 09:34:19,866:INFO:display_container: 2
2021-06-05 09:34:19,867:INFO:Ridge(alpha=1.0, copy_X=True, fit_intercept=True, max_iter=None,
      normalize=False, random_state=123, solver='auto', tol=0.001)
2021-06-05 09:34:19,867:INFO:create_model() succesfully completed......................................
2021-06-05 09:34:19,920:INFO:SubProcess create_model() end ==================================
2021-06-05 09:34:19,920:INFO:Creating metrics dataframe
2021-06-05 09:34:19,934:INFO:Initializing Elastic Net
2021-06-05 09:34:19,934:INFO:Total runtime is 0.22266713380813602 minutes
2021-06-05 09:34:19,941:INFO:SubProcess create_model() called ==================================
2021-06-05 09:34:19,942:INFO:Initializing create_model()
2021-06-05 09:34:19,942:INFO:create_model(estimator=en, fold=KFold(n_splits=10, random_state=None, shuffle=False), round=4, cross_validation=True, predict=True, fit_kwargs={}, groups=None, refit=False, verbose=False, system=False, metrics=None, display=<pycaret.internal.Display.Display object at 0x7fdb20ec8050>, kwargs={})
2021-06-05 09:34:19,942:INFO:Checking exceptions
2021-06-05 09:34:19,942:INFO:Importing libraries
2021-06-05 09:34:19,942:INFO:Copying training dataset
2021-06-05 09:34:19,943:INFO:Defining folds
2021-06-05 09:34:19,943:INFO:Declaring metric variables
2021-06-05 09:34:19,950:INFO:Importing untrained model
2021-06-05 09:34:19,956:INFO:Elastic Net Imported succesfully
2021-06-05 09:34:19,970:INFO:Starting cross validation
2021-06-05 09:34:19,970:INFO:Cross validating with KFold(n_splits=10, random_state=None, shuffle=False), n_jobs=-1
2021-06-05 09:34:20,047:INFO:Calculating mean and std
2021-06-05 09:34:20,048:INFO:Creating metrics dataframe
2021-06-05 09:34:20,051:INFO:Uploading results into container
2021-06-05 09:34:20,051:INFO:Uploading model into container now
2021-06-05 09:34:20,051:INFO:create_model_container: 4
2021-06-05 09:34:20,051:INFO:master_model_container: 4
2021-06-05 09:34:20,051:INFO:display_container: 2
2021-06-05 09:34:20,051:INFO:ElasticNet(alpha=1.0, copy_X=True, fit_intercept=True, l1_ratio=0.5,
           max_iter=1000, normalize=False, positive=False, precompute=False,
           random_state=123, selection='cyclic', tol=0.0001, warm_start=False)
2021-06-05 09:34:20,051:INFO:create_model() succesfully completed......................................
2021-06-05 09:34:20,105:INFO:SubProcess create_model() end ==================================
2021-06-05 09:34:20,105:INFO:Creating metrics dataframe
2021-06-05 09:34:20,117:INFO:Initializing Least Angle Regression
2021-06-05 09:34:20,117:INFO:Total runtime is 0.22571413516998295 minutes
2021-06-05 09:34:20,122:INFO:SubProcess create_model() called ==================================
2021-06-05 09:34:20,122:INFO:Initializing create_model()
2021-06-05 09:34:20,122:INFO:create_model(estimator=lar, fold=KFold(n_splits=10, random_state=None, shuffle=False), round=4, cross_validation=True, predict=True, fit_kwargs={}, groups=None, refit=False, verbose=False, system=False, metrics=None, display=<pycaret.internal.Display.Display object at 0x7fdb20ec8050>, kwargs={})
2021-06-05 09:34:20,122:INFO:Checking exceptions
2021-06-05 09:34:20,122:INFO:Importing libraries
2021-06-05 09:34:20,122:INFO:Copying training dataset
2021-06-05 09:34:20,123:INFO:Defining folds
2021-06-05 09:34:20,123:INFO:Declaring metric variables
2021-06-05 09:34:20,128:INFO:Importing untrained model
2021-06-05 09:34:20,133:INFO:Least Angle Regression Imported succesfully
2021-06-05 09:34:20,144:INFO:Starting cross validation
2021-06-05 09:34:20,144:INFO:Cross validating with KFold(n_splits=10, random_state=None, shuffle=False), n_jobs=-1
2021-06-05 09:34:20,196:INFO:Calculating mean and std
2021-06-05 09:34:20,197:INFO:Creating metrics dataframe
2021-06-05 09:34:20,199:INFO:Uploading results into container
2021-06-05 09:34:20,199:INFO:Uploading model into container now
2021-06-05 09:34:20,199:INFO:create_model_container: 5
2021-06-05 09:34:20,199:INFO:master_model_container: 5
2021-06-05 09:34:20,199:INFO:display_container: 2
2021-06-05 09:34:20,200:INFO:Lars(copy_X=True, eps=2.220446049250313e-16, fit_intercept=True, fit_path=True,
     jitter=None, n_nonzero_coefs=500, normalize=True, precompute='auto',
     random_state=123, verbose=False)
2021-06-05 09:34:20,200:INFO:create_model() succesfully completed......................................
2021-06-05 09:34:20,244:INFO:SubProcess create_model() end ==================================
2021-06-05 09:34:20,244:INFO:Creating metrics dataframe
2021-06-05 09:34:20,257:INFO:Initializing Lasso Least Angle Regression
2021-06-05 09:34:20,257:INFO:Total runtime is 0.2280493537584941 minutes
2021-06-05 09:34:20,263:INFO:SubProcess create_model() called ==================================
2021-06-05 09:34:20,264:INFO:Initializing create_model()
2021-06-05 09:34:20,264:INFO:create_model(estimator=llar, fold=KFold(n_splits=10, random_state=None, shuffle=False), round=4, cross_validation=True, predict=True, fit_kwargs={}, groups=None, refit=False, verbose=False, system=False, metrics=None, display=<pycaret.internal.Display.Display object at 0x7fdb20ec8050>, kwargs={})
2021-06-05 09:34:20,264:INFO:Checking exceptions
2021-06-05 09:34:20,264:INFO:Importing libraries
2021-06-05 09:34:20,264:INFO:Copying training dataset
2021-06-05 09:34:20,265:INFO:Defining folds
2021-06-05 09:34:20,265:INFO:Declaring metric variables
2021-06-05 09:34:20,273:INFO:Importing untrained model
2021-06-05 09:34:20,279:INFO:Lasso Least Angle Regression Imported succesfully
2021-06-05 09:34:20,289:INFO:Starting cross validation
2021-06-05 09:34:20,290:INFO:Cross validating with KFold(n_splits=10, random_state=None, shuffle=False), n_jobs=-1
2021-06-05 09:34:20,334:INFO:Calculating mean and std
2021-06-05 09:34:20,335:INFO:Creating metrics dataframe
2021-06-05 09:34:20,338:INFO:Uploading results into container
2021-06-05 09:34:20,338:INFO:Uploading model into container now
2021-06-05 09:34:20,338:INFO:create_model_container: 6
2021-06-05 09:34:20,338:INFO:master_model_container: 6
2021-06-05 09:34:20,338:INFO:display_container: 2
2021-06-05 09:34:20,338:INFO:LassoLars(alpha=1.0, copy_X=True, eps=2.220446049250313e-16, fit_intercept=True,
          fit_path=True, jitter=None, max_iter=500, normalize=True,
          positive=False, precompute='auto', random_state=123, verbose=False)
2021-06-05 09:34:20,339:INFO:create_model() succesfully completed......................................
2021-06-05 09:34:20,388:INFO:SubProcess create_model() end ==================================
2021-06-05 09:34:20,388:INFO:Creating metrics dataframe
2021-06-05 09:34:20,401:INFO:Initializing Orthogonal Matching Pursuit
2021-06-05 09:34:20,401:INFO:Total runtime is 0.2304501334826152 minutes
2021-06-05 09:34:20,407:INFO:SubProcess create_model() called ==================================
2021-06-05 09:34:20,407:INFO:Initializing create_model()
2021-06-05 09:34:20,407:INFO:create_model(estimator=omp, fold=KFold(n_splits=10, random_state=None, shuffle=False), round=4, cross_validation=True, predict=True, fit_kwargs={}, groups=None, refit=False, verbose=False, system=False, metrics=None, display=<pycaret.internal.Display.Display object at 0x7fdb20ec8050>, kwargs={})
2021-06-05 09:34:20,407:INFO:Checking exceptions
2021-06-05 09:34:20,407:INFO:Importing libraries
2021-06-05 09:34:20,407:INFO:Copying training dataset
2021-06-05 09:34:20,407:INFO:Defining folds
2021-06-05 09:34:20,407:INFO:Declaring metric variables
2021-06-05 09:34:20,412:INFO:Importing untrained model
2021-06-05 09:34:20,417:INFO:Orthogonal Matching Pursuit Imported succesfully
2021-06-05 09:34:20,427:INFO:Starting cross validation
2021-06-05 09:34:20,427:INFO:Cross validating with KFold(n_splits=10, random_state=None, shuffle=False), n_jobs=-1
2021-06-05 09:34:20,477:INFO:Calculating mean and std
2021-06-05 09:34:20,478:INFO:Creating metrics dataframe
2021-06-05 09:34:20,481:INFO:Uploading results into container
2021-06-05 09:34:20,481:INFO:Uploading model into container now
2021-06-05 09:34:20,481:INFO:create_model_container: 7
2021-06-05 09:34:20,481:INFO:master_model_container: 7
2021-06-05 09:34:20,481:INFO:display_container: 2
2021-06-05 09:34:20,481:INFO:OrthogonalMatchingPursuit(fit_intercept=True, n_nonzero_coefs=None,
                          normalize=True, precompute='auto', tol=None)
2021-06-05 09:34:20,481:INFO:create_model() succesfully completed......................................
2021-06-05 09:34:20,530:INFO:SubProcess create_model() end ==================================
2021-06-05 09:34:20,531:INFO:Creating metrics dataframe
2021-06-05 09:34:20,544:INFO:Initializing Bayesian Ridge
2021-06-05 09:34:20,544:INFO:Total runtime is 0.23283921877543137 minutes
2021-06-05 09:34:20,550:INFO:SubProcess create_model() called ==================================
2021-06-05 09:34:20,550:INFO:Initializing create_model()
2021-06-05 09:34:20,550:INFO:create_model(estimator=br, fold=KFold(n_splits=10, random_state=None, shuffle=False), round=4, cross_validation=True, predict=True, fit_kwargs={}, groups=None, refit=False, verbose=False, system=False, metrics=None, display=<pycaret.internal.Display.Display object at 0x7fdb20ec8050>, kwargs={})
2021-06-05 09:34:20,550:INFO:Checking exceptions
2021-06-05 09:34:20,550:INFO:Importing libraries
2021-06-05 09:34:20,550:INFO:Copying training dataset
2021-06-05 09:34:20,551:INFO:Defining folds
2021-06-05 09:34:20,551:INFO:Declaring metric variables
2021-06-05 09:34:20,556:INFO:Importing untrained model
2021-06-05 09:34:20,561:INFO:Bayesian Ridge Imported succesfully
2021-06-05 09:34:20,571:INFO:Starting cross validation
2021-06-05 09:34:20,571:INFO:Cross validating with KFold(n_splits=10, random_state=None, shuffle=False), n_jobs=-1
2021-06-05 09:34:20,675:INFO:Calculating mean and std
2021-06-05 09:34:20,676:INFO:Creating metrics dataframe
2021-06-05 09:34:20,680:INFO:Uploading results into container
2021-06-05 09:34:20,681:INFO:Uploading model into container now
2021-06-05 09:34:20,681:INFO:create_model_container: 8
2021-06-05 09:34:20,681:INFO:master_model_container: 8
2021-06-05 09:34:20,681:INFO:display_container: 2
2021-06-05 09:34:20,681:INFO:BayesianRidge(alpha_1=1e-06, alpha_2=1e-06, alpha_init=None,
              compute_score=False, copy_X=True, fit_intercept=True,
              lambda_1=1e-06, lambda_2=1e-06, lambda_init=None, n_iter=300,
              normalize=False, tol=0.001, verbose=False)
2021-06-05 09:34:20,681:INFO:create_model() succesfully completed......................................
2021-06-05 09:34:20,732:INFO:SubProcess create_model() end ==================================
2021-06-05 09:34:20,732:INFO:Creating metrics dataframe
2021-06-05 09:34:20,745:INFO:Initializing Passive Aggressive Regressor
2021-06-05 09:34:20,745:INFO:Total runtime is 0.23618677059809373 minutes
2021-06-05 09:34:20,750:INFO:SubProcess create_model() called ==================================
2021-06-05 09:34:20,750:INFO:Initializing create_model()
2021-06-05 09:34:20,751:INFO:create_model(estimator=par, fold=KFold(n_splits=10, random_state=None, shuffle=False), round=4, cross_validation=True, predict=True, fit_kwargs={}, groups=None, refit=False, verbose=False, system=False, metrics=None, display=<pycaret.internal.Display.Display object at 0x7fdb20ec8050>, kwargs={})
2021-06-05 09:34:20,751:INFO:Checking exceptions
2021-06-05 09:34:20,751:INFO:Importing libraries
2021-06-05 09:34:20,751:INFO:Copying training dataset
2021-06-05 09:34:20,751:INFO:Defining folds
2021-06-05 09:34:20,751:INFO:Declaring metric variables
2021-06-05 09:34:20,756:INFO:Importing untrained model
2021-06-05 09:34:20,761:INFO:Passive Aggressive Regressor Imported succesfully
2021-06-05 09:34:20,771:INFO:Starting cross validation
2021-06-05 09:34:20,771:INFO:Cross validating with KFold(n_splits=10, random_state=None, shuffle=False), n_jobs=-1
2021-06-05 09:34:20,834:INFO:Calculating mean and std
2021-06-05 09:34:20,835:INFO:Creating metrics dataframe
2021-06-05 09:34:20,838:INFO:Uploading results into container
2021-06-05 09:34:20,838:INFO:Uploading model into container now
2021-06-05 09:34:20,838:INFO:create_model_container: 9
2021-06-05 09:34:20,838:INFO:master_model_container: 9
2021-06-05 09:34:20,838:INFO:display_container: 2
2021-06-05 09:34:20,839:INFO:PassiveAggressiveRegressor(C=1.0, average=False, early_stopping=False,
                           epsilon=0.1, fit_intercept=True,
                           loss='epsilon_insensitive', max_iter=1000,
                           n_iter_no_change=5, random_state=123, shuffle=True,
                           tol=0.001, validation_fraction=0.1, verbose=0,
                           warm_start=False)
2021-06-05 09:34:20,839:INFO:create_model() succesfully completed......................................
2021-06-05 09:34:20,889:INFO:SubProcess create_model() end ==================================
2021-06-05 09:34:20,889:INFO:Creating metrics dataframe
2021-06-05 09:34:20,902:INFO:Initializing Huber Regressor
2021-06-05 09:34:20,902:INFO:Total runtime is 0.2388105511665345 minutes
2021-06-05 09:34:20,908:INFO:SubProcess create_model() called ==================================
2021-06-05 09:34:20,909:INFO:Initializing create_model()
2021-06-05 09:34:20,909:INFO:create_model(estimator=huber, fold=KFold(n_splits=10, random_state=None, shuffle=False), round=4, cross_validation=True, predict=True, fit_kwargs={}, groups=None, refit=False, verbose=False, system=False, metrics=None, display=<pycaret.internal.Display.Display object at 0x7fdb20ec8050>, kwargs={})
2021-06-05 09:34:20,909:INFO:Checking exceptions
2021-06-05 09:34:20,909:INFO:Importing libraries
2021-06-05 09:34:20,909:INFO:Copying training dataset
2021-06-05 09:34:20,910:INFO:Defining folds
2021-06-05 09:34:20,910:INFO:Declaring metric variables
2021-06-05 09:34:20,915:INFO:Importing untrained model
2021-06-05 09:34:20,920:INFO:Huber Regressor Imported succesfully
2021-06-05 09:34:20,929:INFO:Starting cross validation
2021-06-05 09:34:20,930:INFO:Cross validating with KFold(n_splits=10, random_state=None, shuffle=False), n_jobs=-1
2021-06-05 09:34:20,986:INFO:Calculating mean and std
2021-06-05 09:34:20,987:INFO:Creating metrics dataframe
2021-06-05 09:34:20,990:INFO:Uploading results into container
2021-06-05 09:34:20,990:INFO:Uploading model into container now
2021-06-05 09:34:20,990:INFO:create_model_container: 10
2021-06-05 09:34:20,990:INFO:master_model_container: 10
2021-06-05 09:34:20,990:INFO:display_container: 2
2021-06-05 09:34:20,990:INFO:HuberRegressor(alpha=0.0001, epsilon=1.35, fit_intercept=True, max_iter=100,
               tol=1e-05, warm_start=False)
2021-06-05 09:34:20,990:INFO:create_model() succesfully completed......................................
2021-06-05 09:34:21,036:INFO:SubProcess create_model() end ==================================
2021-06-05 09:34:21,037:INFO:Creating metrics dataframe
2021-06-05 09:34:21,050:INFO:Initializing K Neighbors Regressor
2021-06-05 09:34:21,050:INFO:Total runtime is 0.24126571814219164 minutes
2021-06-05 09:34:21,055:INFO:SubProcess create_model() called ==================================
2021-06-05 09:34:21,055:INFO:Initializing create_model()
2021-06-05 09:34:21,055:INFO:create_model(estimator=knn, fold=KFold(n_splits=10, random_state=None, shuffle=False), round=4, cross_validation=True, predict=True, fit_kwargs={}, groups=None, refit=False, verbose=False, system=False, metrics=None, display=<pycaret.internal.Display.Display object at 0x7fdb20ec8050>, kwargs={})
2021-06-05 09:34:21,055:INFO:Checking exceptions
2021-06-05 09:34:21,055:INFO:Importing libraries
2021-06-05 09:34:21,055:INFO:Copying training dataset
2021-06-05 09:34:21,056:INFO:Defining folds
2021-06-05 09:34:21,056:INFO:Declaring metric variables
2021-06-05 09:34:21,061:INFO:Importing untrained model
2021-06-05 09:34:21,069:INFO:K Neighbors Regressor Imported succesfully
2021-06-05 09:34:21,080:INFO:Starting cross validation
2021-06-05 09:34:21,081:INFO:Cross validating with KFold(n_splits=10, random_state=None, shuffle=False), n_jobs=-1
2021-06-05 09:34:21,326:INFO:Calculating mean and std
2021-06-05 09:34:21,327:INFO:Creating metrics dataframe
2021-06-05 09:34:21,331:INFO:Uploading results into container
2021-06-05 09:34:21,331:INFO:Uploading model into container now
2021-06-05 09:34:21,331:INFO:create_model_container: 11
2021-06-05 09:34:21,331:INFO:master_model_container: 11
2021-06-05 09:34:21,331:INFO:display_container: 2
2021-06-05 09:34:21,331:INFO:KNeighborsRegressor(algorithm='auto', leaf_size=30, metric='minkowski',
                    metric_params=None, n_jobs=-1, n_neighbors=5, p=2,
                    weights='uniform')
2021-06-05 09:34:21,332:INFO:create_model() succesfully completed......................................
2021-06-05 09:34:21,383:INFO:SubProcess create_model() end ==================================
2021-06-05 09:34:21,383:INFO:Creating metrics dataframe
2021-06-05 09:34:21,398:INFO:Initializing Decision Tree Regressor
2021-06-05 09:34:21,398:INFO:Total runtime is 0.2470629533131918 minutes
2021-06-05 09:34:21,403:INFO:SubProcess create_model() called ==================================
2021-06-05 09:34:21,403:INFO:Initializing create_model()
2021-06-05 09:34:21,404:INFO:create_model(estimator=dt, fold=KFold(n_splits=10, random_state=None, shuffle=False), round=4, cross_validation=True, predict=True, fit_kwargs={}, groups=None, refit=False, verbose=False, system=False, metrics=None, display=<pycaret.internal.Display.Display object at 0x7fdb20ec8050>, kwargs={})
2021-06-05 09:34:21,404:INFO:Checking exceptions
2021-06-05 09:34:21,404:INFO:Importing libraries
2021-06-05 09:34:21,404:INFO:Copying training dataset
2021-06-05 09:34:21,404:INFO:Defining folds
2021-06-05 09:34:21,404:INFO:Declaring metric variables
2021-06-05 09:34:21,409:INFO:Importing untrained model
2021-06-05 09:34:21,414:INFO:Decision Tree Regressor Imported succesfully
2021-06-05 09:34:21,424:INFO:Starting cross validation
2021-06-05 09:34:21,424:INFO:Cross validating with KFold(n_splits=10, random_state=None, shuffle=False), n_jobs=-1
2021-06-05 09:34:21,493:INFO:Calculating mean and std
2021-06-05 09:34:21,494:INFO:Creating metrics dataframe
2021-06-05 09:34:21,496:INFO:Uploading results into container
2021-06-05 09:34:21,496:INFO:Uploading model into container now
2021-06-05 09:34:21,497:INFO:create_model_container: 12
2021-06-05 09:34:21,497:INFO:master_model_container: 12
2021-06-05 09:34:21,497:INFO:display_container: 2
2021-06-05 09:34:21,497:INFO:DecisionTreeRegressor(ccp_alpha=0.0, criterion='mse', max_depth=None,
                      max_features=None, max_leaf_nodes=None,
                      min_impurity_decrease=0.0, min_impurity_split=None,
                      min_samples_leaf=1, min_samples_split=2,
                      min_weight_fraction_leaf=0.0, presort='deprecated',
                      random_state=123, splitter='best')
2021-06-05 09:34:21,497:INFO:create_model() succesfully completed......................................
2021-06-05 09:34:21,541:INFO:SubProcess create_model() end ==================================
2021-06-05 09:34:21,541:INFO:Creating metrics dataframe
2021-06-05 09:34:21,557:INFO:Initializing Random Forest Regressor
2021-06-05 09:34:21,557:INFO:Total runtime is 0.2497170527776083 minutes
2021-06-05 09:34:21,563:INFO:SubProcess create_model() called ==================================
2021-06-05 09:34:21,563:INFO:Initializing create_model()
2021-06-05 09:34:21,563:INFO:create_model(estimator=rf, fold=KFold(n_splits=10, random_state=None, shuffle=False), round=4, cross_validation=True, predict=True, fit_kwargs={}, groups=None, refit=False, verbose=False, system=False, metrics=None, display=<pycaret.internal.Display.Display object at 0x7fdb20ec8050>, kwargs={})
2021-06-05 09:34:21,563:INFO:Checking exceptions
2021-06-05 09:34:21,563:INFO:Importing libraries
2021-06-05 09:34:21,563:INFO:Copying training dataset
2021-06-05 09:34:21,563:INFO:Defining folds
2021-06-05 09:34:21,563:INFO:Declaring metric variables
2021-06-05 09:34:21,568:INFO:Importing untrained model
2021-06-05 09:34:21,573:INFO:Random Forest Regressor Imported succesfully
2021-06-05 09:34:21,583:INFO:Starting cross validation
2021-06-05 09:34:21,583:INFO:Cross validating with KFold(n_splits=10, random_state=None, shuffle=False), n_jobs=-1
2021-06-05 09:34:23,869:INFO:Calculating mean and std
2021-06-05 09:34:23,872:INFO:Creating metrics dataframe
2021-06-05 09:34:23,883:INFO:Uploading results into container
2021-06-05 09:34:23,884:INFO:Uploading model into container now
2021-06-05 09:34:23,884:INFO:create_model_container: 13
2021-06-05 09:34:23,884:INFO:master_model_container: 13
2021-06-05 09:34:23,884:INFO:display_container: 2
2021-06-05 09:34:23,885:INFO:RandomForestRegressor(bootstrap=True, ccp_alpha=0.0, criterion='mse',
                      max_depth=None, max_features='auto', max_leaf_nodes=None,
                      max_samples=None, min_impurity_decrease=0.0,
                      min_impurity_split=None, min_samples_leaf=1,
                      min_samples_split=2, min_weight_fraction_leaf=0.0,
                      n_estimators=100, n_jobs=-1, oob_score=False,
                      random_state=123, verbose=0, warm_start=False)
2021-06-05 09:34:23,885:INFO:create_model() succesfully completed......................................
2021-06-05 09:34:23,947:INFO:SubProcess create_model() end ==================================
2021-06-05 09:34:23,947:INFO:Creating metrics dataframe
2021-06-05 09:34:23,961:INFO:Initializing Extra Trees Regressor
2021-06-05 09:34:23,961:INFO:Total runtime is 0.28978898525238045 minutes
2021-06-05 09:34:23,966:INFO:SubProcess create_model() called ==================================
2021-06-05 09:34:23,966:INFO:Initializing create_model()
2021-06-05 09:34:23,966:INFO:create_model(estimator=et, fold=KFold(n_splits=10, random_state=None, shuffle=False), round=4, cross_validation=True, predict=True, fit_kwargs={}, groups=None, refit=False, verbose=False, system=False, metrics=None, display=<pycaret.internal.Display.Display object at 0x7fdb20ec8050>, kwargs={})
2021-06-05 09:34:23,966:INFO:Checking exceptions
2021-06-05 09:34:23,966:INFO:Importing libraries
2021-06-05 09:34:23,966:INFO:Copying training dataset
2021-06-05 09:34:23,967:INFO:Defining folds
2021-06-05 09:34:23,967:INFO:Declaring metric variables
2021-06-05 09:34:23,972:INFO:Importing untrained model
2021-06-05 09:34:23,977:INFO:Extra Trees Regressor Imported succesfully
2021-06-05 09:34:23,986:INFO:Starting cross validation
2021-06-05 09:34:23,986:INFO:Cross validating with KFold(n_splits=10, random_state=None, shuffle=False), n_jobs=-1
2021-06-05 09:34:25,635:INFO:Calculating mean and std
2021-06-05 09:34:25,637:INFO:Creating metrics dataframe
2021-06-05 09:34:25,647:INFO:Uploading results into container
2021-06-05 09:34:25,647:INFO:Uploading model into container now
2021-06-05 09:34:25,647:INFO:create_model_container: 14
2021-06-05 09:34:25,647:INFO:master_model_container: 14
2021-06-05 09:34:25,647:INFO:display_container: 2
2021-06-05 09:34:25,648:INFO:ExtraTreesRegressor(bootstrap=False, ccp_alpha=0.0, criterion='mse',
                    max_depth=None, max_features='auto', max_leaf_nodes=None,
                    max_samples=None, min_impurity_decrease=0.0,
                    min_impurity_split=None, min_samples_leaf=1,
                    min_samples_split=2, min_weight_fraction_leaf=0.0,
                    n_estimators=100, n_jobs=-1, oob_score=False,
                    random_state=123, verbose=0, warm_start=False)
2021-06-05 09:34:25,648:INFO:create_model() succesfully completed......................................
2021-06-05 09:34:25,708:INFO:SubProcess create_model() end ==================================
2021-06-05 09:34:25,708:INFO:Creating metrics dataframe
2021-06-05 09:34:25,724:INFO:Initializing AdaBoost Regressor
2021-06-05 09:34:25,724:INFO:Total runtime is 0.3191665490468344 minutes
2021-06-05 09:34:25,730:INFO:SubProcess create_model() called ==================================
2021-06-05 09:34:25,730:INFO:Initializing create_model()
2021-06-05 09:34:25,730:INFO:create_model(estimator=ada, fold=KFold(n_splits=10, random_state=None, shuffle=False), round=4, cross_validation=True, predict=True, fit_kwargs={}, groups=None, refit=False, verbose=False, system=False, metrics=None, display=<pycaret.internal.Display.Display object at 0x7fdb20ec8050>, kwargs={})
2021-06-05 09:34:25,730:INFO:Checking exceptions
2021-06-05 09:34:25,730:INFO:Importing libraries
2021-06-05 09:34:25,731:INFO:Copying training dataset
2021-06-05 09:34:25,731:INFO:Defining folds
2021-06-05 09:34:25,731:INFO:Declaring metric variables
2021-06-05 09:34:25,736:INFO:Importing untrained model
2021-06-05 09:34:25,742:INFO:AdaBoost Regressor Imported succesfully
2021-06-05 09:34:25,752:INFO:Starting cross validation
2021-06-05 09:34:25,752:INFO:Cross validating with KFold(n_splits=10, random_state=None, shuffle=False), n_jobs=-1
2021-06-05 09:34:26,141:INFO:Calculating mean and std
2021-06-05 09:34:26,142:INFO:Creating metrics dataframe
2021-06-05 09:34:26,144:INFO:Uploading results into container
2021-06-05 09:34:26,144:INFO:Uploading model into container now
2021-06-05 09:34:26,144:INFO:create_model_container: 15
2021-06-05 09:34:26,144:INFO:master_model_container: 15
2021-06-05 09:34:26,144:INFO:display_container: 2
2021-06-05 09:34:26,145:INFO:AdaBoostRegressor(base_estimator=None, learning_rate=1.0, loss='linear',
                  n_estimators=50, random_state=123)
2021-06-05 09:34:26,145:INFO:create_model() succesfully completed......................................
2021-06-05 09:34:26,187:INFO:SubProcess create_model() end ==================================
2021-06-05 09:34:26,187:INFO:Creating metrics dataframe
2021-06-05 09:34:26,201:INFO:Initializing Gradient Boosting Regressor
2021-06-05 09:34:26,201:INFO:Total runtime is 0.3271250208218893 minutes
2021-06-05 09:34:26,206:INFO:SubProcess create_model() called ==================================
2021-06-05 09:34:26,206:INFO:Initializing create_model()
2021-06-05 09:34:26,206:INFO:create_model(estimator=gbr, fold=KFold(n_splits=10, random_state=None, shuffle=False), round=4, cross_validation=True, predict=True, fit_kwargs={}, groups=None, refit=False, verbose=False, system=False, metrics=None, display=<pycaret.internal.Display.Display object at 0x7fdb20ec8050>, kwargs={})
2021-06-05 09:34:26,206:INFO:Checking exceptions
2021-06-05 09:34:26,206:INFO:Importing libraries
2021-06-05 09:34:26,206:INFO:Copying training dataset
2021-06-05 09:34:26,207:INFO:Defining folds
2021-06-05 09:34:26,207:INFO:Declaring metric variables
2021-06-05 09:34:26,212:INFO:Importing untrained model
2021-06-05 09:34:26,217:INFO:Gradient Boosting Regressor Imported succesfully
2021-06-05 09:34:26,227:INFO:Starting cross validation
2021-06-05 09:34:26,228:INFO:Cross validating with KFold(n_splits=10, random_state=None, shuffle=False), n_jobs=-1
2021-06-05 09:34:26,875:INFO:Calculating mean and std
2021-06-05 09:34:26,875:INFO:Creating metrics dataframe
2021-06-05 09:34:26,878:INFO:Uploading results into container
2021-06-05 09:34:26,878:INFO:Uploading model into container now
2021-06-05 09:34:26,878:INFO:create_model_container: 16
2021-06-05 09:34:26,878:INFO:master_model_container: 16
2021-06-05 09:34:26,878:INFO:display_container: 2
2021-06-05 09:34:26,878:INFO:GradientBoostingRegressor(alpha=0.9, ccp_alpha=0.0, criterion='friedman_mse',
                          init=None, learning_rate=0.1, loss='ls', max_depth=3,
                          max_features=None, max_leaf_nodes=None,
                          min_impurity_decrease=0.0, min_impurity_split=None,
                          min_samples_leaf=1, min_samples_split=2,
                          min_weight_fraction_leaf=0.0, n_estimators=100,
                          n_iter_no_change=None, presort='deprecated',
                          random_state=123, subsample=1.0, tol=0.0001,
                          validation_fraction=0.1, verbose=0, warm_start=False)
2021-06-05 09:34:26,878:INFO:create_model() succesfully completed......................................
2021-06-05 09:34:26,920:INFO:SubProcess create_model() end ==================================
2021-06-05 09:34:26,920:INFO:Creating metrics dataframe
2021-06-05 09:34:26,934:INFO:Initializing Light Gradient Boosting Machine
2021-06-05 09:34:26,934:INFO:Total runtime is 0.33933530251185107 minutes
2021-06-05 09:34:26,939:INFO:SubProcess create_model() called ==================================
2021-06-05 09:34:26,939:INFO:Initializing create_model()
2021-06-05 09:34:26,939:INFO:create_model(estimator=lightgbm, fold=KFold(n_splits=10, random_state=None, shuffle=False), round=4, cross_validation=True, predict=True, fit_kwargs={}, groups=None, refit=False, verbose=False, system=False, metrics=None, display=<pycaret.internal.Display.Display object at 0x7fdb20ec8050>, kwargs={})
2021-06-05 09:34:26,939:INFO:Checking exceptions
2021-06-05 09:34:26,939:INFO:Importing libraries
2021-06-05 09:34:26,939:INFO:Copying training dataset
2021-06-05 09:34:26,940:INFO:Defining folds
2021-06-05 09:34:26,940:INFO:Declaring metric variables
2021-06-05 09:34:26,945:INFO:Importing untrained model
2021-06-05 09:34:26,950:INFO:Light Gradient Boosting Machine Imported succesfully
2021-06-05 09:34:26,960:INFO:Starting cross validation
2021-06-05 09:34:26,960:INFO:Cross validating with KFold(n_splits=10, random_state=None, shuffle=False), n_jobs=-1
2021-06-05 09:34:27,301:INFO:Calculating mean and std
2021-06-05 09:34:27,302:INFO:Creating metrics dataframe
2021-06-05 09:34:27,305:INFO:Uploading results into container
2021-06-05 09:34:27,305:INFO:Uploading model into container now
2021-06-05 09:34:27,305:INFO:create_model_container: 17
2021-06-05 09:34:27,305:INFO:master_model_container: 17
2021-06-05 09:34:27,305:INFO:display_container: 2
2021-06-05 09:34:27,306:INFO:LGBMRegressor(boosting_type='gbdt', class_weight=None, colsample_bytree=1.0,
              importance_type='split', learning_rate=0.1, max_depth=-1,
              min_child_samples=20, min_child_weight=0.001, min_split_gain=0.0,
              n_estimators=100, n_jobs=-1, num_leaves=31, objective=None,
              random_state=123, reg_alpha=0.0, reg_lambda=0.0, silent=True,
              subsample=1.0, subsample_for_bin=200000, subsample_freq=0)
2021-06-05 09:34:27,306:INFO:create_model() succesfully completed......................................
2021-06-05 09:34:27,355:INFO:SubProcess create_model() end ==================================
2021-06-05 09:34:27,355:INFO:Creating metrics dataframe
2021-06-05 09:34:27,382:INFO:Initializing create_model()
2021-06-05 09:34:27,382:INFO:create_model(estimator=Ridge(alpha=1.0, copy_X=True, fit_intercept=True, max_iter=None,
      normalize=False, random_state=123, solver='auto', tol=0.001), fold=KFold(n_splits=10, random_state=None, shuffle=False), round=4, cross_validation=False, predict=False, fit_kwargs={}, groups=None, refit=True, verbose=False, system=False, metrics=None, display=None, kwargs={})
2021-06-05 09:34:27,382:INFO:Checking exceptions
2021-06-05 09:34:27,382:INFO:Importing libraries
2021-06-05 09:34:27,382:INFO:Copying training dataset
2021-06-05 09:34:27,383:INFO:Defining folds
2021-06-05 09:34:27,383:INFO:Declaring metric variables
2021-06-05 09:34:27,383:INFO:Importing untrained model
2021-06-05 09:34:27,383:INFO:Declaring custom model
2021-06-05 09:34:27,383:INFO:Ridge Regression Imported succesfully
2021-06-05 09:34:27,383:INFO:Cross validation set to False
2021-06-05 09:34:27,383:INFO:Fitting Model
2021-06-05 09:34:27,389:INFO:Ridge(alpha=1.0, copy_X=True, fit_intercept=True, max_iter=None,
      normalize=False, random_state=123, solver='auto', tol=0.001)
2021-06-05 09:34:27,389:INFO:create_models() succesfully completed......................................
2021-06-05 09:34:27,467:INFO:create_model_container: 17
2021-06-05 09:34:27,468:INFO:master_model_container: 17
2021-06-05 09:34:27,468:INFO:display_container: 2
2021-06-05 09:34:27,468:INFO:Ridge(alpha=1.0, copy_X=True, fit_intercept=True, max_iter=None,
      normalize=False, random_state=123, solver='auto', tol=0.001)
2021-06-05 09:34:27,468:INFO:compare_models() succesfully completed......................................
2021-06-05 09:34:45,686:INFO:Initializing create_model()
2021-06-05 09:34:45,687:INFO:create_model(estimator=br, fold=None, round=4, cross_validation=True, predict=True, fit_kwargs=None, groups=None, refit=True, verbose=True, system=True, metrics=None, display=None, kwargs={})
2021-06-05 09:34:45,687:INFO:Checking exceptions
2021-06-05 09:34:45,688:INFO:Preparing display monitor
2021-06-05 09:34:45,721:INFO:Importing libraries
2021-06-05 09:34:45,722:INFO:Copying training dataset
2021-06-05 09:34:45,723:INFO:Defining folds
2021-06-05 09:34:45,723:INFO:Declaring metric variables
2021-06-05 09:34:45,731:INFO:Importing untrained model
2021-06-05 09:34:45,759:INFO:Bayesian Ridge Imported succesfully
2021-06-05 09:34:45,780:INFO:Starting cross validation
2021-06-05 09:34:45,781:INFO:Cross validating with KFold(n_splits=10, random_state=None, shuffle=False), n_jobs=-1
2021-06-05 09:34:46,130:INFO:Calculating mean and std
2021-06-05 09:34:46,135:INFO:Creating metrics dataframe
2021-06-05 09:34:46,157:INFO:Finalizing model
2021-06-05 09:34:46,169:INFO:Uploading results into container
2021-06-05 09:34:46,169:INFO:Uploading model into container now
2021-06-05 09:34:46,180:INFO:create_model_container: 18
2021-06-05 09:34:46,180:INFO:master_model_container: 18
2021-06-05 09:34:46,180:INFO:display_container: 3
2021-06-05 09:34:46,180:INFO:BayesianRidge(alpha_1=1e-06, alpha_2=1e-06, alpha_init=None,
              compute_score=False, copy_X=True, fit_intercept=True,
              lambda_1=1e-06, lambda_2=1e-06, lambda_init=None, n_iter=300,
              normalize=False, tol=0.001, verbose=False)
2021-06-05 09:34:46,181:INFO:create_model() succesfully completed......................................
2021-06-05 09:34:46,258:INFO:Initializing tune_model()
2021-06-05 09:34:46,258:INFO:tune_model(estimator=BayesianRidge(alpha_1=1e-06, alpha_2=1e-06, alpha_init=None,
              compute_score=False, copy_X=True, fit_intercept=True,
              lambda_1=1e-06, lambda_2=1e-06, lambda_init=None, n_iter=300,
              normalize=False, tol=0.001, verbose=False), fold=None, round=4, n_iter=10, custom_grid=None, optimize=R2, custom_scorer=None, search_library=scikit-learn, search_algorithm=None, early_stopping=False, early_stopping_max_iters=10, choose_better=False, fit_kwargs=None, groups=None, return_tuner=False, verbose=True, tuner_verbose=True, display=None, kwargs={})
2021-06-05 09:34:46,258:INFO:Checking exceptions
2021-06-05 09:34:46,258:INFO:Preparing display monitor
2021-06-05 09:34:46,272:INFO:Copying training dataset
2021-06-05 09:34:46,273:INFO:Checking base model
2021-06-05 09:34:46,273:INFO:Base model : Bayesian Ridge
2021-06-05 09:34:46,279:INFO:Declaring metric variables
2021-06-05 09:34:46,285:INFO:Defining Hyperparameters
2021-06-05 09:34:46,340:INFO:Tuning with n_jobs=-1
2021-06-05 09:34:46,340:INFO:Initializing RandomizedSearchCV
2021-06-05 09:34:46,608:INFO:best_params: {'actual_estimator__normalize': True, 'actual_estimator__lambda_2': 0.3, 'actual_estimator__lambda_1': 0.001, 'actual_estimator__fit_intercept': False, 'actual_estimator__compute_score': True, 'actual_estimator__alpha_2': 1e-07, 'actual_estimator__alpha_1': 0.0001}
2021-06-05 09:34:46,609:INFO:Hyperparameter search completed
2021-06-05 09:34:46,609:INFO:SubProcess create_model() called ==================================
2021-06-05 09:34:46,609:INFO:Initializing create_model()
2021-06-05 09:34:46,609:INFO:create_model(estimator=BayesianRidge(alpha_1=1e-06, alpha_2=1e-06, alpha_init=None,
              compute_score=False, copy_X=True, fit_intercept=True,
              lambda_1=1e-06, lambda_2=1e-06, lambda_init=None, n_iter=300,
              normalize=False, tol=0.001, verbose=False), fold=KFold(n_splits=10, random_state=None, shuffle=False), round=4, cross_validation=True, predict=True, fit_kwargs={}, groups=None, refit=True, verbose=True, system=False, metrics=None, display=<pycaret.internal.Display.Display object at 0x7fdb035bb450>, kwargs={'normalize': True, 'lambda_2': 0.3, 'lambda_1': 0.001, 'fit_intercept': False, 'compute_score': True, 'alpha_2': 1e-07, 'alpha_1': 0.0001})
2021-06-05 09:34:46,609:INFO:Checking exceptions
2021-06-05 09:34:46,609:INFO:Importing libraries
2021-06-05 09:34:46,609:INFO:Copying training dataset
2021-06-05 09:34:46,610:INFO:Defining folds
2021-06-05 09:34:46,610:INFO:Declaring metric variables
2021-06-05 09:34:46,616:INFO:Importing untrained model
2021-06-05 09:34:46,616:INFO:Declaring custom model
2021-06-05 09:34:46,622:INFO:Bayesian Ridge Imported succesfully
2021-06-05 09:34:46,633:INFO:Starting cross validation
2021-06-05 09:34:46,633:INFO:Cross validating with KFold(n_splits=10, random_state=None, shuffle=False), n_jobs=-1
2021-06-05 09:34:46,680:INFO:Calculating mean and std
2021-06-05 09:34:46,681:INFO:Creating metrics dataframe
2021-06-05 09:34:46,689:INFO:Finalizing model
2021-06-05 09:34:46,695:INFO:Uploading results into container
2021-06-05 09:34:46,695:INFO:Uploading model into container now
2021-06-05 09:34:46,695:INFO:create_model_container: 19
2021-06-05 09:34:46,695:INFO:master_model_container: 19
2021-06-05 09:34:46,695:INFO:display_container: 4
2021-06-05 09:34:46,695:INFO:BayesianRidge(alpha_1=0.0001, alpha_2=1e-07, alpha_init=None,
              compute_score=True, copy_X=True, fit_intercept=False,
              lambda_1=0.001, lambda_2=0.3, lambda_init=None, n_iter=300,
              normalize=True, tol=0.001, verbose=False)
2021-06-05 09:34:46,695:INFO:create_model() succesfully completed......................................
2021-06-05 09:34:46,745:INFO:SubProcess create_model() end ==================================
2021-06-05 09:34:46,754:INFO:create_model_container: 19
2021-06-05 09:34:46,754:INFO:master_model_container: 19
2021-06-05 09:34:46,754:INFO:display_container: 4
2021-06-05 09:34:46,755:INFO:BayesianRidge(alpha_1=0.0001, alpha_2=1e-07, alpha_init=None,
              compute_score=True, copy_X=True, fit_intercept=False,
              lambda_1=0.001, lambda_2=0.3, lambda_init=None, n_iter=300,
              normalize=True, tol=0.001, verbose=False)
2021-06-05 09:34:46,755:INFO:tune_model() succesfully completed......................................
2021-06-05 09:34:46,807:INFO:Initializing tune_model()
2021-06-05 09:34:46,807:INFO:tune_model(estimator=BayesianRidge(alpha_1=1e-06, alpha_2=1e-06, alpha_init=None,
              compute_score=False, copy_X=True, fit_intercept=True,
              lambda_1=1e-06, lambda_2=1e-06, lambda_init=None, n_iter=300,
              normalize=False, tol=0.001, verbose=False), fold=None, round=4, n_iter=10, custom_grid=None, optimize=R2, custom_scorer=None, search_library=scikit-learn, search_algorithm=None, early_stopping=False, early_stopping_max_iters=10, choose_better=False, fit_kwargs=None, groups=None, return_tuner=False, verbose=True, tuner_verbose=True, display=None, kwargs={})
2021-06-05 09:34:46,807:INFO:Checking exceptions
2021-06-05 09:34:46,808:INFO:Preparing display monitor
2021-06-05 09:34:46,819:INFO:Copying training dataset
2021-06-05 09:34:46,819:INFO:Checking base model
2021-06-05 09:34:46,819:INFO:Base model : Bayesian Ridge
2021-06-05 09:34:46,825:INFO:Declaring metric variables
2021-06-05 09:34:46,830:INFO:Defining Hyperparameters
2021-06-05 09:34:46,885:INFO:Tuning with n_jobs=-1
2021-06-05 09:34:46,886:INFO:Initializing RandomizedSearchCV
2021-06-05 09:34:47,173:INFO:best_params: {'actual_estimator__normalize': True, 'actual_estimator__lambda_2': 0.3, 'actual_estimator__lambda_1': 0.001, 'actual_estimator__fit_intercept': False, 'actual_estimator__compute_score': True, 'actual_estimator__alpha_2': 1e-07, 'actual_estimator__alpha_1': 0.0001}
2021-06-05 09:34:47,174:INFO:Hyperparameter search completed
2021-06-05 09:34:47,175:INFO:SubProcess create_model() called ==================================
2021-06-05 09:34:47,176:INFO:Initializing create_model()
2021-06-05 09:34:47,176:INFO:create_model(estimator=BayesianRidge(alpha_1=1e-06, alpha_2=1e-06, alpha_init=None,
              compute_score=False, copy_X=True, fit_intercept=True,
              lambda_1=1e-06, lambda_2=1e-06, lambda_init=None, n_iter=300,
              normalize=False, tol=0.001, verbose=False), fold=KFold(n_splits=10, random_state=None, shuffle=False), round=4, cross_validation=True, predict=True, fit_kwargs={}, groups=None, refit=True, verbose=True, system=False, metrics=None, display=<pycaret.internal.Display.Display object at 0x7fdb11ff0190>, kwargs={'normalize': True, 'lambda_2': 0.3, 'lambda_1': 0.001, 'fit_intercept': False, 'compute_score': True, 'alpha_2': 1e-07, 'alpha_1': 0.0001})
2021-06-05 09:34:47,176:INFO:Checking exceptions
2021-06-05 09:34:47,177:INFO:Importing libraries
2021-06-05 09:34:47,177:INFO:Copying training dataset
2021-06-05 09:34:47,179:INFO:Defining folds
2021-06-05 09:34:47,179:INFO:Declaring metric variables
2021-06-05 09:34:47,197:INFO:Importing untrained model
2021-06-05 09:34:47,198:INFO:Declaring custom model
2021-06-05 09:34:47,212:INFO:Bayesian Ridge Imported succesfully
2021-06-05 09:34:47,231:INFO:Starting cross validation
2021-06-05 09:34:47,232:INFO:Cross validating with KFold(n_splits=10, random_state=None, shuffle=False), n_jobs=-1
2021-06-05 09:34:47,287:INFO:Calculating mean and std
2021-06-05 09:34:47,288:INFO:Creating metrics dataframe
2021-06-05 09:34:47,297:INFO:Finalizing model
2021-06-05 09:34:47,304:INFO:Uploading results into container
2021-06-05 09:34:47,304:INFO:Uploading model into container now
2021-06-05 09:34:47,304:INFO:create_model_container: 20
2021-06-05 09:34:47,304:INFO:master_model_container: 20
2021-06-05 09:34:47,304:INFO:display_container: 5
2021-06-05 09:34:47,304:INFO:BayesianRidge(alpha_1=0.0001, alpha_2=1e-07, alpha_init=None,
              compute_score=True, copy_X=True, fit_intercept=False,
              lambda_1=0.001, lambda_2=0.3, lambda_init=None, n_iter=300,
              normalize=True, tol=0.001, verbose=False)
2021-06-05 09:34:47,304:INFO:create_model() succesfully completed......................................
2021-06-05 09:34:47,352:INFO:SubProcess create_model() end ==================================
2021-06-05 09:34:47,362:INFO:create_model_container: 20
2021-06-05 09:34:47,363:INFO:master_model_container: 20
2021-06-05 09:34:47,363:INFO:display_container: 5
2021-06-05 09:34:47,363:INFO:BayesianRidge(alpha_1=0.0001, alpha_2=1e-07, alpha_init=None,
              compute_score=True, copy_X=True, fit_intercept=False,
              lambda_1=0.001, lambda_2=0.3, lambda_init=None, n_iter=300,
              normalize=True, tol=0.001, verbose=False)
2021-06-05 09:34:47,363:INFO:tune_model() succesfully completed......................................
2021-06-05 09:34:47,416:INFO:Initializing tune_model()
2021-06-05 09:34:47,417:INFO:tune_model(estimator=BayesianRidge(alpha_1=1e-06, alpha_2=1e-06, alpha_init=None,
              compute_score=False, copy_X=True, fit_intercept=True,
              lambda_1=1e-06, lambda_2=1e-06, lambda_init=None, n_iter=300,
              normalize=False, tol=0.001, verbose=False), fold=None, round=4, n_iter=10, custom_grid=None, optimize=RMSE, custom_scorer=None, search_library=scikit-learn, search_algorithm=None, early_stopping=False, early_stopping_max_iters=10, choose_better=False, fit_kwargs=None, groups=None, return_tuner=False, verbose=True, tuner_verbose=True, display=None, kwargs={})
2021-06-05 09:34:47,417:INFO:Checking exceptions
2021-06-05 09:34:47,417:INFO:Preparing display monitor
2021-06-05 09:34:47,430:INFO:Copying training dataset
2021-06-05 09:34:47,431:INFO:Checking base model
2021-06-05 09:34:47,431:INFO:Base model : Bayesian Ridge
2021-06-05 09:34:47,437:INFO:Declaring metric variables
2021-06-05 09:34:47,442:INFO:Defining Hyperparameters
2021-06-05 09:34:47,501:INFO:Tuning with n_jobs=-1
2021-06-05 09:34:47,501:INFO:Initializing RandomizedSearchCV
2021-06-05 09:34:47,779:INFO:best_params: {'actual_estimator__normalize': True, 'actual_estimator__lambda_2': 0.3, 'actual_estimator__lambda_1': 0.001, 'actual_estimator__fit_intercept': False, 'actual_estimator__compute_score': True, 'actual_estimator__alpha_2': 1e-07, 'actual_estimator__alpha_1': 0.0001}
2021-06-05 09:34:47,779:INFO:Hyperparameter search completed
2021-06-05 09:34:47,779:INFO:SubProcess create_model() called ==================================
2021-06-05 09:34:47,780:INFO:Initializing create_model()
2021-06-05 09:34:47,780:INFO:create_model(estimator=BayesianRidge(alpha_1=1e-06, alpha_2=1e-06, alpha_init=None,
              compute_score=False, copy_X=True, fit_intercept=True,
              lambda_1=1e-06, lambda_2=1e-06, lambda_init=None, n_iter=300,
              normalize=False, tol=0.001, verbose=False), fold=KFold(n_splits=10, random_state=None, shuffle=False), round=4, cross_validation=True, predict=True, fit_kwargs={}, groups=None, refit=True, verbose=True, system=False, metrics=None, display=<pycaret.internal.Display.Display object at 0x7fdb03cd33d0>, kwargs={'normalize': True, 'lambda_2': 0.3, 'lambda_1': 0.001, 'fit_intercept': False, 'compute_score': True, 'alpha_2': 1e-07, 'alpha_1': 0.0001})
2021-06-05 09:34:47,780:INFO:Checking exceptions
2021-06-05 09:34:47,780:INFO:Importing libraries
2021-06-05 09:34:47,780:INFO:Copying training dataset
2021-06-05 09:34:47,780:INFO:Defining folds
2021-06-05 09:34:47,780:INFO:Declaring metric variables
2021-06-05 09:34:47,787:INFO:Importing untrained model
2021-06-05 09:34:47,787:INFO:Declaring custom model
2021-06-05 09:34:47,793:INFO:Bayesian Ridge Imported succesfully
2021-06-05 09:34:47,805:INFO:Starting cross validation
2021-06-05 09:34:47,805:INFO:Cross validating with KFold(n_splits=10, random_state=None, shuffle=False), n_jobs=-1
2021-06-05 09:34:47,856:INFO:Calculating mean and std
2021-06-05 09:34:47,857:INFO:Creating metrics dataframe
2021-06-05 09:34:47,865:INFO:Finalizing model
2021-06-05 09:34:47,872:INFO:Uploading results into container
2021-06-05 09:34:47,872:INFO:Uploading model into container now
2021-06-05 09:34:47,872:INFO:create_model_container: 21
2021-06-05 09:34:47,872:INFO:master_model_container: 21
2021-06-05 09:34:47,873:INFO:display_container: 6
2021-06-05 09:34:47,873:INFO:BayesianRidge(alpha_1=0.0001, alpha_2=1e-07, alpha_init=None,
              compute_score=True, copy_X=True, fit_intercept=False,
              lambda_1=0.001, lambda_2=0.3, lambda_init=None, n_iter=300,
              normalize=True, tol=0.001, verbose=False)
2021-06-05 09:34:47,873:INFO:create_model() succesfully completed......................................
2021-06-05 09:34:47,921:INFO:SubProcess create_model() end ==================================
2021-06-05 09:34:47,931:INFO:create_model_container: 21
2021-06-05 09:34:47,931:INFO:master_model_container: 21
2021-06-05 09:34:47,931:INFO:display_container: 6
2021-06-05 09:34:47,932:INFO:BayesianRidge(alpha_1=0.0001, alpha_2=1e-07, alpha_init=None,
              compute_score=True, copy_X=True, fit_intercept=False,
              lambda_1=0.001, lambda_2=0.3, lambda_init=None, n_iter=300,
              normalize=True, tol=0.001, verbose=False)
2021-06-05 09:34:47,932:INFO:tune_model() succesfully completed......................................
